Note that running a local entrypoint in detached mode only keeps the last triggered Modal function alive after the parent process has been killed or disconnected.
✓ Initialized. View run at 
https://modal.com/apps/tear-labs-43657/main/ap-tcFi15Da8JvqEXWrwGMhkx
✓ Created objects.
├── 🔨 Created mount 
│   /home/lev/code/CompressIt/FourierDataAnalysis/experiments/canonical/qary_lsh
│   _dataset_gl.py
├── 🔨 Created function wandb_ping.
├── 🔨 Created function make_data.
├── 🔨 Created function make_oracle_data.
├── 🔨 Created function gen_data.
├── 🔨 Created function search.
├── 🔨 Created function gl_tree.
├── 🔨 Created function stream_fit.
├── 🔨 Created function sensitivity.
├── 🔨 Created function stream_top1.
├── 🔨 Created function gl_tree_top1.
├── 🔨 Created function relabel_hidden.
├── 🔨 Created function refit_top1.
├── 🔨 Created function dl_fourier.
├── 🔨 Created function make_plain_data.
├── 🔨 Created function grad_sense.
├── 🔨 Created function deg2_exact.
├── 🔨 Created function gen_plain_data.
├── 🔨 Created function gl_tree_refit.
├── 🔨 Created function fit_deg1.
├── 🔨 Created function spectrum_deg1.
├── 🔨 Created function fit_staged_real.
├── 🔨 Created function oracle.
├── 🔨 Created function fit_staged.
├── 🔨 Created function search_csamp.
├── 🔨 Created function spectrum_deg2.
├── 🔨 Created function fit_sparse2.
├── 🔨 Created function fit_sparse3.
└── 🔨 Created function search_slots.
[deg2exact:lsh:w61] deg-1 top-1 0.1479; residual 0.5988/0.7269; n=8113 bits
[deg2exact:lsh:w61] floor 2.420e-07; max psi 3.177e-04 (1313.1x floor); counts {'2': 521400, '4': 144538, '6': 80562, '10': 47565, '30': 18578, '100': 6471, '300': 1560, '1000': 5}; debiased deg-2 mass -1.8102 (residual 0.5988)
wandb: [wandb.login()] Loaded credentials for https://api.wandb.ai from WANDB_API_KEY.
wandb: Currently logged in as: levstamb (umd-leans-well) to https://api.wandb.ai. Use `wandb login --relogin` to force relogin
wandb: WARNING Using a boolean value for 'reinit' is deprecated. Use 'return_previous' or 'finish_previous' instead.
wandb: Tracking run with wandb version 0.28.0
wandb: Run data is saved locally in /root/wandb/run-20260715_042631-1ep24bex
wandb: Run `wandb offline` to turn off syncing.
wandb: Syncing run deg2exact-lsh-w61-N1000000
wandb: ⭐️ View project at https://wandb.ai/umd-leans-well/fda-canonical-qary-lsh
wandb: 🚀 View run at https://wandb.ai/umd-leans-well/fda-canonical-qary-lsh/runs/1ep24bex
wandb: updating run metadata; uploading summary
wandb: uploading wandb-summary.json; uploading config.yaml
wandb: 
wandb: Run summary:
wandb:                deg1_top1 0.1479
wandb: deg2_total_mass_debiased -1.81016
wandb:                 encoding lsh
wandb:             enum_seconds 63.38675
wandb:                   mass_r 0.24199
wandb:                   n_bits 8113
wandb:                  n_pairs 32906328
wandb:                  n_train 1000000
wandb:         pair_noise_floor 0.0
wandb:                  psi_max 0.00032
wandb:                       +4 ...
wandb: 
wandb: 🚀 View run deg2exact-lsh-w61-N1000000 at: https://wandb.ai/umd-leans-well/fda-canonical-qary-lsh/runs/1ep24bex
wandb: ⭐️ View project at: https://wandb.ai/umd-leans-well/fda-canonical-qary-lsh
wandb: Synced 4 W&B file(s), 0 media file(s), 0 artifact file(s) and 0 other file(s)
wandb: Find logs at: ./wandb/run-20260715_042631-1ep24bex/logs
{"encoding": "lsh", "win": 61, "r": 64, "n_train": 1000000, "n_bits": 8113, "n_pairs": 32906328, "deg1_top1": 0.1479, "total_mass": 0.7268984913825989, "residual_mass": 0.598815381526947, "mass_r": 0.24198969728444286, "pair_noise_floor": 2.4198969728444285e-07, "counts_above_floor_multiple": {"2": 521400, "4": 144538, "6": 80562, "10": 47565, "30": 18578, "100": 6471, "300": 1560, "1000": 5}, "deg2_total_mass_debiased": -1.810161320504963, "psi_max": 0.00031774770468473434, "top50": [{"a": 19, "b": 43, "back_a": 0, "back_b": 0, "psi": 0.00031774770468473434, "x_floor": 1313.0629454494626}, {"a": 68, "b": 94, "back_a": 0, "back_b": 0, "psi": 0.0002884927380364388, "x_floor": 1192.1695066932323}, {"a": 9, "b": 54, "back_a": 0, "back_b": 0, "psi": 0.0002807019045576453, "x_floor": 1159.9746092813978}, {"a": 93, "b": 103, "back_a": 0, "back_b": 0, "psi": 0.0002692720154300332, "x_floor": 1112.741651614704}, {"a": 22, "b": 104, "back_a": 0, "back_b": 0, "psi": 0.0002593359095044434, "x_floor": 1071.681614608622}, {"a": 41, "b": 85, "back_a": 0, "back_b": 0, "psi": 0.0002396665804553777, "x_floor": 990.3999349760148}, {"a": 93, "b": 108, "back_a": 0, "back_b": 0, "psi": 0.00023888429859653115, "x_floor": 987.1672276846501}, {"a": 100, "b": 112, "back_a": 0, "back_b": 0, "psi": 0.00023344106739386916, "x_floor": 964.6735791378534}, {"a": 19, "b": 73, "back_a": 0, "back_b": 0, "psi": 0.0002286078524775803, "x_floor": 944.7007663672017}, {"a": 39, "b": 73, "back_a": 0, "back_b": 0, "psi": 0.0002266326337121427, "x_floor": 936.5383578531075}, {"a": 9, "b": 104, "back_a": 0, "back_b": 0, "psi": 0.0002222934563178569, "x_floor": 918.6071093620391}, {"a": 43, "b": 104, "back_a": 0, "back_b": 0, "psi": 0.0002197610738221556, "x_floor": 908.1422733623284}, {"a": 12, "b": 35, "back_a": 0, "back_b": 0, "psi": 0.00021859555272385478, "x_floor": 903.3258654268665}, {"a": 22, "b": 73, "back_a": 0, "back_b": 0, "psi": 0.00021688686683773994, "x_floor": 896.2648793382464}, {"a": 57, "b": 94, "back_a": 0, "back_b": 0, "psi": 0.00021557901345659047, "x_floor": 890.8602964331644}, {"a": 43, "b": 108, "back_a": 0, "back_b": 0, "psi": 0.00021478012786246836, "x_floor": 887.5589757443622}, {"a": 9, "b": 72, "back_a": 0, "back_b": 0, "psi": 0.00021349210874177516, "x_floor": 882.2363560826697}, {"a": 43, "b": 87, "back_a": 0, "back_b": 0, "psi": 0.00020816341566387564, "x_floor": 860.2160257227536}, {"a": 14, "b": 94, "back_a": 0, "back_b": 0, "psi": 0.0002007731527555734, "x_floor": 829.6764490745152}, {"a": 43, "b": 68, "back_a": 0, "back_b": 0, "psi": 0.00019765066099353135, "x_floor": 816.773041214255}, {"a": 94, "b": 104, "back_a": 0, "back_b": 0, "psi": 0.0001911484869197011, "x_floor": 789.9034093795271}, {"a": 43, "b": 91, "back_a": 0, "back_b": 0, "psi": 0.0001897191978059709, "x_floor": 783.9970045624239}, {"a": 78, "b": 108, "back_a": 0, "back_b": 0, "psi": 0.000187594851013273, "x_floor": 775.2183382946577}, {"a": 14, "b": 86, "back_a": 0, "back_b": 0, "psi": 0.00018753034237306565, "x_floor": 774.9517623167079}, {"a": 16, "b": 103, "back_a": 0, "back_b": 0, "psi": 0.00018593687855172902, "x_floor": 768.366920733706}, {"a": 9, "b": 91, "back_a": 0, "back_b": 0, "psi": 0.00018523400649428368, "x_floor": 765.4623670881053}, {"a": 1, "b": 78, "back_a": 0, "back_b": 0, "psi": 0.0001847081002779305, "x_floor": 763.2891083822398}, {"a": 9, "b": 79, "back_a": 0, "back_b": 0, "psi": 0.00018408012692816556, "x_floor": 760.6940667056233}, {"a": 22, "b": 91, "back_a": 0, "back_b": 0, "psi": 0.00018368521705269814, "x_floor": 759.0621382396637}, {"a": 39, "b": 108, "back_a": 0, "back_b": 0, "psi": 0.0001819844328565523, "x_floor": 752.0338051526287}, {"a": 104, "b": 113, "back_a": 0, "back_b": 0, "psi": 0.0001782362232916057, "x_floor": 736.544676454142}, {"a": 12, "b": 106, "back_a": 0, "back_b": 0, "psi": 0.00017677545838523656, "x_floor": 730.5082008406694}, {"a": 72, "b": 78, "back_a": 0, "back_b": 0, "psi": 0.00017560097330715507, "x_floor": 725.654750089413}, {"a": 67, "b": 104, "back_a": 0, "back_b": 0, "psi": 0.00017527220188640058, "x_floor": 724.2961326588203}, {"a": 79, "b": 112, "back_a": 0, "back_b": 0, "psi": 0.0001743469329085201, "x_floor": 720.4725443479804}, {"a": 16, "b": 120, "back_a": 0, "back_b": 0, "psi": 0.0001741012674756348, "x_floor": 719.4573547112227}, {"a": 9, "b": 107, "back_a": 0, "back_b": 0, "psi": 0.0001740975712891668, "x_floor": 719.4420805631516}, {"a": 78, "b": 91, "back_a": 0, "back_b": 0, "psi": 0.0001727066992316395, "x_floor": 713.694430670882}, {"a": 55, "b": 74, "back_a": 0, "back_b": 0, "psi": 0.00017203034076374024, "x_floor": 710.8994419771929}, {"a": 25, "b": 79, "back_a": 0, "back_b": 0, "psi": 0.00017088520689867437, "x_floor": 706.1672823938869}, {"a": 38, "b": 108, "back_a": 0, "back_b": 0, "psi": 0.00016966936527751386, "x_floor": 701.1429295606696}, {"a": 54, "b": 55, "back_a": 0, "back_b": 0, "psi": 0.0001692290388746187, "x_floor": 699.3233215036473}, {"a": 73, "b": 93, "back_a": 0, "back_b": 0, "psi": 0.00016877135203685611, "x_floor": 697.4319730582438}, {"a": 19, "b": 78, "back_a": 0, "back_b": 0, "psi": 0.0001683860318735242, "x_floor": 695.8396731890514}, {"a": 60, "b": 73, "back_a": 0, "back_b": 0, "psi": 0.00016807494102977216, "x_floor": 694.5541191045469}, {"a": 41, "b": 94, "back_a": 0, "back_b": 0, "psi": 0.00016649800818413496, "x_floor": 688.0375902467764}, {"a": 94, "b": 110, "back_a": 0, "back_b": 0, "psi": 0.00016585219418630004, "x_floor": 685.3688237452183}, {"a": 39, "b": 103, "back_a": 0, "back_b": 0, "psi": 0.00016504905943293124, "x_floor": 682.0499437995785}, {"a": 44, "b": 94, "back_a": 0, "back_b": 0, "psi": 0.00016477744793519378, "x_floor": 680.9275344541169}, {"a": 15, "b": 55, "back_a": 0, "back_b": 0, "psi": 0.0001643594296183437, "x_floor": 679.2001124954924}], "enum_seconds": 63.386754751205444}
{'encoding': 'lsh', 'win': 61, 'r': 64, 'n_train': 1000000, 'n_bits': 8113, 'n_pairs': 32906328, 'deg1_top1': 0.1479, 'total_mass': 0.7268984913825989, 'residual_mass': 0.598815381526947, 'mass_r': 0.24198969728444286, 'pair_noise_floor': 2.4198969728444285e-07, 'counts_above_floor_multiple': {'2': 521400, '4': 144538, '6': 80562, '10': 47565, '30': 18578, '100': 6471, '300': 1560, '1000': 5}, 'deg2_total_mass_debiased': -1.810161320504963, 'psi_max': 0.00031774770468473434, 'top50': [{'a': 19, 'b': 43, 'back_a': 0, 'back_b': 0, 'psi': 0.00031774770468473434, 'x_floor': 1313.0629454494626}, {'a': 68, 'b': 94, 'back_a': 0, 'back_b': 0, 'psi': 0.0002884927380364388, 'x_floor': 1192.1695066932323}, {'a': 9, 'b': 54, 'back_a': 0, 'back_b': 0, 'psi': 0.0002807019045576453, 'x_floor': 1159.9746092813978}, {'a': 93, 'b': 103, 'back_a': 0, 'back_b': 0, 'psi': 0.0002692720154300332, 'x_floor': 1112.741651614704}, {'a': 22, 'b': 104, 'back_a': 0, 'back_b': 0, 'psi': 0.0002593359095044434, 'x_floor': 1071.681614608622}, {'a': 41, 'b': 85, 'back_a': 0, 'back_b': 0, 'psi': 0.0002396665804553777, 'x_floor': 990.3999349760148}, {'a': 93, 'b': 108, 'back_a': 0, 'back_b': 0, 'psi': 0.00023888429859653115, 'x_floor': 987.1672276846501}, {'a': 100, 'b': 112, 'back_a': 0, 'back_b': 0, 'psi': 0.00023344106739386916, 'x_floor': 964.6735791378534}, {'a': 19, 'b': 73, 'back_a': 0, 'back_b': 0, 'psi': 0.0002286078524775803, 'x_floor': 944.7007663672017}, {'a': 39, 'b': 73, 'back_a': 0, 'back_b': 0, 'psi': 0.0002266326337121427, 'x_floor': 936.5383578531075}, {'a': 9, 'b': 104, 'back_a': 0, 'back_b': 0, 'psi': 0.0002222934563178569, 'x_floor': 918.6071093620391}, {'a': 43, 'b': 104, 'back_a': 0, 'back_b': 0, 'psi': 0.0002197610738221556, 'x_floor': 908.1422733623284}, {'a': 12, 'b': 35, 'back_a': 0, 'back_b': 0, 'psi': 0.00021859555272385478, 'x_floor': 903.3258654268665}, {'a': 22, 'b': 73, 'back_a': 0, 'back_b': 0, 'psi': 0.00021688686683773994, 'x_floor': 896.2648793382464}, {'a': 57, 'b': 94, 'back_a': 0, 'back_b': 0, 'psi': 0.00021557901345659047, 'x_floor': 890.8602964331644}, {'a': 43, 'b': 108, 'back_a': 0, 'back_b': 0, 'psi': 0.00021478012786246836, 'x_floor': 887.5589757443622}, {'a': 9, 'b': 72, 'back_a': 0, 'back_b': 0, 'psi': 0.00021349210874177516, 'x_floor': 882.2363560826697}, {'a': 43, 'b': 87, 'back_a': 0, 'back_b': 0, 'psi': 0.00020816341566387564, 'x_floor': 860.2160257227536}, {'a': 14, 'b': 94, 'back_a': 0, 'back_b': 0, 'psi': 0.0002007731527555734, 'x_floor': 829.6764490745152}, {'a': 43, 'b': 68, 'back_a': 0, 'back_b': 0, 'psi': 0.00019765066099353135, 'x_floor': 816.773041214255}, {'a': 94, 'b': 104, 'back_a': 0, 'back_b': 0, 'psi': 0.0001911484869197011, 'x_floor': 789.9034093795271}, {'a': 43, 'b': 91, 'back_a': 0, 'back_b': 0, 'psi': 0.0001897191978059709, 'x_floor': 783.9970045624239}, {'a': 78, 'b': 108, 'back_a': 0, 'back_b': 0, 'psi': 0.000187594851013273, 'x_floor': 775.2183382946577}, {'a': 14, 'b': 86, 'back_a': 0, 'back_b': 0, 'psi': 0.00018753034237306565, 'x_floor': 774.9517623167079}, {'a': 16, 'b': 103, 'back_a': 0, 'back_b': 0, 'psi': 0.00018593687855172902, 'x_floor': 768.366920733706}, {'a': 9, 'b': 91, 'back_a': 0, 'back_b': 0, 'psi': 0.00018523400649428368, 'x_floor': 765.4623670881053}, {'a': 1, 'b': 78, 'back_a': 0, 'back_b': 0, 'psi': 0.0001847081002779305, 'x_floor': 763.2891083822398}, {'a': 9, 'b': 79, 'back_a': 0, 'back_b': 0, 'psi': 0.00018408012692816556, 'x_floor': 760.6940667056233}, {'a': 22, 'b': 91, 'back_a': 0, 'back_b': 0, 'psi': 0.00018368521705269814, 'x_floor': 759.0621382396637}, {'a': 39, 'b': 108, 'back_a': 0, 'back_b': 0, 'psi': 0.0001819844328565523, 'x_floor': 752.0338051526287}, {'a': 104, 'b': 113, 'back_a': 0, 'back_b': 0, 'psi': 0.0001782362232916057, 'x_floor': 736.544676454142}, {'a': 12, 'b': 106, 'back_a': 0, 'back_b': 0, 'psi': 0.00017677545838523656, 'x_floor': 730.5082008406694}, {'a': 72, 'b': 78, 'back_a': 0, 'back_b': 0, 'psi': 0.00017560097330715507, 'x_floor': 725.654750089413}, {'a': 67, 'b': 104, 'back_a': 0, 'back_b': 0, 'psi': 0.00017527220188640058, 'x_floor': 724.2961326588203}, {'a': 79, 'b': 112, 'back_a': 0, 'back_b': 0, 'psi': 0.0001743469329085201, 'x_floor': 720.4725443479804}, {'a': 16, 'b': 120, 'back_a': 0, 'back_b': 0, 'psi': 0.0001741012674756348, 'x_floor': 719.4573547112227}, {'a': 9, 'b': 107, 'back_a': 0, 'back_b': 0, 'psi': 0.0001740975712891668, 'x_floor': 719.4420805631516}, {'a': 78, 'b': 91, 'back_a': 0, 'back_b': 0, 'psi': 0.0001727066992316395, 'x_floor': 713.694430670882}, {'a': 55, 'b': 74, 'back_a': 0, 'back_b': 0, 'psi': 0.00017203034076374024, 'x_floor': 710.8994419771929}, {'a': 25, 'b': 79, 'back_a': 0, 'back_b': 0, 'psi': 0.00017088520689867437, 'x_floor': 706.1672823938869}, {'a': 38, 'b': 108, 'back_a': 0, 'back_b': 0, 'psi': 0.00016966936527751386, 'x_floor': 701.1429295606696}, {'a': 54, 'b': 55, 'back_a': 0, 'back_b': 0, 'psi': 0.0001692290388746187, 'x_floor': 699.3233215036473}, {'a': 73, 'b': 93, 'back_a': 0, 'back_b': 0, 'psi': 0.00016877135203685611, 'x_floor': 697.4319730582438}, {'a': 19, 'b': 78, 'back_a': 0, 'back_b': 0, 'psi': 0.0001683860318735242, 'x_floor': 695.8396731890514}, {'a': 60, 'b': 73, 'back_a': 0, 'back_b': 0, 'psi': 0.00016807494102977216, 'x_floor': 694.5541191045469}, {'a': 41, 'b': 94, 'back_a': 0, 'back_b': 0, 'psi': 0.00016649800818413496, 'x_floor': 688.0375902467764}, {'a': 94, 'b': 110, 'back_a': 0, 'back_b': 0, 'psi': 0.00016585219418630004, 'x_floor': 685.3688237452183}, {'a': 39, 'b': 103, 'back_a': 0, 'back_b': 0, 'psi': 0.00016504905943293124, 'x_floor': 682.0499437995785}, {'a': 44, 'b': 94, 'back_a': 0, 'back_b': 0, 'psi': 0.00016477744793519378, 'x_floor': 680.9275344541169}, {'a': 15, 'b': 55, 'back_a': 0, 'back_b': 0, 'psi': 0.0001643594296183437, 'x_floor': 679.2001124954924}], 'enum_seconds': 63.386754751205444}
✓ App completed. View run at 
https://modal.com/apps/tear-labs-43657/main/ap-tcFi15Da8JvqEXWrwGMhkx
