Note that running a local entrypoint in detached mode only keeps the last triggered Modal function alive after the parent process has been killed or disconnected.
✓ Initialized. View run at 
https://modal.com/apps/tear-labs-43657/main/ap-3Oy8DBpgUNkoEoKTTH1yT9
✓ Created objects.
├── 🔨 Created mount 
│   /home/lev/code/CompressIt/FourierDataAnalysis/experiments/canonical/qary_lsh
│   _dataset_gl.py
├── 🔨 Created function wandb_ping.
├── 🔨 Created function make_data.
├── 🔨 Created function make_oracle_data.
├── 🔨 Created function search.
├── 🔨 Created function gl_tree.
├── 🔨 Created function gen_data.
├── 🔨 Created function relabel_hidden.
├── 🔨 Created function stream_fit.
├── 🔨 Created function stream_top1.
├── 🔨 Created function sensitivity.
├── 🔨 Created function gl_tree_top1.
├── 🔨 Created function refit_top1.
├── 🔨 Created function dl_fourier.
├── 🔨 Created function make_plain_data.
├── 🔨 Created function gen_plain_data.
├── 🔨 Created function grad_sense.
├── 🔨 Created function deg2_exact.
├── 🔨 Created function gl_tree_refit.
├── 🔨 Created function oracle.
├── 🔨 Created function search_csamp.
├── 🔨 Created function fit_deg1.
├── 🔨 Created function fit_staged_real.
├── 🔨 Created function fit_staged.
├── 🔨 Created function spectrum_deg1.
├── 🔨 Created function fit_sparse3.
├── 🔨 Created function spectrum_deg2.
├── 🔨 Created function search_slots.
└── 🔨 Created function fit_sparse2.
[deg2exact:lsh:w32] deg-1 top-1 0.1475; residual 0.6093/0.7269; n=4256 bits
[deg2exact:lsh:w32] floor 2.501e-07; max psi 3.223e-04 (1288.8x floor); counts {'2': 432893, '4': 164767, '6': 89043, '10': 48642, '30': 18439, '100': 6364, '300': 1474, '1000': 5}; debiased deg-2 mass 0.2506 (residual 0.6093)
wandb: [wandb.login()] Loaded credentials for https://api.wandb.ai from WANDB_API_KEY.
wandb: Currently logged in as: levstamb (umd-leans-well) to https://api.wandb.ai. Use `wandb login --relogin` to force relogin
wandb: WARNING Using a boolean value for 'reinit' is deprecated. Use 'return_previous' or 'finish_previous' instead.
wandb: Tracking run with wandb version 0.28.0
wandb: Run data is saved locally in /root/wandb/run-20260715_042528-il6pji5k
wandb: Run `wandb offline` to turn off syncing.
wandb: Syncing run deg2exact-lsh-w32-N1000000
wandb: ⭐️ View project at https://wandb.ai/umd-leans-well/fda-canonical-qary-lsh
wandb: 🚀 View run at https://wandb.ai/umd-leans-well/fda-canonical-qary-lsh/runs/il6pji5k
wandb: updating run metadata; uploading summary
wandb: uploading config.yaml; uploading wandb-metadata.json; uploading requirements.txt; uploading wandb-summary.json
wandb: uploading summary
wandb: 
wandb: Run summary:
wandb:                deg1_top1 0.1475
wandb: deg2_total_mass_debiased 0.25061
wandb:                 encoding lsh
wandb:             enum_seconds 5.74618
wandb:                   mass_r 0.25006
wandb:                   n_bits 4256
wandb:                  n_pairs 9054640
wandb:                  n_train 1000000
wandb:         pair_noise_floor 0.0
wandb:                  psi_max 0.00032
wandb:                       +4 ...
wandb: 
wandb: 🚀 View run deg2exact-lsh-w32-N1000000 at: https://wandb.ai/umd-leans-well/fda-canonical-qary-lsh/runs/il6pji5k
wandb: ⭐️ View project at: https://wandb.ai/umd-leans-well/fda-canonical-qary-lsh
wandb: Synced 4 W&B file(s), 0 media file(s), 0 artifact file(s) and 0 other file(s)
wandb: Find logs at: ./wandb/run-20260715_042528-il6pji5k/logs
{"encoding": "lsh", "win": 32, "r": 64, "n_train": 1000000, "n_bits": 4256, "n_pairs": 9054640, "deg1_top1": 0.1475, "total_mass": 0.7268984913825989, "residual_mass": 0.609298586845398, "mass_r": 0.25005938074415013, "pair_noise_floor": 2.5005938074415013e-07, "counts_above_floor_multiple": {"2": 432893, "4": 164767, "6": 89043, "10": 48642, "30": 18439, "100": 6364, "300": 1474, "1000": 5}, "deg2_total_mass_debiased": 0.2506054567755318, "psi_max": 0.0003222813247703016, "top50": [{"a": 19, "b": 43, "back_a": 0, "back_b": 0, "psi": 0.0003222813247703016, "x_floor": 1288.8191749144808}, {"a": 68, "b": 94, "back_a": 0, "back_b": 0, "psi": 0.0002934075309894979, "x_floor": 1173.3514260346813}, {"a": 9, "b": 54, "back_a": 0, "back_b": 0, "psi": 0.000284333189483732, "x_floor": 1137.06267942273}, {"a": 93, "b": 103, "back_a": 0, "back_b": 0, "psi": 0.0002726531820371747, "x_floor": 1090.353744081857}, {"a": 22, "b": 104, "back_a": 0, "back_b": 0, "psi": 0.00026213136152364314, "x_floor": 1048.27645635036}, {"a": 93, "b": 108, "back_a": 0, "back_b": 0, "psi": 0.0002425595885142684, "x_floor": 970.0079548803043}, {"a": 41, "b": 85, "back_a": 0, "back_b": 0, "psi": 0.0002424989070277661, "x_floor": 969.7652865735936}, {"a": 100, "b": 112, "back_a": 0, "back_b": 0, "psi": 0.0002355206961510703, "x_floor": 941.859071434096}, {"a": 19, "b": 73, "back_a": 0, "back_b": 0, "psi": 0.00023044842237140983, "x_floor": 921.5747942973378}, {"a": 39, "b": 73, "back_a": 0, "back_b": 0, "psi": 0.00022974277089815587, "x_floor": 918.7528586788699}, {"a": 9, "b": 104, "back_a": 0, "back_b": 0, "psi": 0.0002244079951196909, "x_floor": 897.4188228886937}, {"a": 43, "b": 104, "back_a": 0, "back_b": 0, "psi": 0.00022091667051427066, "x_floor": 883.4568407585675}, {"a": 12, "b": 35, "back_a": 0, "back_b": 0, "psi": 0.0002207160141551867, "x_floor": 882.6544059189434}, {"a": 22, "b": 73, "back_a": 0, "back_b": 0, "psi": 0.0002195011475123465, "x_floor": 877.796093308455}, {"a": 57, "b": 94, "back_a": 0, "back_b": 0, "psi": 0.0002180562005378306, "x_floor": 872.0176779168153}, {"a": 43, "b": 108, "back_a": 0, "back_b": 0, "psi": 0.00021767112775705755, "x_floor": 870.4777525613773}, {"a": 9, "b": 72, "back_a": 0, "back_b": 0, "psi": 0.0002156273985747248, "x_floor": 862.3047771015051}, {"a": 43, "b": 87, "back_a": 0, "back_b": 0, "psi": 0.0002102668659063056, "x_floor": 840.8677382171138}, {"a": 14, "b": 94, "back_a": 0, "back_b": 0, "psi": 0.0002033091732300818, "x_floor": 813.0435763899571}, {"a": 43, "b": 68, "back_a": 0, "back_b": 0, "psi": 0.00020024798868689686, "x_floor": 800.8017459332265}, {"a": 94, "b": 104, "back_a": 0, "back_b": 0, "psi": 0.00019318656995892525, "x_floor": 772.5627784249588}, {"a": 43, "b": 91, "back_a": 0, "back_b": 0, "psi": 0.0001903541706269607, "x_floor": 761.2358714977495}, {"a": 78, "b": 108, "back_a": 0, "back_b": 0, "psi": 0.00019011898257303983, "x_floor": 760.2953426792706}, {"a": 14, "b": 86, "back_a": 0, "back_b": 0, "psi": 0.00018935053958557546, "x_floor": 757.2223006475037}, {"a": 9, "b": 91, "back_a": 0, "back_b": 0, "psi": 0.00018813577480614185, "x_floor": 752.3643953938852}, {"a": 22, "b": 91, "back_a": 0, "back_b": 0, "psi": 0.0001873094297479838, "x_floor": 749.0598000785687}, {"a": 1, "b": 78, "back_a": 0, "back_b": 0, "psi": 0.0001871880958788097, "x_floor": 748.5745798528246}, {"a": 16, "b": 103, "back_a": 0, "back_b": 0, "psi": 0.00018716765043791384, "x_floor": 748.4928175096763}, {"a": 9, "b": 79, "back_a": 0, "back_b": 0, "psi": 0.0001850252301665023, "x_floor": 739.9251714368279}, {"a": 39, "b": 108, "back_a": 0, "back_b": 0, "psi": 0.00018410746997687966, "x_floor": 736.2550024278049}, {"a": 104, "b": 113, "back_a": 0, "back_b": 0, "psi": 0.0001803091581678018, "x_floor": 721.0653630798449}, {"a": 12, "b": 106, "back_a": 0, "back_b": 0, "psi": 0.000178141679498367, "x_floor": 712.397507217031}, {"a": 72, "b": 78, "back_a": 0, "back_b": 0, "psi": 0.00017769401893019676, "x_floor": 710.6072901620337}, {"a": 9, "b": 107, "back_a": 0, "back_b": 0, "psi": 0.00017712259432300925, "x_floor": 708.3221345102561}, {"a": 67, "b": 104, "back_a": 0, "back_b": 0, "psi": 0.00017657365242484957, "x_floor": 706.1268883390223}, {"a": 79, "b": 112, "back_a": 0, "back_b": 0, "psi": 0.00017593614757061005, "x_floor": 703.5774744664359}, {"a": 78, "b": 91, "back_a": 0, "back_b": 0, "psi": 0.00017582514556124806, "x_floor": 703.1335718660549}, {"a": 16, "b": 120, "back_a": 0, "back_b": 0, "psi": 0.00017521427071187645, "x_floor": 700.690652717996}, {"a": 55, "b": 74, "back_a": 0, "back_b": 0, "psi": 0.00017366438987664878, "x_floor": 694.4926015566464}, {"a": 25, "b": 79, "back_a": 0, "back_b": 0, "psi": 0.00017345763626508415, "x_floor": 693.665783498674}, {"a": 54, "b": 55, "back_a": 0, "back_b": 0, "psi": 0.00017152233340311795, "x_floor": 685.9264103297613}, {"a": 38, "b": 108, "back_a": 0, "back_b": 0, "psi": 0.00017113861395046115, "x_floor": 684.3918970013076}, {"a": 73, "b": 93, "back_a": 0, "back_b": 0, "psi": 0.00017023655527736992, "x_floor": 680.784519144069}, {"a": 19, "b": 78, "back_a": 0, "back_b": 0, "psi": 0.00016948810662142932, "x_floor": 677.7914354464557}, {"a": 60, "b": 73, "back_a": 0, "back_b": 0, "psi": 0.00016851625696290284, "x_floor": 673.9049599395806}, {"a": 39, "b": 103, "back_a": 0, "back_b": 0, "psi": 0.00016758861602284014, "x_floor": 670.1952773141893}, {"a": 41, "b": 94, "back_a": 0, "back_b": 0, "psi": 0.00016754497482907027, "x_floor": 670.0207539924087}, {"a": 94, "b": 110, "back_a": 0, "back_b": 0, "psi": 0.0001669482298893854, "x_floor": 667.634341061572}, {"a": 44, "b": 94, "back_a": 0, "back_b": 0, "psi": 0.0001666349999140948, "x_floor": 666.3817186870045}, {"a": 15, "b": 55, "back_a": 0, "back_b": 0, "psi": 0.0001665609161136672, "x_floor": 666.0854538549988}], "enum_seconds": 5.746181011199951}
{'encoding': 'lsh', 'win': 32, 'r': 64, 'n_train': 1000000, 'n_bits': 4256, 'n_pairs': 9054640, 'deg1_top1': 0.1475, 'total_mass': 0.7268984913825989, 'residual_mass': 0.609298586845398, 'mass_r': 0.25005938074415013, 'pair_noise_floor': 2.5005938074415013e-07, 'counts_above_floor_multiple': {'2': 432893, '4': 164767, '6': 89043, '10': 48642, '30': 18439, '100': 6364, '300': 1474, '1000': 5}, 'deg2_total_mass_debiased': 0.2506054567755318, 'psi_max': 0.0003222813247703016, 'top50': [{'a': 19, 'b': 43, 'back_a': 0, 'back_b': 0, 'psi': 0.0003222813247703016, 'x_floor': 1288.8191749144808}, {'a': 68, 'b': 94, 'back_a': 0, 'back_b': 0, 'psi': 0.0002934075309894979, 'x_floor': 1173.3514260346813}, {'a': 9, 'b': 54, 'back_a': 0, 'back_b': 0, 'psi': 0.000284333189483732, 'x_floor': 1137.06267942273}, {'a': 93, 'b': 103, 'back_a': 0, 'back_b': 0, 'psi': 0.0002726531820371747, 'x_floor': 1090.353744081857}, {'a': 22, 'b': 104, 'back_a': 0, 'back_b': 0, 'psi': 0.00026213136152364314, 'x_floor': 1048.27645635036}, {'a': 93, 'b': 108, 'back_a': 0, 'back_b': 0, 'psi': 0.0002425595885142684, 'x_floor': 970.0079548803043}, {'a': 41, 'b': 85, 'back_a': 0, 'back_b': 0, 'psi': 0.0002424989070277661, 'x_floor': 969.7652865735936}, {'a': 100, 'b': 112, 'back_a': 0, 'back_b': 0, 'psi': 0.0002355206961510703, 'x_floor': 941.859071434096}, {'a': 19, 'b': 73, 'back_a': 0, 'back_b': 0, 'psi': 0.00023044842237140983, 'x_floor': 921.5747942973378}, {'a': 39, 'b': 73, 'back_a': 0, 'back_b': 0, 'psi': 0.00022974277089815587, 'x_floor': 918.7528586788699}, {'a': 9, 'b': 104, 'back_a': 0, 'back_b': 0, 'psi': 0.0002244079951196909, 'x_floor': 897.4188228886937}, {'a': 43, 'b': 104, 'back_a': 0, 'back_b': 0, 'psi': 0.00022091667051427066, 'x_floor': 883.4568407585675}, {'a': 12, 'b': 35, 'back_a': 0, 'back_b': 0, 'psi': 0.0002207160141551867, 'x_floor': 882.6544059189434}, {'a': 22, 'b': 73, 'back_a': 0, 'back_b': 0, 'psi': 0.0002195011475123465, 'x_floor': 877.796093308455}, {'a': 57, 'b': 94, 'back_a': 0, 'back_b': 0, 'psi': 0.0002180562005378306, 'x_floor': 872.0176779168153}, {'a': 43, 'b': 108, 'back_a': 0, 'back_b': 0, 'psi': 0.00021767112775705755, 'x_floor': 870.4777525613773}, {'a': 9, 'b': 72, 'back_a': 0, 'back_b': 0, 'psi': 0.0002156273985747248, 'x_floor': 862.3047771015051}, {'a': 43, 'b': 87, 'back_a': 0, 'back_b': 0, 'psi': 0.0002102668659063056, 'x_floor': 840.8677382171138}, {'a': 14, 'b': 94, 'back_a': 0, 'back_b': 0, 'psi': 0.0002033091732300818, 'x_floor': 813.0435763899571}, {'a': 43, 'b': 68, 'back_a': 0, 'back_b': 0, 'psi': 0.00020024798868689686, 'x_floor': 800.8017459332265}, {'a': 94, 'b': 104, 'back_a': 0, 'back_b': 0, 'psi': 0.00019318656995892525, 'x_floor': 772.5627784249588}, {'a': 43, 'b': 91, 'back_a': 0, 'back_b': 0, 'psi': 0.0001903541706269607, 'x_floor': 761.2358714977495}, {'a': 78, 'b': 108, 'back_a': 0, 'back_b': 0, 'psi': 0.00019011898257303983, 'x_floor': 760.2953426792706}, {'a': 14, 'b': 86, 'back_a': 0, 'back_b': 0, 'psi': 0.00018935053958557546, 'x_floor': 757.2223006475037}, {'a': 9, 'b': 91, 'back_a': 0, 'back_b': 0, 'psi': 0.00018813577480614185, 'x_floor': 752.3643953938852}, {'a': 22, 'b': 91, 'back_a': 0, 'back_b': 0, 'psi': 0.0001873094297479838, 'x_floor': 749.0598000785687}, {'a': 1, 'b': 78, 'back_a': 0, 'back_b': 0, 'psi': 0.0001871880958788097, 'x_floor': 748.5745798528246}, {'a': 16, 'b': 103, 'back_a': 0, 'back_b': 0, 'psi': 0.00018716765043791384, 'x_floor': 748.4928175096763}, {'a': 9, 'b': 79, 'back_a': 0, 'back_b': 0, 'psi': 0.0001850252301665023, 'x_floor': 739.9251714368279}, {'a': 39, 'b': 108, 'back_a': 0, 'back_b': 0, 'psi': 0.00018410746997687966, 'x_floor': 736.2550024278049}, {'a': 104, 'b': 113, 'back_a': 0, 'back_b': 0, 'psi': 0.0001803091581678018, 'x_floor': 721.0653630798449}, {'a': 12, 'b': 106, 'back_a': 0, 'back_b': 0, 'psi': 0.000178141679498367, 'x_floor': 712.397507217031}, {'a': 72, 'b': 78, 'back_a': 0, 'back_b': 0, 'psi': 0.00017769401893019676, 'x_floor': 710.6072901620337}, {'a': 9, 'b': 107, 'back_a': 0, 'back_b': 0, 'psi': 0.00017712259432300925, 'x_floor': 708.3221345102561}, {'a': 67, 'b': 104, 'back_a': 0, 'back_b': 0, 'psi': 0.00017657365242484957, 'x_floor': 706.1268883390223}, {'a': 79, 'b': 112, 'back_a': 0, 'back_b': 0, 'psi': 0.00017593614757061005, 'x_floor': 703.5774744664359}, {'a': 78, 'b': 91, 'back_a': 0, 'back_b': 0, 'psi': 0.00017582514556124806, 'x_floor': 703.1335718660549}, {'a': 16, 'b': 120, 'back_a': 0, 'back_b': 0, 'psi': 0.00017521427071187645, 'x_floor': 700.690652717996}, {'a': 55, 'b': 74, 'back_a': 0, 'back_b': 0, 'psi': 0.00017366438987664878, 'x_floor': 694.4926015566464}, {'a': 25, 'b': 79, 'back_a': 0, 'back_b': 0, 'psi': 0.00017345763626508415, 'x_floor': 693.665783498674}, {'a': 54, 'b': 55, 'back_a': 0, 'back_b': 0, 'psi': 0.00017152233340311795, 'x_floor': 685.9264103297613}, {'a': 38, 'b': 108, 'back_a': 0, 'back_b': 0, 'psi': 0.00017113861395046115, 'x_floor': 684.3918970013076}, {'a': 73, 'b': 93, 'back_a': 0, 'back_b': 0, 'psi': 0.00017023655527736992, 'x_floor': 680.784519144069}, {'a': 19, 'b': 78, 'back_a': 0, 'back_b': 0, 'psi': 0.00016948810662142932, 'x_floor': 677.7914354464557}, {'a': 60, 'b': 73, 'back_a': 0, 'back_b': 0, 'psi': 0.00016851625696290284, 'x_floor': 673.9049599395806}, {'a': 39, 'b': 103, 'back_a': 0, 'back_b': 0, 'psi': 0.00016758861602284014, 'x_floor': 670.1952773141893}, {'a': 41, 'b': 94, 'back_a': 0, 'back_b': 0, 'psi': 0.00016754497482907027, 'x_floor': 670.0207539924087}, {'a': 94, 'b': 110, 'back_a': 0, 'back_b': 0, 'psi': 0.0001669482298893854, 'x_floor': 667.634341061572}, {'a': 44, 'b': 94, 'back_a': 0, 'back_b': 0, 'psi': 0.0001666349999140948, 'x_floor': 666.3817186870045}, {'a': 15, 'b': 55, 'back_a': 0, 'back_b': 0, 'psi': 0.0001665609161136672, 'x_floor': 666.0854538549988}], 'enum_seconds': 5.746181011199951}
✓ App completed. View run at 
https://modal.com/apps/tear-labs-43657/main/ap-3Oy8DBpgUNkoEoKTTH1yT9
