Note that running a local entrypoint in detached mode only keeps the last triggered Modal function alive after the parent process has been killed or disconnected.
вң“ Initialized. View run at 
https://modal.com/apps/tear-labs-43657/main/ap-J71wdBKgBHoSSsQduTZLnq
вң“ Created objects.
в”ңв”Җв”Җ рҹ”Ё Created mount 
в”Ӯ   /home/lev/code/CompressIt/FourierDataAnalysis/experiments/canonical/qary_lsh
в”Ӯ   _dataset_gl.py
в”ңв”Җв”Җ рҹ”Ё Created function wandb_ping.
в”ңв”Җв”Җ рҹ”Ё Created function make_data.
в”ңв”Җв”Җ рҹ”Ё Created function gen_data.
в”ңв”Җв”Җ рҹ”Ё Created function make_oracle_data.
в”ңв”Җв”Җ рҹ”Ё Created function gl_tree.
в”ңв”Җв”Җ рҹ”Ё Created function search.
в”ңв”Җв”Җ рҹ”Ё Created function stream_top1.
в”ңв”Җв”Җ рҹ”Ё Created function relabel_hidden.
в”ңв”Җв”Җ рҹ”Ё Created function stream_fit.
в”ңв”Җв”Җ рҹ”Ё Created function gl_tree_top1.
в”ңв”Җв”Җ рҹ”Ё Created function sensitivity.
в”ңв”Җв”Җ рҹ”Ё Created function dl_fourier.
в”ңв”Җв”Җ рҹ”Ё Created function refit_top1.
в”ңв”Җв”Җ рҹ”Ё Created function make_plain_data.
в”ңв”Җв”Җ рҹ”Ё Created function gen_plain_data.
в”ңв”Җв”Җ рҹ”Ё Created function search_csamp.
в”ңв”Җв”Җ рҹ”Ё Created function fit_staged.
в”ңв”Җв”Җ рҹ”Ё Created function gl_tree_refit.
в”ңв”Җв”Җ рҹ”Ё Created function deg2_fit.
в”ңв”Җв”Җ рҹ”Ё Created function fit_deg1.
в”ңв”Җв”Җ рҹ”Ё Created function fit_staged_real.
в”ңв”Җв”Җ рҹ”Ё Created function deg2_exact.
в”ңв”Җв”Җ рҹ”Ё Created function fit_sparse2.
в”ңв”Җв”Җ рҹ”Ё Created function grad_sense.
в”ңв”Җв”Җ рҹ”Ё Created function search_slots.
в”ңв”Җв”Җ рҹ”Ё Created function oracle.
в”ңв”Җв”Җ рҹ”Ё Created function fit_sparse3.
в”ңв”Җв”Җ рҹ”Ё Created function spectrum_deg1.
в””в”Җв”Җ рҹ”Ё Created function spectrum_deg2.
[deg2fit:lsh:w32] deg-1 top-1 0.1475 KL 4.6809; fitting 400000 exact pairs (psi 3.22e-04..5.29e-07)
[deg2fit:lsh:w32] MP coefficients in 61s; deg-2 captured mass 0.2329 (residual 0.6093 -> 0.3764)
[deg2fit:lsh:w32] === deg-1 + 5 pairs: TEST top-1 0.1470 KL 4.6752 (captured 0.0004)
[deg2fit:lsh:w32] === deg-1 + 100 pairs: TEST top-1 0.1504 KL 4.6218 (captured 0.0057)
[deg2fit:lsh:w32] === deg-1 + 1500 pairs: TEST top-1 0.1820 KL 4.3080 (captured 0.0518)
[deg2fit:lsh:w32] === deg-1 + 6000 pairs: TEST top-1 0.2004 KL 4.0235 (captured 0.1007)
[deg2fit:lsh:w32] === deg-1 + 18000 pairs: TEST top-1 0.2203 KL 3.7916 (captured 0.1375)
[deg2fit:lsh:w32] === deg-1 + 48000 pairs: TEST top-1 0.2281 KL 3.6268 (captured 0.1728)
[deg2fit:lsh:w32] === deg-1 + 160000 pairs: TEST top-1 0.2331 KL 3.4865 (captured 0.2354)
[deg2fit:lsh:w32] === deg-1 + 400000 pairs: TEST top-1 0.2320 KL 3.4845 (captured 0.3125)
wandb: [wandb.login()] Loaded credentials for https://api.wandb.ai from WANDB_API_KEY.
wandb: Currently logged in as: levstamb (umd-leans-well) to https://api.wandb.ai. Use `wandb login --relogin` to force relogin
wandb: WARNING Using a boolean value for 'reinit' is deprecated. Use 'return_previous' or 'finish_previous' instead.
wandb: Tracking run with wandb version 0.28.0
wandb: Run data is saved locally in /root/wandb/run-20260715_051719-5yg12x9x
wandb: Run `wandb offline` to turn off syncing.
wandb: Syncing run deg2fit-lsh-w32-N1000000
wandb: вӯҗпёҸ View project at https://wandb.ai/umd-leans-well/fda-canonical-qary-lsh
wandb: рҹҡҖ View run at https://wandb.ai/umd-leans-well/fda-canonical-qary-lsh/runs/5yg12x9x
wandb: updating run metadata; uploading summary
wandb: uploading wandb-metadata.json; uploading requirements.txt; uploading wandb-summary.json; uploading config.yaml
wandb: uploading requirements.txt; uploading wandb-summary.json; uploading config.yaml
wandb: 
wandb: Run history:
wandb:      TEST_kl в–Ҳв–Ҳв–Ҷв–„в–ғв–Ӯв–Ғв–Ғ
wandb:    TEST_top1 в–Ғв–Ғв–„в–…в–Үв–Ҳв–Ҳв–Ҳ
wandb: cum_captured в–Ғв–Ғв–Ӯв–ғв–„в–…в–Ҷв–Ҳ
wandb:        pairs в–Ғв–Ғв–Ғв–Ғв–Ғв–Ӯв–„в–Ҳ
wandb: 
wandb: Run summary:
wandb:      TEST_kl 3.48454
wandb:    TEST_top1 0.232
wandb:    best_top1 0.2331
wandb: cum_captured 0.31249
wandb:    deg1_top1 0.1475
wandb:        pairs 400000
wandb: 
wandb: рҹҡҖ View run deg2fit-lsh-w32-N1000000 at: https://wandb.ai/umd-leans-well/fda-canonical-qary-lsh/runs/5yg12x9x
wandb: вӯҗпёҸ View project at: https://wandb.ai/umd-leans-well/fda-canonical-qary-lsh
wandb: Synced 4 W&B file(s), 0 media file(s), 0 artifact file(s) and 0 other file(s)
wandb: Find logs at: ./wandb/run-20260715_051719-5yg12x9x/logs
{"encoding": "lsh", "win": 32, "n_train": 1000000, "deg1_top1": 0.1475, "deg1_kl": 4.680928541210294, "K": 400000, "pair_floor": 2.5005938074415013e-07, "ladder": [{"k": 5, "top1": 0.147, "kl": 4.675160128965229, "cum_captured": 0.00043618008597438493}, {"k": 100, "top1": 0.1504, "kl": 4.621842738485336, "cum_captured": 0.005658137467376838}, {"k": 1500, "top1": 0.182, "kl": 4.308005295731173, "cum_captured": 0.051782876025312355}, {"k": 6000, "top1": 0.2004, "kl": 4.023513342499826, "cum_captured": 0.1006918527944801}, {"k": 18000, "top1": 0.2203, "kl": 3.791628256240429, "cum_captured": 0.13750556436909153}, {"k": 48000, "top1": 0.2281, "kl": 3.626799905575119, "cum_captured": 0.1727931925098936}, {"k": 160000, "top1": 0.2331, "kl": 3.4864721902325635, "cum_captured": 0.23544785743338148}, {"k": 400000, "top1": 0.232, "kl": 3.4845397279825265, "cum_captured": 0.31248673697682083}]}
{'encoding': 'lsh', 'win': 32, 'n_train': 1000000, 'deg1_top1': 0.1475, 'deg1_kl': 4.680928541210294, 'K': 400000, 'pair_floor': 2.5005938074415013e-07, 'ladder': [{'k': 5, 'top1': 0.147, 'kl': 4.675160128965229, 'cum_captured': 0.00043618008597438493}, {'k': 100, 'top1': 0.1504, 'kl': 4.621842738485336, 'cum_captured': 0.005658137467376838}, {'k': 1500, 'top1': 0.182, 'kl': 4.308005295731173, 'cum_captured': 0.051782876025312355}, {'k': 6000, 'top1': 0.2004, 'kl': 4.023513342499826, 'cum_captured': 0.1006918527944801}, {'k': 18000, 'top1': 0.2203, 'kl': 3.791628256240429, 'cum_captured': 0.13750556436909153}, {'k': 48000, 'top1': 0.2281, 'kl': 3.626799905575119, 'cum_captured': 0.1727931925098936}, {'k': 160000, 'top1': 0.2331, 'kl': 3.4864721902325635, 'cum_captured': 0.23544785743338148}, {'k': 400000, 'top1': 0.232, 'kl': 3.4845397279825265, 'cum_captured': 0.31248673697682083}]}
вң“ App completed. View run at 
https://modal.com/apps/tear-labs-43657/main/ap-J71wdBKgBHoSSsQduTZLnq
