Note that running a local entrypoint in detached mode only keeps the last triggered Modal function alive after the parent process has been killed or disconnected.
✓ Initialized. View run at 
https://modal.com/apps/tear-labs-43657/main/ap-E4NMMJzlBjEFQ4bzTOR68H
✓ Created objects.
├── 🔨 Created mount 
│   /home/lev/code/CompressIt/FourierDataAnalysis/experiments/canonical/qary_lsh
│   _dataset_gl.py
├── 🔨 Created function make_data.
├── 🔨 Created function wandb_ping.
├── 🔨 Created function gen_data.
├── 🔨 Created function search.
├── 🔨 Created function make_oracle_data.
├── 🔨 Created function gl_tree.
├── 🔨 Created function stream_top1.
├── 🔨 Created function relabel_hidden.
├── 🔨 Created function stream_fit.
├── 🔨 Created function gl_tree_top1.
├── 🔨 Created function refit_top1.
├── 🔨 Created function dl_fourier.
├── 🔨 Created function gen_plain_data.
├── 🔨 Created function sensitivity.
├── 🔨 Created function make_plain_data.
├── 🔨 Created function deg2_exact.
├── 🔨 Created function grad_sense.
├── 🔨 Created function deg2_fit.
├── 🔨 Created function gl_tree_refit.
├── 🔨 Created function deg3_fit.
├── 🔨 Created function search_csamp.
├── 🔨 Created function fit_staged.
├── 🔨 Created function spectrum_deg2.
├── 🔨 Created function oracle.
├── 🔨 Created function fit_sparse3.
├── 🔨 Created function fourier_learn.
├── 🔨 Created function fit_staged_real.
├── 🔨 Created function fit_sparse2.
├── 🔨 Created function fit_deg1.
├── 🔨 Created function spectrum_deg1.
└── 🔨 Created function search_slots.
[deg2fit:lsh:w32] deg-1 top-1 0.1489 KL 4.6745; fitting 400000 exact pairs (psi 3.23e-04..3.85e-07)
[W715 10:16:14.048337345 CUDACachingAllocator.cpp:3933] memory allocation failed with OOM on device 0 while trying to allocate 16385048576 bytes (free: 7233404928, total: 85017624576).
[W715 10:16:14.073209186 CUDACachingAllocator.cpp:3933] memory allocation failed with OOM on device 0 while trying to allocate 16385048576 bytes (free: 15764619264, total: 85017624576).
Traceback (most recent call last):
  File "/pkg/modal/_runtime/container_io_manager.py", line 915, in handle_input_exception
    yield
  File "/pkg/modal/_container_entrypoint.py", line 189, in run_input_sync
    values = io_context.call_function_sync()
             ^^^^^^^^^^^^^^^^^^^^^^^^^^^^^^^
  File "/pkg/modal/_runtime/container_io_manager.py", line 218, in call_function_sync
    expected_value_or_values = self.finalized_function.callable(*args, **kwargs)
                               ^^^^^^^^^^^^^^^^^^^^^^^^^^^^^^^^^^^^^^^^^^^^^^^^^
  File "/root/qary_lsh_dataset_gl.py", line 3543, in deg2_fit
    C, G_t = sequential_deflate(bits_t, G_t, w_tr, idx, device=dev, block=512)
             ^^^^^^^^^^^^^^^^^^^^^^^^^^^^^^^^^^^^^^^^^^^^^^^^^^^^^^^^^^^^^^^^^
  File "/root/qary_lsh_dataset_gl.py", line 1234, in sequential_deflate
    G_t -= F @ C_b
           ~~^~~~~
torch.OutOfMemoryError: CUDA out of memory. Tried to allocate 15.26 GiB. GPU 0 has a total capacity of 79.18 GiB of which 14.68 GiB is free. Process 1 has 64.49 GiB memory in use. Of the allocated memory 46.52 GiB is allocated by PyTorch, and 17.21 GiB is reserved by PyTorch but unallocated. If reserved but unallocated memory is large try setting PYTORCH_CUDA_ALLOC_CONF=expandable_segments:True to avoid fragmentation.  See documentation for Memory Management  (https://docs.pytorch.org/docs/stable/notes/cuda.html#optimizing-memory-usage-with-pytorch-cuda-alloc-conf)
╭───────────────────── Traceback (most recent call last) ──────────────────────╮
│ /home/lev/code/CompressIt/FourierDataAnalysis/experiments/canonical/qary_lsh │
│ _dataset_gl.py:5057 in main                                                  │
│                                                                              │
│   5056 │   if stage == "deg2-fit":                                           │
│ ❱ 5057 │   │   print(deg2_fit.remote(n_train, n_test, win, 64, target_chars, │
│   5058 │   │   │   │   │   │   │     encoding if encoding != "all" else "lsh │
│                                                                              │
│ /home/lev/code/CompressIt/FourierDataAnalysis/experiments/canonical/.venv/li │
│ b/python3.12/site-packages/modal/_object.py:45 in wrapped                    │
│                                                                              │
│    44 │   │   await self.hydrate()                                           │
│ ❱  45 │   │   return await method(self, *args, **kwargs)                     │
│    46                                                                        │
│                                                                              │
│ /home/lev/code/CompressIt/FourierDataAnalysis/experiments/canonical/.venv/li │
│ b/python3.12/site-packages/modal/_functions.py:1757 in remote                │
│                                                                              │
│   1756 │   │                                                                 │
│ ❱ 1757 │   │   return await self._call_function(args, kwargs)                │
│   1758                                                                       │
│                                                                              │
│ /home/lev/code/CompressIt/FourierDataAnalysis/experiments/canonical/.venv/li │
│ b/python3.12/site-packages/modal/_functions.py:1695 in _call_function        │
│                                                                              │
│   1694 │   │                                                                 │
│ ❱ 1695 │   │   return await invocation.run_function()                        │
│   1696                                                                       │
│                                                                              │
│ /home/lev/code/CompressIt/FourierDataAnalysis/experiments/canonical/.venv/li │
│ b/python3.12/site-packages/modal/_functions.py:495 in run_function           │
│                                                                              │
│    494 │   │   │   # No more retries left.                                   │
│ ❱  495 │   │   │   return await _process_result(                             │
│    496 │   │   │   │   await_response.output.result, await_response.output.d │
│                                                                              │
│ /home/lev/code/CompressIt/FourierDataAnalysis/experiments/canonical/.venv/li │
│ b/python3.12/site-packages/modal/_utils/function_utils.py:548 in             │
│ _process_result                                                              │
│                                                                              │
│   547 │   │   │                                                              │
│ ❱ 548 │   │   │   raise exc_with_hints(exc)                                  │
│   549                                                                        │
│                                                                              │
│     ...Remote call to Modal Function (ta-01KXJM9QD4EE6QEMGBVJ5GYTPR)...      │
│                                                                              │
│ /root/qary_lsh_dataset_gl.py:3543 in deg2_fit                                │
│                                                                              │
│ ❱ 3543 C, G_t = sequential_deflate(bits_t, G_t, w_tr, idx, device=dev, block │
│                                                                              │
│                                                                              │
│ /root/qary_lsh_dataset_gl.py:1234 in sequential_deflate                      │
│                                                                              │
│ ❱ 1234 G_t -= F @ C_b                                                        │
│                                                                              │
╰──────────────────────────────────────────────────────────────────────────────╯
OutOfMemoryError: CUDA out of memory. Tried to allocate 15.26 GiB. GPU 0 has a 
total capacity of 79.18 GiB of which 14.68 GiB is free. Process 1 has 64.49 GiB 
memory in use. Of the allocated memory 46.52 GiB is allocated by PyTorch, and 
17.21 GiB is reserved by PyTorch but unallocated. If reserved but unallocated 
memory is large try setting PYTORCH_CUDA_ALLOC_CONF=expandable_segments:True to 
avoid fragmentation.  See documentation for Memory Management  
(https://docs.pytorch.org/docs/stable/notes/cuda.html#optimizing-memory-usage-wi
th-pytorch-cuda-alloc-conf)
