Note that running a local entrypoint in detached mode only keeps the last triggered Modal function alive after the parent process has been killed or disconnected.
✓ Initialized. View run at 
https://modal.com/apps/tear-labs-43657/main/ap-IHqTpnuL7piotr1luUy9RK
✓ Created objects.
├── 🔨 Created mount 
│   /home/lev/code/CompressIt/FourierDataAnalysis/experiments/canonical/qary_lsh
│   _dataset_gl.py
├── 🔨 Created function make_data.
├── 🔨 Created function gen_data.
├── 🔨 Created function search.
├── 🔨 Created function wandb_ping.
├── 🔨 Created function relabel_hidden.
├── 🔨 Created function make_oracle_data.
├── 🔨 Created function gl_tree.
├── 🔨 Created function stream_top1.
├── 🔨 Created function stream_fit.
├── 🔨 Created function gl_tree_top1.
├── 🔨 Created function refit_top1.
├── 🔨 Created function sensitivity.
├── 🔨 Created function dl_fourier.
├── 🔨 Created function gen_plain_data.
├── 🔨 Created function deg2_exact.
├── 🔨 Created function grad_sense.
├── 🔨 Created function deg2_fit.
├── 🔨 Created function make_plain_data.
├── 🔨 Created function deg3_fit.
├── 🔨 Created function gl_tree_refit.
├── 🔨 Created function oracle.
├── 🔨 Created function fit_staged_real.
├── 🔨 Created function fit_staged.
├── 🔨 Created function search_csamp.
├── 🔨 Created function fit_deg1.
├── 🔨 Created function spectrum_deg1.
├── 🔨 Created function spectrum_deg2.
├── 🔨 Created function fit_sparse2.
├── 🔨 Created function fit_sparse3.
└── 🔨 Created function search_slots.
[deg2exact:lsh:w16] deg-1 top-1 0.1465; residual 0.6195/0.7269; n=2128 bits
[deg2exact:lsh:w16] floor 2.585e-07; max psi 3.259e-04 (1260.5x floor); counts {'2': 329832, '4': 158518, '6': 97492, '10': 51500, '30': 18364, '100': 6253, '300': 1377, '1000': 5}; debiased deg-2 mass 0.7719 (residual 0.6195)
wandb: [wandb.login()] Loaded credentials for https://api.wandb.ai from WANDB_API_KEY.
wandb: Currently logged in as: levstamb (umd-leans-well) to https://api.wandb.ai. Use `wandb login --relogin` to force relogin
wandb: WARNING Using a boolean value for 'reinit' is deprecated. Use 'return_previous' or 'finish_previous' instead.
wandb: Tracking run with wandb version 0.28.0
wandb: Run data is saved locally in /root/wandb/run-20260715_053410-pf6o6rw3
wandb: Run `wandb offline` to turn off syncing.
wandb: Syncing run deg2exact-lsh-w16-N1000000
wandb: ⭐️ View project at https://wandb.ai/umd-leans-well/fda-canonical-qary-lsh
wandb: 🚀 View run at https://wandb.ai/umd-leans-well/fda-canonical-qary-lsh/runs/pf6o6rw3
wandb: updating run metadata; uploading summary
wandb: uploading wandb-summary.json; uploading config.yaml; uploading wandb-metadata.json; uploading requirements.txt
wandb: 
wandb: Run summary:
wandb:                deg1_top1 0.1465
wandb: deg2_total_mass_debiased 0.77189
wandb:                 encoding lsh
wandb:             enum_seconds 2.28216
wandb:                   mass_r 0.25852
wandb:                   n_bits 2128
wandb:                  n_pairs 2263128
wandb:                  n_train 1000000
wandb:         pair_noise_floor 0.0
wandb:                  psi_max 0.00033
wandb:                       +4 ...
wandb: 
wandb: 🚀 View run deg2exact-lsh-w16-N1000000 at: https://wandb.ai/umd-leans-well/fda-canonical-qary-lsh/runs/pf6o6rw3
wandb: ⭐️ View project at: https://wandb.ai/umd-leans-well/fda-canonical-qary-lsh
wandb: Synced 4 W&B file(s), 0 media file(s), 0 artifact file(s) and 0 other file(s)
wandb: Find logs at: ./wandb/run-20260715_053410-pf6o6rw3/logs
{"encoding": "lsh", "win": 16, "r": 64, "n_train": 1000000, "n_bits": 2128, "n_pairs": 2263128, "deg1_top1": 0.1465, "total_mass": 0.7268984913825989, "residual_mass": 0.6194679141044617, "mass_r": 0.2585155671206273, "pair_noise_floor": 2.585155671206273e-07, "counts_above_floor_multiple": {"2": 329832, "4": 158518, "6": 97492, "10": 51500, "30": 18364, "100": 6253, "300": 1377, "1000": 5}, "deg2_total_mass_debiased": 0.7718904121565369, "psi_max": 0.0003258504148107022, "top50": [{"a": 19, "b": 43, "back_a": 0, "back_b": 0, "psi": 0.0003258504148107022, "x_floor": 1260.4672841951349}, {"a": 68, "b": 94, "back_a": 0, "back_b": 0, "psi": 0.0002984634484164417, "x_floor": 1154.5279525746087}, {"a": 9, "b": 54, "back_a": 0, "back_b": 0, "psi": 0.00028755332459695637, "x_floor": 1112.3249860724231}, {"a": 93, "b": 103, "back_a": 0, "back_b": 0, "psi": 0.00027422758284956217, "x_floor": 1060.7778320815914}, {"a": 22, "b": 104, "back_a": 0, "back_b": 0, "psi": 0.0002644865890033543, "x_floor": 1023.0973397433387}, {"a": 93, "b": 108, "back_a": 0, "back_b": 0, "psi": 0.00024480457068420947, "x_floor": 946.96258879443}, {"a": 41, "b": 85, "back_a": 0, "back_b": 0, "psi": 0.0002443830017000437, "x_floor": 945.331859206803}, {"a": 100, "b": 112, "back_a": 0, "back_b": 0, "psi": 0.00023737121955491602, "x_floor": 918.2086100221384}, {"a": 39, "b": 73, "back_a": 0, "back_b": 0, "psi": 0.00023179652635008097, "x_floor": 896.6443643292133}, {"a": 19, "b": 73, "back_a": 0, "back_b": 0, "psi": 0.00023093944764696062, "x_floor": 893.3289790598983}, {"a": 9, "b": 104, "back_a": 0, "back_b": 0, "psi": 0.00022622846881859004, "x_floor": 875.1057870067391}, {"a": 12, "b": 35, "back_a": 0, "back_b": 0, "psi": 0.0002237106382381171, "x_floor": 865.3662165486935}, {"a": 22, "b": 73, "back_a": 0, "back_b": 0, "psi": 0.00022234217613004148, "x_floor": 860.0726780460893}, {"a": 43, "b": 104, "back_a": 0, "back_b": 0, "psi": 0.0002222091134171933, "x_floor": 859.5579596702087}, {"a": 57, "b": 94, "back_a": 0, "back_b": 0, "psi": 0.00022182849352248013, "x_floor": 858.0856309476001}, {"a": 43, "b": 108, "back_a": 0, "back_b": 0, "psi": 0.0002193444815929979, "x_floor": 848.4768791143955}, {"a": 9, "b": 72, "back_a": 0, "back_b": 0, "psi": 0.00021784286946058273, "x_floor": 842.6682844941942}, {"a": 43, "b": 87, "back_a": 0, "back_b": 0, "psi": 0.00021254266903270036, "x_floor": 822.1658424675243}, {"a": 14, "b": 94, "back_a": 0, "back_b": 0, "psi": 0.00020595797104761004, "x_floor": 796.6946568889095}, {"a": 43, "b": 68, "back_a": 0, "back_b": 0, "psi": 0.00020218163263052702, "x_floor": 782.0868773298514}, {"a": 94, "b": 104, "back_a": 0, "back_b": 0, "psi": 0.0001945217518368736, "x_floor": 752.4566276742119}, {"a": 78, "b": 108, "back_a": 0, "back_b": 0, "psi": 0.0001918951456900686, "x_floor": 742.2962873277469}, {"a": 22, "b": 91, "back_a": 0, "back_b": 0, "psi": 0.00019124029495287687, "x_floor": 739.7631681640325}, {"a": 43, "b": 91, "back_a": 0, "back_b": 0, "psi": 0.00019099225755780935, "x_floor": 738.803700237864}, {"a": 14, "b": 86, "back_a": 0, "back_b": 0, "psi": 0.00019087961118202657, "x_floor": 738.3679571333482}, {"a": 9, "b": 91, "back_a": 0, "back_b": 0, "psi": 0.00019016393343918025, "x_floor": 735.5995445738355}, {"a": 1, "b": 78, "back_a": 0, "back_b": 0, "psi": 0.00018964028276968747, "x_floor": 733.5739386293841}, {"a": 16, "b": 103, "back_a": 0, "back_b": 0, "psi": 0.00018784130224958062, "x_floor": 726.6150520132159}, {"a": 9, "b": 79, "back_a": 0, "back_b": 0, "psi": 0.00018642068607732654, "x_floor": 721.1197691253146}, {"a": 39, "b": 108, "back_a": 0, "back_b": 0, "psi": 0.00018610458937473595, "x_floor": 719.8970315311677}, {"a": 104, "b": 113, "back_a": 0, "back_b": 0, "psi": 0.00018257746705785394, "x_floor": 706.2532794114503}, {"a": 9, "b": 107, "back_a": 0, "back_b": 0, "psi": 0.00018037657719105482, "x_floor": 697.739711384144}, {"a": 12, "b": 106, "back_a": 0, "back_b": 0, "psi": 0.00017917167861014605, "x_floor": 693.0788756970361}, {"a": 72, "b": 78, "back_a": 0, "back_b": 0, "psi": 0.00017903180560097098, "x_floor": 692.5378134672718}, {"a": 78, "b": 91, "back_a": 0, "back_b": 0, "psi": 0.00017843020032159984, "x_floor": 690.2106604603102}, {"a": 79, "b": 112, "back_a": 0, "back_b": 0, "psi": 0.00017749554535839707, "x_floor": 686.595191675923}, {"a": 67, "b": 104, "back_a": 0, "back_b": 0, "psi": 0.00017721665790304542, "x_floor": 685.516388343273}, {"a": 16, "b": 120, "back_a": 0, "back_b": 0, "psi": 0.00017581332940608263, "x_floor": 680.0879783152302}, {"a": 25, "b": 79, "back_a": 0, "back_b": 0, "psi": 0.00017556556849740446, "x_floor": 679.1295799044972}, {"a": 55, "b": 74, "back_a": 0, "back_b": 0, "psi": 0.00017490689060650766, "x_floor": 676.5816563955448}, {"a": 54, "b": 55, "back_a": 0, "back_b": 0, "psi": 0.00017340098565910012, "x_floor": 670.756456140951}, {"a": 73, "b": 93, "back_a": 0, "back_b": 0, "psi": 0.0001720357104204595, "x_floor": 665.4752452109974}, {"a": 19, "b": 78, "back_a": 0, "back_b": 0, "psi": 0.0001713263482088223, "x_floor": 662.7312626356417}, {"a": 38, "b": 108, "back_a": 0, "back_b": 0, "psi": 0.00017107755411416292, "x_floor": 661.7688676145972}, {"a": 39, "b": 103, "back_a": 0, "back_b": 0, "psi": 0.00016961494111455977, "x_floor": 656.11113096108}, {"a": 60, "b": 73, "back_a": 0, "back_b": 0, "psi": 0.00016879034228622913, "x_floor": 652.921385610287}, {"a": 44, "b": 94, "back_a": 0, "back_b": 0, "psi": 0.00016874572611413896, "x_floor": 652.7487995931774}, {"a": 15, "b": 55, "back_a": 0, "back_b": 0, "psi": 0.00016868943930603564, "x_floor": 652.5310687666347}, {"a": 41, "b": 94, "back_a": 0, "back_b": 0, "psi": 0.00016835317364893854, "x_floor": 651.2303128359863}, {"a": 94, "b": 110, "back_a": 0, "back_b": 0, "psi": 0.0001680579734966159, "x_floor": 650.0884080926448}], "enum_seconds": 2.2821643352508545}
{'encoding': 'lsh', 'win': 16, 'r': 64, 'n_train': 1000000, 'n_bits': 2128, 'n_pairs': 2263128, 'deg1_top1': 0.1465, 'total_mass': 0.7268984913825989, 'residual_mass': 0.6194679141044617, 'mass_r': 0.2585155671206273, 'pair_noise_floor': 2.585155671206273e-07, 'counts_above_floor_multiple': {'2': 329832, '4': 158518, '6': 97492, '10': 51500, '30': 18364, '100': 6253, '300': 1377, '1000': 5}, 'deg2_total_mass_debiased': 0.7718904121565369, 'psi_max': 0.0003258504148107022, 'top50': [{'a': 19, 'b': 43, 'back_a': 0, 'back_b': 0, 'psi': 0.0003258504148107022, 'x_floor': 1260.4672841951349}, {'a': 68, 'b': 94, 'back_a': 0, 'back_b': 0, 'psi': 0.0002984634484164417, 'x_floor': 1154.5279525746087}, {'a': 9, 'b': 54, 'back_a': 0, 'back_b': 0, 'psi': 0.00028755332459695637, 'x_floor': 1112.3249860724231}, {'a': 93, 'b': 103, 'back_a': 0, 'back_b': 0, 'psi': 0.00027422758284956217, 'x_floor': 1060.7778320815914}, {'a': 22, 'b': 104, 'back_a': 0, 'back_b': 0, 'psi': 0.0002644865890033543, 'x_floor': 1023.0973397433387}, {'a': 93, 'b': 108, 'back_a': 0, 'back_b': 0, 'psi': 0.00024480457068420947, 'x_floor': 946.96258879443}, {'a': 41, 'b': 85, 'back_a': 0, 'back_b': 0, 'psi': 0.0002443830017000437, 'x_floor': 945.331859206803}, {'a': 100, 'b': 112, 'back_a': 0, 'back_b': 0, 'psi': 0.00023737121955491602, 'x_floor': 918.2086100221384}, {'a': 39, 'b': 73, 'back_a': 0, 'back_b': 0, 'psi': 0.00023179652635008097, 'x_floor': 896.6443643292133}, {'a': 19, 'b': 73, 'back_a': 0, 'back_b': 0, 'psi': 0.00023093944764696062, 'x_floor': 893.3289790598983}, {'a': 9, 'b': 104, 'back_a': 0, 'back_b': 0, 'psi': 0.00022622846881859004, 'x_floor': 875.1057870067391}, {'a': 12, 'b': 35, 'back_a': 0, 'back_b': 0, 'psi': 0.0002237106382381171, 'x_floor': 865.3662165486935}, {'a': 22, 'b': 73, 'back_a': 0, 'back_b': 0, 'psi': 0.00022234217613004148, 'x_floor': 860.0726780460893}, {'a': 43, 'b': 104, 'back_a': 0, 'back_b': 0, 'psi': 0.0002222091134171933, 'x_floor': 859.5579596702087}, {'a': 57, 'b': 94, 'back_a': 0, 'back_b': 0, 'psi': 0.00022182849352248013, 'x_floor': 858.0856309476001}, {'a': 43, 'b': 108, 'back_a': 0, 'back_b': 0, 'psi': 0.0002193444815929979, 'x_floor': 848.4768791143955}, {'a': 9, 'b': 72, 'back_a': 0, 'back_b': 0, 'psi': 0.00021784286946058273, 'x_floor': 842.6682844941942}, {'a': 43, 'b': 87, 'back_a': 0, 'back_b': 0, 'psi': 0.00021254266903270036, 'x_floor': 822.1658424675243}, {'a': 14, 'b': 94, 'back_a': 0, 'back_b': 0, 'psi': 0.00020595797104761004, 'x_floor': 796.6946568889095}, {'a': 43, 'b': 68, 'back_a': 0, 'back_b': 0, 'psi': 0.00020218163263052702, 'x_floor': 782.0868773298514}, {'a': 94, 'b': 104, 'back_a': 0, 'back_b': 0, 'psi': 0.0001945217518368736, 'x_floor': 752.4566276742119}, {'a': 78, 'b': 108, 'back_a': 0, 'back_b': 0, 'psi': 0.0001918951456900686, 'x_floor': 742.2962873277469}, {'a': 22, 'b': 91, 'back_a': 0, 'back_b': 0, 'psi': 0.00019124029495287687, 'x_floor': 739.7631681640325}, {'a': 43, 'b': 91, 'back_a': 0, 'back_b': 0, 'psi': 0.00019099225755780935, 'x_floor': 738.803700237864}, {'a': 14, 'b': 86, 'back_a': 0, 'back_b': 0, 'psi': 0.00019087961118202657, 'x_floor': 738.3679571333482}, {'a': 9, 'b': 91, 'back_a': 0, 'back_b': 0, 'psi': 0.00019016393343918025, 'x_floor': 735.5995445738355}, {'a': 1, 'b': 78, 'back_a': 0, 'back_b': 0, 'psi': 0.00018964028276968747, 'x_floor': 733.5739386293841}, {'a': 16, 'b': 103, 'back_a': 0, 'back_b': 0, 'psi': 0.00018784130224958062, 'x_floor': 726.6150520132159}, {'a': 9, 'b': 79, 'back_a': 0, 'back_b': 0, 'psi': 0.00018642068607732654, 'x_floor': 721.1197691253146}, {'a': 39, 'b': 108, 'back_a': 0, 'back_b': 0, 'psi': 0.00018610458937473595, 'x_floor': 719.8970315311677}, {'a': 104, 'b': 113, 'back_a': 0, 'back_b': 0, 'psi': 0.00018257746705785394, 'x_floor': 706.2532794114503}, {'a': 9, 'b': 107, 'back_a': 0, 'back_b': 0, 'psi': 0.00018037657719105482, 'x_floor': 697.739711384144}, {'a': 12, 'b': 106, 'back_a': 0, 'back_b': 0, 'psi': 0.00017917167861014605, 'x_floor': 693.0788756970361}, {'a': 72, 'b': 78, 'back_a': 0, 'back_b': 0, 'psi': 0.00017903180560097098, 'x_floor': 692.5378134672718}, {'a': 78, 'b': 91, 'back_a': 0, 'back_b': 0, 'psi': 0.00017843020032159984, 'x_floor': 690.2106604603102}, {'a': 79, 'b': 112, 'back_a': 0, 'back_b': 0, 'psi': 0.00017749554535839707, 'x_floor': 686.595191675923}, {'a': 67, 'b': 104, 'back_a': 0, 'back_b': 0, 'psi': 0.00017721665790304542, 'x_floor': 685.516388343273}, {'a': 16, 'b': 120, 'back_a': 0, 'back_b': 0, 'psi': 0.00017581332940608263, 'x_floor': 680.0879783152302}, {'a': 25, 'b': 79, 'back_a': 0, 'back_b': 0, 'psi': 0.00017556556849740446, 'x_floor': 679.1295799044972}, {'a': 55, 'b': 74, 'back_a': 0, 'back_b': 0, 'psi': 0.00017490689060650766, 'x_floor': 676.5816563955448}, {'a': 54, 'b': 55, 'back_a': 0, 'back_b': 0, 'psi': 0.00017340098565910012, 'x_floor': 670.756456140951}, {'a': 73, 'b': 93, 'back_a': 0, 'back_b': 0, 'psi': 0.0001720357104204595, 'x_floor': 665.4752452109974}, {'a': 19, 'b': 78, 'back_a': 0, 'back_b': 0, 'psi': 0.0001713263482088223, 'x_floor': 662.7312626356417}, {'a': 38, 'b': 108, 'back_a': 0, 'back_b': 0, 'psi': 0.00017107755411416292, 'x_floor': 661.7688676145972}, {'a': 39, 'b': 103, 'back_a': 0, 'back_b': 0, 'psi': 0.00016961494111455977, 'x_floor': 656.11113096108}, {'a': 60, 'b': 73, 'back_a': 0, 'back_b': 0, 'psi': 0.00016879034228622913, 'x_floor': 652.921385610287}, {'a': 44, 'b': 94, 'back_a': 0, 'back_b': 0, 'psi': 0.00016874572611413896, 'x_floor': 652.7487995931774}, {'a': 15, 'b': 55, 'back_a': 0, 'back_b': 0, 'psi': 0.00016868943930603564, 'x_floor': 652.5310687666347}, {'a': 41, 'b': 94, 'back_a': 0, 'back_b': 0, 'psi': 0.00016835317364893854, 'x_floor': 651.2303128359863}, {'a': 94, 'b': 110, 'back_a': 0, 'back_b': 0, 'psi': 0.0001680579734966159, 'x_floor': 650.0884080926448}], 'enum_seconds': 2.2821643352508545}
✓ App completed. View run at 
https://modal.com/apps/tear-labs-43657/main/ap-IHqTpnuL7piotr1luUy9RK
