Note that running a local entrypoint in detached mode only keeps the last triggered Modal function alive after the parent process has been killed or disconnected.
✓ Initialized. View run at 
https://modal.com/apps/tear-labs-43657/main/ap-oYsHM7cs6f7vxN3IsXpBxa
✓ Created objects.
├── 🔨 Created mount 
│   /home/lev/code/CompressIt/FourierDataAnalysis/experiments/canonical/qary_lsh
│   _dataset_gl.py
├── 🔨 Created function wandb_ping.
├── 🔨 Created function make_data.
├── 🔨 Created function gen_data.
├── 🔨 Created function search.
├── 🔨 Created function make_oracle_data.
├── 🔨 Created function gl_tree.
├── 🔨 Created function relabel_hidden.
├── 🔨 Created function stream_top1.
├── 🔨 Created function stream_fit.
├── 🔨 Created function sensitivity.
├── 🔨 Created function gl_tree_top1.
├── 🔨 Created function refit_top1.
├── 🔨 Created function dl_fourier.
├── 🔨 Created function make_plain_data.
├── 🔨 Created function gen_plain_data.
├── 🔨 Created function grad_sense.
├── 🔨 Created function deg2_exact.
├── 🔨 Created function deg2_fit.
├── 🔨 Created function deg3_fit.
├── 🔨 Created function fourier_learn.
├── 🔨 Created function gl_tree_refit.
├── 🔨 Created function oracle.
├── 🔨 Created function search_csamp.
├── 🔨 Created function fit_staged.
├── 🔨 Created function fit_staged_real.
├── 🔨 Created function fit_deg1.
├── 🔨 Created function spectrum_deg1.
├── 🔨 Created function spectrum_deg2.
├── 🔨 Created function fit_sparse2.
├── 🔨 Created function fit_sparse3.
└── 🔨 Created function search_slots.
[deg2exact:ctrl:w32] deg-1 top-1 0.1243; residual 0.6467/0.7269; n=4256 bits
[deg2exact:ctrl:w32] floor 2.833e-07; max psi 3.013e-04 (1063.7x floor); counts {'2': 625756, '4': 245011, '6': 131847, '10': 60053, '30': 22784, '100': 8340, '300': 1963, '1000': 2}; debiased deg-2 mass 1.4939 (residual 0.6467)
wandb: [wandb.login()] Loaded credentials for https://api.wandb.ai from WANDB_API_KEY.
wandb: Currently logged in as: levstamb (umd-leans-well) to https://api.wandb.ai. Use `wandb login --relogin` to force relogin
wandb: WARNING Using a boolean value for 'reinit' is deprecated. Use 'return_previous' or 'finish_previous' instead.
wandb: setting up run 3n2jdhzx
wandb: Tracking run with wandb version 0.28.0
wandb: Run data is saved locally in /root/wandb/run-20260715_064740-3n2jdhzx
wandb: Run `wandb offline` to turn off syncing.
wandb: Syncing run deg2exact-ctrl-w32-N1000000
wandb: ⭐️ View project at https://wandb.ai/umd-leans-well/fda-canonical-qary-lsh
wandb: 🚀 View run at https://wandb.ai/umd-leans-well/fda-canonical-qary-lsh/runs/3n2jdhzx
wandb: updating run metadata; uploading summary
wandb: uploading summary
wandb: 
wandb: Run summary:
wandb:                deg1_top1 0.1243
wandb: deg2_total_mass_debiased 1.4939
wandb:                 encoding ctrl
wandb:             enum_seconds 5.69958
wandb:                   mass_r 0.28326
wandb:                   n_bits 4256
wandb:                  n_pairs 9054640
wandb:                  n_train 1000000
wandb:         pair_noise_floor 0.0
wandb:                  psi_max 0.0003
wandb:                       +4 ...
wandb: 
wandb: 🚀 View run deg2exact-ctrl-w32-N1000000 at: https://wandb.ai/umd-leans-well/fda-canonical-qary-lsh/runs/3n2jdhzx
wandb: ⭐️ View project at: https://wandb.ai/umd-leans-well/fda-canonical-qary-lsh
wandb: Synced 4 W&B file(s), 0 media file(s), 0 artifact file(s) and 0 other file(s)
wandb: Find logs at: ./wandb/run-20260715_064740-3n2jdhzx/logs
{"encoding": "ctrl", "win": 32, "r": 64, "n_train": 1000000, "n_bits": 4256, "n_pairs": 9054640, "deg1_top1": 0.1243, "total_mass": 0.7268984913825989, "residual_mass": 0.6466892957687378, "mass_r": 0.283261836353748, "pair_noise_floor": 2.83261836353748e-07, "counts_above_floor_multiple": {"2": 625756, "4": 245011, "6": 131847, "10": 60053, "30": 22784, "100": 8340, "300": 1963, "1000": 2}, "deg2_total_mass_debiased": 1.4939023449045439, "psi_max": 0.0003013094828929752, "top50": [{"a": 43, "b": 102, "back_a": 0, "back_b": 0, "psi": 0.0003013094828929752, "x_floor": 1063.7136536694927}, {"a": 72, "b": 107, "back_a": 0, "back_b": 0, "psi": 0.00029242393793538213, "x_floor": 1032.3449911204846}, {"a": 4, "b": 97, "back_a": 0, "back_b": 0, "psi": 0.00027874967781826854, "x_floor": 984.0707149485379}, {"a": 29, "b": 132, "back_a": 0, "back_b": 0, "psi": 0.0002754025626927614, "x_floor": 972.2543856872705}, {"a": 0, "b": 14, "back_a": 0, "back_b": 0, "psi": 0.0002666418731678277, "x_floor": 941.3265005979674}, {"a": 48, "b": 55, "back_a": 0, "back_b": 0, "psi": 0.00026456397608853877, "x_floor": 933.9908951170582}, {"a": 9, "b": 105, "back_a": 0, "back_b": 0, "psi": 0.0002645552158355713, "x_floor": 933.9599687731488}, {"a": 74, "b": 122, "back_a": 0, "back_b": 0, "psi": 0.0002551619545556605, "x_floor": 900.7989139666688}, {"a": 12, "b": 100, "back_a": 0, "back_b": 0, "psi": 0.0002490887709427625, "x_floor": 879.3587380111844}, {"a": 0, "b": 108, "back_a": 0, "back_b": 0, "psi": 0.00024876766838133335, "x_floor": 878.2251488007123}, {"a": 87, "b": 116, "back_a": 0, "back_b": 0, "psi": 0.00024654349545016885, "x_floor": 870.3731452982465}, {"a": 29, "b": 71, "back_a": 0, "back_b": 0, "psi": 0.00024565483909100294, "x_floor": 867.2359194346956}, {"a": 4, "b": 16, "back_a": 0, "back_b": 0, "psi": 0.00024339600349776447, "x_floor": 859.2615462458642}, {"a": 46, "b": 49, "back_a": 0, "back_b": 0, "psi": 0.00024011690402403474, "x_floor": 847.685332817541}, {"a": 32, "b": 76, "back_a": 0, "back_b": 0, "psi": 0.00023760076146572828, "x_floor": 838.8025881785344}, {"a": 33, "b": 56, "back_a": 0, "back_b": 0, "psi": 0.00023272870748769492, "x_floor": 821.6027633071424}, {"a": 47, "b": 95, "back_a": 0, "back_b": 0, "psi": 0.00022670536418445408, "x_floor": 800.3385387268899}, {"a": 69, "b": 112, "back_a": 0, "back_b": 0, "psi": 0.00022600902593694627, "x_floor": 797.8802539947447}, {"a": 55, "b": 99, "back_a": 0, "back_b": 0, "psi": 0.00022518439800478518, "x_floor": 794.9690678541194}, {"a": 15, "b": 127, "back_a": 0, "back_b": 0, "psi": 0.00022106763208284974, "x_floor": 780.435638377957}, {"a": 106, "b": 108, "back_a": 0, "back_b": 0, "psi": 0.00021897706028539687, "x_floor": 773.0552873064414}, {"a": 48, "b": 49, "back_a": 0, "back_b": 0, "psi": 0.00021862465655431151, "x_floor": 771.8111954950572}, {"a": 14, "b": 106, "back_a": 0, "back_b": 0, "psi": 0.00021769010345451534, "x_floor": 768.5119402483001}, {"a": 76, "b": 93, "back_a": 0, "back_b": 0, "psi": 0.00021736336930189282, "x_floor": 767.3584698167433}, {"a": 37, "b": 89, "back_a": 0, "back_b": 0, "psi": 0.0002163394819945097, "x_floor": 763.7438377838405}, {"a": 35, "b": 75, "back_a": 0, "back_b": 0, "psi": 0.00021516563720069826, "x_floor": 759.599810445313}, {"a": 15, "b": 76, "back_a": 0, "back_b": 0, "psi": 0.00021428827312774956, "x_floor": 756.5024497692599}, {"a": 69, "b": 104, "back_a": 0, "back_b": 0, "psi": 0.0002112901711370796, "x_floor": 745.9182424885945}, {"a": 4, "b": 131, "back_a": 0, "back_b": 0, "psi": 0.00020983439753763378, "x_floor": 740.7789211518939}, {"a": 32, "b": 88, "back_a": 0, "back_b": 0, "psi": 0.00020940876856911927, "x_floor": 739.2763220937456}, {"a": 32, "b": 67, "back_a": 0, "back_b": 0, "psi": 0.00020666528143920004, "x_floor": 729.5909823203599}, {"a": 50, "b": 72, "back_a": 0, "back_b": 0, "psi": 0.00020622984447982162, "x_floor": 728.0537580864725}, {"a": 5, "b": 47, "back_a": 0, "back_b": 0, "psi": 0.0002057880483334884, "x_floor": 726.4940839982855}, {"a": 27, "b": 38, "back_a": 0, "back_b": 0, "psi": 0.00020495947683230042, "x_floor": 723.5689758656346}, {"a": 12, "b": 14, "back_a": 0, "back_b": 0, "psi": 0.00020421849330887198, "x_floor": 720.9530797994131}, {"a": 61, "b": 94, "back_a": 0, "back_b": 0, "psi": 0.00020393752492964268, "x_floor": 719.9611763970839}, {"a": 66, "b": 98, "back_a": 0, "back_b": 0, "psi": 0.00020296800357755274, "x_floor": 716.5384726380107}, {"a": 13, "b": 98, "back_a": 0, "back_b": 0, "psi": 0.0002024953719228506, "x_floor": 714.8699398741693}, {"a": 24, "b": 77, "back_a": 0, "back_b": 0, "psi": 0.0002000487147597596, "x_floor": 706.2324997072012}, {"a": 110, "b": 111, "back_a": 0, "back_b": 0, "psi": 0.00019995993352495134, "x_floor": 705.9190750822991}, {"a": 5, "b": 17, "back_a": 0, "back_b": 0, "psi": 0.00019983157108072191, "x_floor": 705.4659168104973}, {"a": 25, "b": 42, "back_a": 0, "back_b": 0, "psi": 0.00019979424541816115, "x_floor": 705.3341459265646}, {"a": 18, "b": 108, "back_a": 0, "back_b": 0, "psi": 0.000199595233425498, "x_floor": 704.6315733695802}, {"a": 117, "b": 127, "back_a": 0, "back_b": 0, "psi": 0.00019925310334656388, "x_floor": 703.4237506591927}, {"a": 78, "b": 130, "back_a": 0, "back_b": 0, "psi": 0.0001982873072847724, "x_floor": 700.0141983021806}, {"a": 38, "b": 85, "back_a": 0, "back_b": 0, "psi": 0.00019777582201641053, "x_floor": 698.2085005246547}, {"a": 30, "b": 38, "back_a": 0, "back_b": 0, "psi": 0.00019693421199917793, "x_floor": 695.2373624847899}, {"a": 21, "b": 74, "back_a": 0, "back_b": 0, "psi": 0.0001964013063115999, "x_floor": 693.3560441454125}, {"a": 38, "b": 69, "back_a": 0, "back_b": 0, "psi": 0.0001960782683454454, "x_floor": 692.2156223705882}, {"a": 13, "b": 107, "back_a": 0, "back_b": 0, "psi": 0.00019594459445215762, "x_floor": 691.7437130763166}], "enum_seconds": 5.699577808380127}
{'encoding': 'ctrl', 'win': 32, 'r': 64, 'n_train': 1000000, 'n_bits': 4256, 'n_pairs': 9054640, 'deg1_top1': 0.1243, 'total_mass': 0.7268984913825989, 'residual_mass': 0.6466892957687378, 'mass_r': 0.283261836353748, 'pair_noise_floor': 2.83261836353748e-07, 'counts_above_floor_multiple': {'2': 625756, '4': 245011, '6': 131847, '10': 60053, '30': 22784, '100': 8340, '300': 1963, '1000': 2}, 'deg2_total_mass_debiased': 1.4939023449045439, 'psi_max': 0.0003013094828929752, 'top50': [{'a': 43, 'b': 102, 'back_a': 0, 'back_b': 0, 'psi': 0.0003013094828929752, 'x_floor': 1063.7136536694927}, {'a': 72, 'b': 107, 'back_a': 0, 'back_b': 0, 'psi': 0.00029242393793538213, 'x_floor': 1032.3449911204846}, {'a': 4, 'b': 97, 'back_a': 0, 'back_b': 0, 'psi': 0.00027874967781826854, 'x_floor': 984.0707149485379}, {'a': 29, 'b': 132, 'back_a': 0, 'back_b': 0, 'psi': 0.0002754025626927614, 'x_floor': 972.2543856872705}, {'a': 0, 'b': 14, 'back_a': 0, 'back_b': 0, 'psi': 0.0002666418731678277, 'x_floor': 941.3265005979674}, {'a': 48, 'b': 55, 'back_a': 0, 'back_b': 0, 'psi': 0.00026456397608853877, 'x_floor': 933.9908951170582}, {'a': 9, 'b': 105, 'back_a': 0, 'back_b': 0, 'psi': 0.0002645552158355713, 'x_floor': 933.9599687731488}, {'a': 74, 'b': 122, 'back_a': 0, 'back_b': 0, 'psi': 0.0002551619545556605, 'x_floor': 900.7989139666688}, {'a': 12, 'b': 100, 'back_a': 0, 'back_b': 0, 'psi': 0.0002490887709427625, 'x_floor': 879.3587380111844}, {'a': 0, 'b': 108, 'back_a': 0, 'back_b': 0, 'psi': 0.00024876766838133335, 'x_floor': 878.2251488007123}, {'a': 87, 'b': 116, 'back_a': 0, 'back_b': 0, 'psi': 0.00024654349545016885, 'x_floor': 870.3731452982465}, {'a': 29, 'b': 71, 'back_a': 0, 'back_b': 0, 'psi': 0.00024565483909100294, 'x_floor': 867.2359194346956}, {'a': 4, 'b': 16, 'back_a': 0, 'back_b': 0, 'psi': 0.00024339600349776447, 'x_floor': 859.2615462458642}, {'a': 46, 'b': 49, 'back_a': 0, 'back_b': 0, 'psi': 0.00024011690402403474, 'x_floor': 847.685332817541}, {'a': 32, 'b': 76, 'back_a': 0, 'back_b': 0, 'psi': 0.00023760076146572828, 'x_floor': 838.8025881785344}, {'a': 33, 'b': 56, 'back_a': 0, 'back_b': 0, 'psi': 0.00023272870748769492, 'x_floor': 821.6027633071424}, {'a': 47, 'b': 95, 'back_a': 0, 'back_b': 0, 'psi': 0.00022670536418445408, 'x_floor': 800.3385387268899}, {'a': 69, 'b': 112, 'back_a': 0, 'back_b': 0, 'psi': 0.00022600902593694627, 'x_floor': 797.8802539947447}, {'a': 55, 'b': 99, 'back_a': 0, 'back_b': 0, 'psi': 0.00022518439800478518, 'x_floor': 794.9690678541194}, {'a': 15, 'b': 127, 'back_a': 0, 'back_b': 0, 'psi': 0.00022106763208284974, 'x_floor': 780.435638377957}, {'a': 106, 'b': 108, 'back_a': 0, 'back_b': 0, 'psi': 0.00021897706028539687, 'x_floor': 773.0552873064414}, {'a': 48, 'b': 49, 'back_a': 0, 'back_b': 0, 'psi': 0.00021862465655431151, 'x_floor': 771.8111954950572}, {'a': 14, 'b': 106, 'back_a': 0, 'back_b': 0, 'psi': 0.00021769010345451534, 'x_floor': 768.5119402483001}, {'a': 76, 'b': 93, 'back_a': 0, 'back_b': 0, 'psi': 0.00021736336930189282, 'x_floor': 767.3584698167433}, {'a': 37, 'b': 89, 'back_a': 0, 'back_b': 0, 'psi': 0.0002163394819945097, 'x_floor': 763.7438377838405}, {'a': 35, 'b': 75, 'back_a': 0, 'back_b': 0, 'psi': 0.00021516563720069826, 'x_floor': 759.599810445313}, {'a': 15, 'b': 76, 'back_a': 0, 'back_b': 0, 'psi': 0.00021428827312774956, 'x_floor': 756.5024497692599}, {'a': 69, 'b': 104, 'back_a': 0, 'back_b': 0, 'psi': 0.0002112901711370796, 'x_floor': 745.9182424885945}, {'a': 4, 'b': 131, 'back_a': 0, 'back_b': 0, 'psi': 0.00020983439753763378, 'x_floor': 740.7789211518939}, {'a': 32, 'b': 88, 'back_a': 0, 'back_b': 0, 'psi': 0.00020940876856911927, 'x_floor': 739.2763220937456}, {'a': 32, 'b': 67, 'back_a': 0, 'back_b': 0, 'psi': 0.00020666528143920004, 'x_floor': 729.5909823203599}, {'a': 50, 'b': 72, 'back_a': 0, 'back_b': 0, 'psi': 0.00020622984447982162, 'x_floor': 728.0537580864725}, {'a': 5, 'b': 47, 'back_a': 0, 'back_b': 0, 'psi': 0.0002057880483334884, 'x_floor': 726.4940839982855}, {'a': 27, 'b': 38, 'back_a': 0, 'back_b': 0, 'psi': 0.00020495947683230042, 'x_floor': 723.5689758656346}, {'a': 12, 'b': 14, 'back_a': 0, 'back_b': 0, 'psi': 0.00020421849330887198, 'x_floor': 720.9530797994131}, {'a': 61, 'b': 94, 'back_a': 0, 'back_b': 0, 'psi': 0.00020393752492964268, 'x_floor': 719.9611763970839}, {'a': 66, 'b': 98, 'back_a': 0, 'back_b': 0, 'psi': 0.00020296800357755274, 'x_floor': 716.5384726380107}, {'a': 13, 'b': 98, 'back_a': 0, 'back_b': 0, 'psi': 0.0002024953719228506, 'x_floor': 714.8699398741693}, {'a': 24, 'b': 77, 'back_a': 0, 'back_b': 0, 'psi': 0.0002000487147597596, 'x_floor': 706.2324997072012}, {'a': 110, 'b': 111, 'back_a': 0, 'back_b': 0, 'psi': 0.00019995993352495134, 'x_floor': 705.9190750822991}, {'a': 5, 'b': 17, 'back_a': 0, 'back_b': 0, 'psi': 0.00019983157108072191, 'x_floor': 705.4659168104973}, {'a': 25, 'b': 42, 'back_a': 0, 'back_b': 0, 'psi': 0.00019979424541816115, 'x_floor': 705.3341459265646}, {'a': 18, 'b': 108, 'back_a': 0, 'back_b': 0, 'psi': 0.000199595233425498, 'x_floor': 704.6315733695802}, {'a': 117, 'b': 127, 'back_a': 0, 'back_b': 0, 'psi': 0.00019925310334656388, 'x_floor': 703.4237506591927}, {'a': 78, 'b': 130, 'back_a': 0, 'back_b': 0, 'psi': 0.0001982873072847724, 'x_floor': 700.0141983021806}, {'a': 38, 'b': 85, 'back_a': 0, 'back_b': 0, 'psi': 0.00019777582201641053, 'x_floor': 698.2085005246547}, {'a': 30, 'b': 38, 'back_a': 0, 'back_b': 0, 'psi': 0.00019693421199917793, 'x_floor': 695.2373624847899}, {'a': 21, 'b': 74, 'back_a': 0, 'back_b': 0, 'psi': 0.0001964013063115999, 'x_floor': 693.3560441454125}, {'a': 38, 'b': 69, 'back_a': 0, 'back_b': 0, 'psi': 0.0001960782683454454, 'x_floor': 692.2156223705882}, {'a': 13, 'b': 107, 'back_a': 0, 'back_b': 0, 'psi': 0.00019594459445215762, 'x_floor': 691.7437130763166}], 'enum_seconds': 5.699577808380127}
✓ App completed. View run at 
https://modal.com/apps/tear-labs-43657/main/ap-oYsHM7cs6f7vxN3IsXpBxa
