Note that running a local entrypoint in detached mode only keeps the last triggered Modal function alive after the parent process has been killed or disconnected.
✓ Initialized. View run at 
https://modal.com/apps/tear-labs-43657/main/ap-Ak4jr0Xjjv3C7SDCmbvopy
✓ Created objects.
├── 🔨 Created mount 
│   /home/lev/code/CompressIt/FourierDataAnalysis/experiments/canonical/qary_lsh
│   _dataset_gl.py
├── 🔨 Created function make_data.
├── 🔨 Created function gen_data.
├── 🔨 Created function search.
├── 🔨 Created function make_oracle_data.
├── 🔨 Created function wandb_ping.
├── 🔨 Created function gl_tree.
├── 🔨 Created function stream_fit.
├── 🔨 Created function relabel_hidden.
├── 🔨 Created function sensitivity.
├── 🔨 Created function stream_top1.
├── 🔨 Created function gen_plain_data.
├── 🔨 Created function make_plain_data.
├── 🔨 Created function dl_fourier.
├── 🔨 Created function grad_sense.
├── 🔨 Created function gl_tree_top1.
├── 🔨 Created function refit_top1.
├── 🔨 Created function deg2_exact.
├── 🔨 Created function deg2_fit.
├── 🔨 Created function fourier_learn.
├── 🔨 Created function deg3_fit.
├── 🔨 Created function oracle.
├── 🔨 Created function search_csamp.
├── 🔨 Created function fit_staged.
├── 🔨 Created function fit_deg1.
├── 🔨 Created function spectrum_deg1.
├── 🔨 Created function fit_sparse2.
├── 🔨 Created function gl_tree_refit.
├── 🔨 Created function fit_staged_real.
├── 🔨 Created function spectrum_deg2.
├── 🔨 Created function fit_sparse3.
└── 🔨 Created function search_slots.
[deg2exact:lsh:w32] deg-1 top-1 0.1489; residual 0.6110/0.7267; n=4256 bits
[deg2exact:lsh:w32] floor 6.269e-08; max psi 3.227e-04 (5147.9x floor); counts {'2': 1214608, '4': 585785, '6': 408392, '10': 251219, '30': 61480, '100': 21315, '300': 7943, '1000': 2202}; debiased deg-2 mass 0.9276 (residual 0.6110)
wandb: [wandb.login()] Loaded credentials for https://api.wandb.ai from WANDB_API_KEY.
wandb: Currently logged in as: levstamb (umd-leans-well) to https://api.wandb.ai. Use `wandb login --relogin` to force relogin
wandb: WARNING Using a boolean value for 'reinit' is deprecated. Use 'return_previous' or 'finish_previous' instead.
wandb: Tracking run with wandb version 0.28.0
wandb: Run data is saved locally in /root/wandb/run-20260715_101307-r0z8fmj4
wandb: Run `wandb offline` to turn off syncing.
wandb: Syncing run deg2exact-lsh-w32-N4000000
wandb: ⭐️ View project at https://wandb.ai/umd-leans-well/fda-canonical-qary-lsh
wandb: 🚀 View run at https://wandb.ai/umd-leans-well/fda-canonical-qary-lsh/runs/r0z8fmj4
wandb: updating run metadata; uploading summary
wandb: uploading summary
wandb: 
wandb: Run summary:
wandb:                deg1_top1 0.1489
wandb: deg2_total_mass_debiased 0.92762
wandb:                 encoding lsh
wandb:             enum_seconds 21.08237
wandb:                   mass_r 0.25077
wandb:                   n_bits 4256
wandb:                  n_pairs 9054640
wandb:                  n_train 4000000
wandb:         pair_noise_floor 0.0
wandb:                  psi_max 0.00032
wandb:                       +4 ...
wandb: 
wandb: 🚀 View run deg2exact-lsh-w32-N4000000 at: https://wandb.ai/umd-leans-well/fda-canonical-qary-lsh/runs/r0z8fmj4
wandb: ⭐️ View project at: https://wandb.ai/umd-leans-well/fda-canonical-qary-lsh
wandb: Synced 4 W&B file(s), 0 media file(s), 0 artifact file(s) and 0 other file(s)
wandb: Find logs at: ./wandb/run-20260715_101307-r0z8fmj4/logs
{"encoding": "lsh", "win": 32, "r": 64, "n_train": 4000000, "n_bits": 4256, "n_pairs": 9054640, "deg1_top1": 0.1489, "total_mass": 0.7266661524772644, "residual_mass": 0.611009955406189, "mass_r": 0.2507737094274691, "pair_noise_floor": 6.269342735686728e-08, "counts_above_floor_multiple": {"2": 1214608, "4": 585785, "6": 408392, "10": 251219, "30": 61480, "100": 21315, "300": 7943, "1000": 2202}, "deg2_total_mass_debiased": 0.9276153748500886, "psi_max": 0.0003227388660889119, "top50": [{"a": 19, "b": 43, "back_a": 0, "back_b": 0, "psi": 0.0003227388660889119, "x_floor": 5147.889973406596}, {"a": 68, "b": 94, "back_a": 0, "back_b": 0, "psi": 0.00029723794432356954, "x_floor": 4741.1340686738}, {"a": 9, "b": 54, "back_a": 0, "back_b": 0, "psi": 0.00028606579871848226, "x_floor": 4562.931247802443}, {"a": 93, "b": 103, "back_a": 0, "back_b": 0, "psi": 0.00027404387947171926, "x_floor": 4371.173997423849}, {"a": 22, "b": 104, "back_a": 0, "back_b": 0, "psi": 0.0002633705735206604, "x_floor": 4200.92798598307}, {"a": 41, "b": 85, "back_a": 0, "back_b": 0, "psi": 0.00025063726934604347, "x_floor": 3997.8236940110323}, {"a": 100, "b": 112, "back_a": 0, "back_b": 0, "psi": 0.00024015270173549652, "x_floor": 3830.5881790205044}, {"a": 93, "b": 108, "back_a": 0, "back_b": 0, "psi": 0.00023908191360533237, "x_floor": 3813.508427995426}, {"a": 19, "b": 73, "back_a": 0, "back_b": 0, "psi": 0.00023586387396790087, "x_floor": 3762.178651125618}, {"a": 39, "b": 73, "back_a": 0, "back_b": 0, "psi": 0.0002358008350711316, "x_floor": 3761.1731406689883}, {"a": 9, "b": 104, "back_a": 0, "back_b": 0, "psi": 0.00022681444534100592, "x_floor": 3617.834514771687}, {"a": 57, "b": 94, "back_a": 0, "back_b": 0, "psi": 0.00022481492487713695, "x_floor": 3585.9408929333526}, {"a": 22, "b": 73, "back_a": 0, "back_b": 0, "psi": 0.00022416224237531424, "x_floor": 3575.5301923329935}, {"a": 43, "b": 104, "back_a": 0, "back_b": 0, "psi": 0.00022165168775245547, "x_floor": 3535.4852509618986}, {"a": 12, "b": 35, "back_a": 0, "back_b": 0, "psi": 0.00022037044982425869, "x_floor": 3515.048691944258}, {"a": 9, "b": 72, "back_a": 0, "back_b": 0, "psi": 0.00021785844000987709, "x_floor": 3474.9805393437855}, {"a": 43, "b": 108, "back_a": 0, "back_b": 0, "psi": 0.00021522853057831526, "x_floor": 3433.0318129391544}, {"a": 43, "b": 87, "back_a": 0, "back_b": 0, "psi": 0.00021398623357526958, "x_floor": 3413.216386419653}, {"a": 14, "b": 94, "back_a": 0, "back_b": 0, "psi": 0.00020493501506280154, "x_floor": 3268.8437002535875}, {"a": 43, "b": 68, "back_a": 0, "back_b": 0, "psi": 0.00020478919032029808, "x_floor": 3266.5177029576766}, {"a": 43, "b": 91, "back_a": 0, "back_b": 0, "psi": 0.00019630652968771756, "x_floor": 3131.2138762216614}, {"a": 94, "b": 104, "back_a": 0, "back_b": 0, "psi": 0.00019426675862632692, "x_floor": 3098.6782317787483}, {"a": 1, "b": 78, "back_a": 0, "back_b": 0, "psi": 0.0001940265647135675, "x_floor": 3094.846986257712}, {"a": 78, "b": 108, "back_a": 0, "back_b": 0, "psi": 0.00019301442080177367, "x_floor": 3078.702647776543}, {"a": 9, "b": 91, "back_a": 0, "back_b": 0, "psi": 0.00019300477288197726, "x_floor": 3078.548757325771}, {"a": 16, "b": 103, "back_a": 0, "back_b": 0, "psi": 0.00019145867554470897, "x_floor": 3053.8875224491467}, {"a": 14, "b": 86, "back_a": 0, "back_b": 0, "psi": 0.00018995067512150854, "x_floor": 3029.833957557623}, {"a": 22, "b": 91, "back_a": 0, "back_b": 0, "psi": 0.00018723320681601763, "x_floor": 2986.488611481353}, {"a": 39, "b": 108, "back_a": 0, "back_b": 0, "psi": 0.00018551104585640132, "x_floor": 2959.019049962355}, {"a": 9, "b": 79, "back_a": 0, "back_b": 0, "psi": 0.00018412971985526383, "x_floor": 2936.9860225881353}, {"a": 104, "b": 113, "back_a": 0, "back_b": 0, "psi": 0.00018348681624047458, "x_floor": 2926.7313014491924}, {"a": 72, "b": 78, "back_a": 0, "back_b": 0, "psi": 0.0001829798420658335, "x_floor": 2918.644741246394}, {"a": 79, "b": 112, "back_a": 0, "back_b": 0, "psi": 0.00018149604147765785, "x_floor": 2894.977179099417}, {"a": 9, "b": 107, "back_a": 0, "back_b": 0, "psi": 0.00017924464191310108, "x_floor": 2859.065925568146}, {"a": 12, "b": 106, "back_a": 0, "back_b": 0, "psi": 0.00017890840535983443, "x_floor": 2853.7027389082}, {"a": 55, "b": 74, "back_a": 0, "back_b": 0, "psi": 0.0001765917695593089, "x_floor": 2816.7509259639396}, {"a": 67, "b": 104, "back_a": 0, "back_b": 0, "psi": 0.0001763482578098774, "x_floor": 2812.8667588399226}, {"a": 25, "b": 79, "back_a": 0, "back_b": 0, "psi": 0.00017575445235706866, "x_floor": 2803.3951845801735}, {"a": 78, "b": 91, "back_a": 0, "back_b": 0, "psi": 0.00017573140212334692, "x_floor": 2803.0275187068355}, {"a": 16, "b": 120, "back_a": 0, "back_b": 0, "psi": 0.0001733552198857069, "x_floor": 2765.125902256451}, {"a": 39, "b": 103, "back_a": 0, "back_b": 0, "psi": 0.00017324357759207487, "x_floor": 2763.3451367386156}, {"a": 73, "b": 93, "back_a": 0, "back_b": 0, "psi": 0.00017324071086477488, "x_floor": 2763.299410616742}, {"a": 54, "b": 55, "back_a": 0, "back_b": 0, "psi": 0.0001731913653202355, "x_floor": 2762.512317828554}, {"a": 60, "b": 73, "back_a": 0, "back_b": 0, "psi": 0.00017003921675495803, "x_floor": 2712.2335454249555}, {"a": 19, "b": 78, "back_a": 0, "back_b": 0, "psi": 0.00016929215053096414, "x_floor": 2700.3173644871767}, {"a": 41, "b": 94, "back_a": 0, "back_b": 0, "psi": 0.00016889629478100687, "x_floor": 2694.003213759638}, {"a": 38, "b": 108, "back_a": 0, "back_b": 0, "psi": 0.00016787933418527246, "x_floor": 2677.78204610923}, {"a": 41, "b": 65, "back_a": 0, "back_b": 0, "psi": 0.00016756137483753264, "x_floor": 2672.7103924902644}, {"a": 44, "b": 94, "back_a": 0, "back_b": 0, "psi": 0.0001674870727583766, "x_floor": 2671.5252271182535}, {"a": 14, "b": 43, "back_a": 0, "back_b": 0, "psi": 0.0001673648221185431, "x_floor": 2669.5752517382566}], "enum_seconds": 21.082372426986694}
{'encoding': 'lsh', 'win': 32, 'r': 64, 'n_train': 4000000, 'n_bits': 4256, 'n_pairs': 9054640, 'deg1_top1': 0.1489, 'total_mass': 0.7266661524772644, 'residual_mass': 0.611009955406189, 'mass_r': 0.2507737094274691, 'pair_noise_floor': 6.269342735686728e-08, 'counts_above_floor_multiple': {'2': 1214608, '4': 585785, '6': 408392, '10': 251219, '30': 61480, '100': 21315, '300': 7943, '1000': 2202}, 'deg2_total_mass_debiased': 0.9276153748500886, 'psi_max': 0.0003227388660889119, 'top50': [{'a': 19, 'b': 43, 'back_a': 0, 'back_b': 0, 'psi': 0.0003227388660889119, 'x_floor': 5147.889973406596}, {'a': 68, 'b': 94, 'back_a': 0, 'back_b': 0, 'psi': 0.00029723794432356954, 'x_floor': 4741.1340686738}, {'a': 9, 'b': 54, 'back_a': 0, 'back_b': 0, 'psi': 0.00028606579871848226, 'x_floor': 4562.931247802443}, {'a': 93, 'b': 103, 'back_a': 0, 'back_b': 0, 'psi': 0.00027404387947171926, 'x_floor': 4371.173997423849}, {'a': 22, 'b': 104, 'back_a': 0, 'back_b': 0, 'psi': 0.0002633705735206604, 'x_floor': 4200.92798598307}, {'a': 41, 'b': 85, 'back_a': 0, 'back_b': 0, 'psi': 0.00025063726934604347, 'x_floor': 3997.8236940110323}, {'a': 100, 'b': 112, 'back_a': 0, 'back_b': 0, 'psi': 0.00024015270173549652, 'x_floor': 3830.5881790205044}, {'a': 93, 'b': 108, 'back_a': 0, 'back_b': 0, 'psi': 0.00023908191360533237, 'x_floor': 3813.508427995426}, {'a': 19, 'b': 73, 'back_a': 0, 'back_b': 0, 'psi': 0.00023586387396790087, 'x_floor': 3762.178651125618}, {'a': 39, 'b': 73, 'back_a': 0, 'back_b': 0, 'psi': 0.0002358008350711316, 'x_floor': 3761.1731406689883}, {'a': 9, 'b': 104, 'back_a': 0, 'back_b': 0, 'psi': 0.00022681444534100592, 'x_floor': 3617.834514771687}, {'a': 57, 'b': 94, 'back_a': 0, 'back_b': 0, 'psi': 0.00022481492487713695, 'x_floor': 3585.9408929333526}, {'a': 22, 'b': 73, 'back_a': 0, 'back_b': 0, 'psi': 0.00022416224237531424, 'x_floor': 3575.5301923329935}, {'a': 43, 'b': 104, 'back_a': 0, 'back_b': 0, 'psi': 0.00022165168775245547, 'x_floor': 3535.4852509618986}, {'a': 12, 'b': 35, 'back_a': 0, 'back_b': 0, 'psi': 0.00022037044982425869, 'x_floor': 3515.048691944258}, {'a': 9, 'b': 72, 'back_a': 0, 'back_b': 0, 'psi': 0.00021785844000987709, 'x_floor': 3474.9805393437855}, {'a': 43, 'b': 108, 'back_a': 0, 'back_b': 0, 'psi': 0.00021522853057831526, 'x_floor': 3433.0318129391544}, {'a': 43, 'b': 87, 'back_a': 0, 'back_b': 0, 'psi': 0.00021398623357526958, 'x_floor': 3413.216386419653}, {'a': 14, 'b': 94, 'back_a': 0, 'back_b': 0, 'psi': 0.00020493501506280154, 'x_floor': 3268.8437002535875}, {'a': 43, 'b': 68, 'back_a': 0, 'back_b': 0, 'psi': 0.00020478919032029808, 'x_floor': 3266.5177029576766}, {'a': 43, 'b': 91, 'back_a': 0, 'back_b': 0, 'psi': 0.00019630652968771756, 'x_floor': 3131.2138762216614}, {'a': 94, 'b': 104, 'back_a': 0, 'back_b': 0, 'psi': 0.00019426675862632692, 'x_floor': 3098.6782317787483}, {'a': 1, 'b': 78, 'back_a': 0, 'back_b': 0, 'psi': 0.0001940265647135675, 'x_floor': 3094.846986257712}, {'a': 78, 'b': 108, 'back_a': 0, 'back_b': 0, 'psi': 0.00019301442080177367, 'x_floor': 3078.702647776543}, {'a': 9, 'b': 91, 'back_a': 0, 'back_b': 0, 'psi': 0.00019300477288197726, 'x_floor': 3078.548757325771}, {'a': 16, 'b': 103, 'back_a': 0, 'back_b': 0, 'psi': 0.00019145867554470897, 'x_floor': 3053.8875224491467}, {'a': 14, 'b': 86, 'back_a': 0, 'back_b': 0, 'psi': 0.00018995067512150854, 'x_floor': 3029.833957557623}, {'a': 22, 'b': 91, 'back_a': 0, 'back_b': 0, 'psi': 0.00018723320681601763, 'x_floor': 2986.488611481353}, {'a': 39, 'b': 108, 'back_a': 0, 'back_b': 0, 'psi': 0.00018551104585640132, 'x_floor': 2959.019049962355}, {'a': 9, 'b': 79, 'back_a': 0, 'back_b': 0, 'psi': 0.00018412971985526383, 'x_floor': 2936.9860225881353}, {'a': 104, 'b': 113, 'back_a': 0, 'back_b': 0, 'psi': 0.00018348681624047458, 'x_floor': 2926.7313014491924}, {'a': 72, 'b': 78, 'back_a': 0, 'back_b': 0, 'psi': 0.0001829798420658335, 'x_floor': 2918.644741246394}, {'a': 79, 'b': 112, 'back_a': 0, 'back_b': 0, 'psi': 0.00018149604147765785, 'x_floor': 2894.977179099417}, {'a': 9, 'b': 107, 'back_a': 0, 'back_b': 0, 'psi': 0.00017924464191310108, 'x_floor': 2859.065925568146}, {'a': 12, 'b': 106, 'back_a': 0, 'back_b': 0, 'psi': 0.00017890840535983443, 'x_floor': 2853.7027389082}, {'a': 55, 'b': 74, 'back_a': 0, 'back_b': 0, 'psi': 0.0001765917695593089, 'x_floor': 2816.7509259639396}, {'a': 67, 'b': 104, 'back_a': 0, 'back_b': 0, 'psi': 0.0001763482578098774, 'x_floor': 2812.8667588399226}, {'a': 25, 'b': 79, 'back_a': 0, 'back_b': 0, 'psi': 0.00017575445235706866, 'x_floor': 2803.3951845801735}, {'a': 78, 'b': 91, 'back_a': 0, 'back_b': 0, 'psi': 0.00017573140212334692, 'x_floor': 2803.0275187068355}, {'a': 16, 'b': 120, 'back_a': 0, 'back_b': 0, 'psi': 0.0001733552198857069, 'x_floor': 2765.125902256451}, {'a': 39, 'b': 103, 'back_a': 0, 'back_b': 0, 'psi': 0.00017324357759207487, 'x_floor': 2763.3451367386156}, {'a': 73, 'b': 93, 'back_a': 0, 'back_b': 0, 'psi': 0.00017324071086477488, 'x_floor': 2763.299410616742}, {'a': 54, 'b': 55, 'back_a': 0, 'back_b': 0, 'psi': 0.0001731913653202355, 'x_floor': 2762.512317828554}, {'a': 60, 'b': 73, 'back_a': 0, 'back_b': 0, 'psi': 0.00017003921675495803, 'x_floor': 2712.2335454249555}, {'a': 19, 'b': 78, 'back_a': 0, 'back_b': 0, 'psi': 0.00016929215053096414, 'x_floor': 2700.3173644871767}, {'a': 41, 'b': 94, 'back_a': 0, 'back_b': 0, 'psi': 0.00016889629478100687, 'x_floor': 2694.003213759638}, {'a': 38, 'b': 108, 'back_a': 0, 'back_b': 0, 'psi': 0.00016787933418527246, 'x_floor': 2677.78204610923}, {'a': 41, 'b': 65, 'back_a': 0, 'back_b': 0, 'psi': 0.00016756137483753264, 'x_floor': 2672.7103924902644}, {'a': 44, 'b': 94, 'back_a': 0, 'back_b': 0, 'psi': 0.0001674870727583766, 'x_floor': 2671.5252271182535}, {'a': 14, 'b': 43, 'back_a': 0, 'back_b': 0, 'psi': 0.0001673648221185431, 'x_floor': 2669.5752517382566}], 'enum_seconds': 21.082372426986694}
[modal-client] 2026-07-15T10:13:22+0000 Timed out waiting for final app logs.
✓ App completed. View run at 
https://modal.com/apps/tear-labs-43657/main/ap-Ak4jr0Xjjv3C7SDCmbvopy
