Note that running a local entrypoint in detached mode only keeps the last triggered Modal function alive after the parent process has been killed or disconnected.
✓ Initialized. View run at 
https://modal.com/apps/tear-labs-43657/main/ap-bLZLQLPmRqqfDWxuKXxYTw
✓ Created objects.
├── 🔨 Created mount 
│   /home/lev/code/CompressIt/FourierDataAnalysis/experiments/canonical/qary_lsh
│   _dataset_gl.py
├── 🔨 Created function wandb_ping.
├── 🔨 Created function search.
├── 🔨 Created function make_data.
├── 🔨 Created function make_oracle_data.
├── 🔨 Created function gen_data.
├── 🔨 Created function gl_tree.
├── 🔨 Created function relabel_hidden.
├── 🔨 Created function stream_top1.
├── 🔨 Created function sensitivity.
├── 🔨 Created function dl_fourier.
├── 🔨 Created function gl_tree_top1.
├── 🔨 Created function gen_plain_data.
├── 🔨 Created function stream_fit.
├── 🔨 Created function make_plain_data.
├── 🔨 Created function deg2_exact.
├── 🔨 Created function refit_top1.
├── 🔨 Created function deg3_fit.
├── 🔨 Created function deg2_fit.
├── 🔨 Created function grad_sense.
├── 🔨 Created function search_csamp.
├── 🔨 Created function gl_tree_refit.
├── 🔨 Created function fit_staged_real.
├── 🔨 Created function oracle.
├── 🔨 Created function fit_deg1.
├── 🔨 Created function fit_staged.
├── 🔨 Created function spectrum_deg1.
├── 🔨 Created function spectrum_deg2.
├── 🔨 Created function fit_sparse3.
├── 🔨 Created function search_slots.
└── 🔨 Created function fit_sparse2.
[deg3fit:lsh:w32] deg-1+160000 pairs base: top-1 0.2334 KL 3.4862 (residual 0.4447)
[deg3fit:lsh:w32] 5075198 distinct triples above 4.0x floor (809091 local, 4266107 far; 204s); fitting top 2500000 staged local-first
[deg3fit:lsh:w32] === deg-1+2 + 1000 triples: TEST top-1 0.2338 KL 3.4808 (captured 0.0018)
[deg3fit:lsh:w32] === deg-1+2 + 5000 triples: TEST top-1 0.2350 KL 3.4517 (captured 0.0083)
[deg3fit:lsh:w32] === deg-1+2 + 20000 triples: TEST top-1 0.2403 KL 3.3643 (captured 0.0262)
[deg3fit:lsh:w32] === deg-1+2 + 50000 triples: TEST top-1 0.2445 KL 3.2693 (captured 0.0470)
[deg3fit:lsh:w32] === deg-1+2 + 100000 triples: TEST top-1 0.2499 KL 3.2006 (captured 0.0665)
[deg3fit:lsh:w32] === deg-1+2 + 200000 triples: TEST top-1 0.2538 KL 3.1369 (captured 0.0904)
[deg3fit:lsh:w32] === deg-1+2 + 500000 triples: TEST top-1 0.2610 KL 3.0876 (captured 0.1487)
[deg3fit:lsh:w32] === deg-1+2 + 1000000 triples: TEST top-1 0.2642 KL 3.0891 (captured 0.2127)
[deg3fit:lsh:w32] === deg-1+2 + 2000000 triples: TEST top-1 0.2562 KL 3.1924 (captured 0.3083)
[deg3fit:lsh:w32] === deg-1+2 + 2500000 triples: TEST top-1 0.2542 KL 3.2396 (captured 0.3462)
[deg3fit:lsh:w32] SPARSITY pairs {"N_eff": 18443.43564821527, "k50": 8982, "k90": 103320, "k99": 152479, "total_energy": 0.23543958985722213} triples {"N_eff": 854763.690175041, "k50": 496323, "k90": 1523821, "k99": 1946589, "total_energy": 0.346208373715527}
[deg3fit:lsh:w32] deg-4: 3456368 distinct quads above 4.0x floor (128s); fitting top 2500000
[deg3fit:lsh:w32] === deg-1+2+3 + 5000 quads: TEST top-1 0.2544 KL 3.2395
[deg3fit:lsh:w32] === deg-1+2+3 + 20000 quads: TEST top-1 0.2543 KL 3.2375
[deg3fit:lsh:w32] === deg-1+2+3 + 50000 quads: TEST top-1 0.2543 KL 3.2353
[deg3fit:lsh:w32] === deg-1+2+3 + 100000 quads: TEST top-1 0.2540 KL 3.2323
[deg3fit:lsh:w32] === deg-1+2+3 + 200000 quads: TEST top-1 0.2546 KL 3.2287
[deg3fit:lsh:w32] === deg-1+2+3 + 2500000 quads: TEST top-1 0.2549 KL 3.2150
[deg3fit:lsh:w32] DIAG {"copy_share": 0.345, "acc_copy": 0.3820289855072464, "acc_nocopy": 0.18793893129770992, "top5": 0.4768, "top20": 0.6331, "rare_copy_share_of_rare": 0.1717527386541471, "acc_rare_copy": 0.03189066059225513, "acc_rare_nocopy": 0.03920642418516769, "acc_conf_0.00": 0.18172757475083057, "share_conf_0.00": 0.301, "acc_conf_0.25": 0.23151934570619692, "share_conf_0.25": 0.3179, "acc_conf_0.50": 0.29063756461803564, "share_conf_0.50": 0.1741, "acc_conf_0.75": 0.3671497584541063, "share_conf_0.75": 0.207, "acc_freq_rare": 0.037949921752738654, "share_freq_rare": 0.2556, "acc_freq_mid": 0.1890798786653185, "share_freq_mid": 0.3956, "acc_freq_common": 0.48853211009174313, "share_freq_common": 0.3488}
wandb: [wandb.login()] Loaded credentials for https://api.wandb.ai from WANDB_API_KEY.
wandb: Currently logged in as: levstamb (umd-leans-well) to https://api.wandb.ai. Use `wandb login --relogin` to force relogin
wandb: WARNING Using a boolean value for 'reinit' is deprecated. Use 'return_previous' or 'finish_previous' instead.
wandb: Tracking run with wandb version 0.28.0
wandb: Run data is saved locally in /root/wandb/run-20260715_061854-p267zne2
wandb: Run `wandb offline` to turn off syncing.
wandb: Syncing run deg3fit-lsh-w32-N1000000
wandb: ⭐️ View project at https://wandb.ai/umd-leans-well/fda-canonical-qary-lsh
wandb: 🚀 View run at https://wandb.ai/umd-leans-well/fda-canonical-qary-lsh/runs/p267zne2
wandb: updating run metadata; uploading summary
wandb: uploading wandb-summary.json; uploading config.yaml; uploading wandb-metadata.json; uploading requirements.txt
wandb: 
wandb: Run history:
wandb:   TEST_kl █▇▆▄▃▂▁▁▃▄
wandb: TEST_top1 ▁▁▂▃▅▆▇█▆▆
wandb:   triples ▁▁▁▁▁▂▂▄▇█
wandb: 
wandb: Run summary:
wandb:         TEST_kl 3.23964
wandb:       TEST_top1 0.2542
wandb:       base_top1 0.2334
wandb: n_triples_found 5075198
wandb:         triples 2500000
wandb: 
wandb: 🚀 View run deg3fit-lsh-w32-N1000000 at: https://wandb.ai/umd-leans-well/fda-canonical-qary-lsh/runs/p267zne2
wandb: ⭐️ View project at: https://wandb.ai/umd-leans-well/fda-canonical-qary-lsh
wandb: Synced 4 W&B file(s), 0 media file(s), 0 artifact file(s) and 0 other file(s)
wandb: Find logs at: ./wandb/run-20260715_061854-p267zne2/logs
{"encoding": "lsh", "win": 32, "n_pairs": 160000, "base_top1": 0.2334, "base_kl": 3.4862337197176907, "n_triples_found": 5075198, "blocks": 4, "ladder": [{"k": 1000, "top1": 0.2338, "kl": 3.4808171724521495, "cum_captured": 0.0017954258636748168}, {"k": 5000, "top1": 0.235, "kl": 3.451729228186939, "cum_captured": 0.008335012647574988}, {"k": 20000, "top1": 0.2403, "kl": 3.3642775809812884, "cum_captured": 0.026169217817005975}, {"k": 50000, "top1": 0.2445, "kl": 3.2692688630114253, "cum_captured": 0.04698320674631801}, {"k": 100000, "top1": 0.2499, "kl": 3.2006442834291664, "cum_captured": 0.06648374861472355}, {"k": 200000, "top1": 0.2538, "kl": 3.136894520491769, "cum_captured": 0.09037100769804028}, {"k": 500000, "top1": 0.261, "kl": 3.0875564690141064, "cum_captured": 0.14872103818292226}, {"k": 1000000, "top1": 0.2642, "kl": 3.089075937902945, "cum_captured": 0.2126518722327428}, {"k": 2000000, "top1": 0.2562, "kl": 3.19240025392854, "cum_captured": 0.30827802815793304}, {"k": 2500000, "top1": 0.2542, "kl": 3.239643227543158, "cum_captured": 0.3462083737089458}], "deg3_captured": 0.2604004591703415, "sparsity_pairs": {"N_eff": 18443.43564821527, "k50": 8982, "k90": 103320, "k99": 152479, "total_energy": 0.23543958985722213}, "sparsity_triples": {"N_eff": 854763.690175041, "k50": 496323, "k90": 1523821, "k99": 1946589, "total_energy": 0.346208373715527}, "n_quads_found": 3456368, "ladder4": [{"k": 5000, "top1": 0.2544, "kl": 3.239460649851861}, {"k": 20000, "top1": 0.2543, "kl": 3.2375256818069205}, {"k": 50000, "top1": 0.2543, "kl": 3.235250547376176}, {"k": 100000, "top1": 0.254, "kl": 3.2322756179660295}, {"k": 200000, "top1": 0.2546, "kl": 3.228745990666293}, {"k": 2500000, "top1": 0.2549, "kl": 3.2150304798647236}], "diag": {"copy_share": 0.345, "acc_copy": 0.3820289855072464, "acc_nocopy": 0.18793893129770992, "top5": 0.4768, "top20": 0.6331, "rare_copy_share_of_rare": 0.1717527386541471, "acc_rare_copy": 0.03189066059225513, "acc_rare_nocopy": 0.03920642418516769, "acc_conf_0.00": 0.18172757475083057, "share_conf_0.00": 0.301, "acc_conf_0.25": 0.23151934570619692, "share_conf_0.25": 0.3179, "acc_conf_0.50": 0.29063756461803564, "share_conf_0.50": 0.1741, "acc_conf_0.75": 0.3671497584541063, "share_conf_0.75": 0.207, "acc_freq_rare": 0.037949921752738654, "share_freq_rare": 0.2556, "acc_freq_mid": 0.1890798786653185, "share_freq_mid": 0.3956, "acc_freq_common": 0.48853211009174313, "share_freq_common": 0.3488}}
{'encoding': 'lsh', 'win': 32, 'n_pairs': 160000, 'base_top1': 0.2334, 'base_kl': 3.4862337197176907, 'n_triples_found': 5075198, 'blocks': 4, 'ladder': [{'k': 1000, 'top1': 0.2338, 'kl': 3.4808171724521495, 'cum_captured': 0.0017954258636748168}, {'k': 5000, 'top1': 0.235, 'kl': 3.451729228186939, 'cum_captured': 0.008335012647574988}, {'k': 20000, 'top1': 0.2403, 'kl': 3.3642775809812884, 'cum_captured': 0.026169217817005975}, {'k': 50000, 'top1': 0.2445, 'kl': 3.2692688630114253, 'cum_captured': 0.04698320674631801}, {'k': 100000, 'top1': 0.2499, 'kl': 3.2006442834291664, 'cum_captured': 0.06648374861472355}, {'k': 200000, 'top1': 0.2538, 'kl': 3.136894520491769, 'cum_captured': 0.09037100769804028}, {'k': 500000, 'top1': 0.261, 'kl': 3.0875564690141064, 'cum_captured': 0.14872103818292226}, {'k': 1000000, 'top1': 0.2642, 'kl': 3.089075937902945, 'cum_captured': 0.2126518722327428}, {'k': 2000000, 'top1': 0.2562, 'kl': 3.19240025392854, 'cum_captured': 0.30827802815793304}, {'k': 2500000, 'top1': 0.2542, 'kl': 3.239643227543158, 'cum_captured': 0.3462083737089458}], 'deg3_captured': 0.2604004591703415, 'sparsity_pairs': {'N_eff': 18443.43564821527, 'k50': 8982, 'k90': 103320, 'k99': 152479, 'total_energy': 0.23543958985722213}, 'sparsity_triples': {'N_eff': 854763.690175041, 'k50': 496323, 'k90': 1523821, 'k99': 1946589, 'total_energy': 0.346208373715527}, 'n_quads_found': 3456368, 'ladder4': [{'k': 5000, 'top1': 0.2544, 'kl': 3.239460649851861}, {'k': 20000, 'top1': 0.2543, 'kl': 3.2375256818069205}, {'k': 50000, 'top1': 0.2543, 'kl': 3.235250547376176}, {'k': 100000, 'top1': 0.254, 'kl': 3.2322756179660295}, {'k': 200000, 'top1': 0.2546, 'kl': 3.228745990666293}, {'k': 2500000, 'top1': 0.2549, 'kl': 3.2150304798647236}], 'diag': {'copy_share': 0.345, 'acc_copy': 0.3820289855072464, 'acc_nocopy': 0.18793893129770992, 'top5': 0.4768, 'top20': 0.6331, 'rare_copy_share_of_rare': 0.1717527386541471, 'acc_rare_copy': 0.03189066059225513, 'acc_rare_nocopy': 0.03920642418516769, 'acc_conf_0.00': 0.18172757475083057, 'share_conf_0.00': 0.301, 'acc_conf_0.25': 0.23151934570619692, 'share_conf_0.25': 0.3179, 'acc_conf_0.50': 0.29063756461803564, 'share_conf_0.50': 0.1741, 'acc_conf_0.75': 0.3671497584541063, 'share_conf_0.75': 0.207, 'acc_freq_rare': 0.037949921752738654, 'share_freq_rare': 0.2556, 'acc_freq_mid': 0.1890798786653185, 'share_freq_mid': 0.3956, 'acc_freq_common': 0.48853211009174313, 'share_freq_common': 0.3488}}
✓ App completed. View run at 
https://modal.com/apps/tear-labs-43657/main/ap-bLZLQLPmRqqfDWxuKXxYTw
