Note that running a local entrypoint in detached mode only keeps the last triggered Modal function alive after the parent process has been killed or disconnected.
✓ Initialized. View run at 
https://modal.com/apps/tear-labs-43657/main/ap-HIfn3knBfV6vb6iSWbFXuM
✓ Created objects.
├── 🔨 Created mount 
│   /home/lev/code/CompressIt/FourierDataAnalysis/experiments/canonical/qary_lsh
│   _dataset_gl.py
├── 🔨 Created function wandb_ping.
├── 🔨 Created function make_data.
├── 🔨 Created function gen_data.
├── 🔨 Created function make_oracle_data.
├── 🔨 Created function stream_top1.
├── 🔨 Created function gl_tree.
├── 🔨 Created function stream_fit.
├── 🔨 Created function search.
├── 🔨 Created function sensitivity.
├── 🔨 Created function gl_tree_top1.
├── 🔨 Created function relabel_hidden.
├── 🔨 Created function deg2_exact.
├── 🔨 Created function make_plain_data.
├── 🔨 Created function refit_top1.
├── 🔨 Created function grad_sense.
├── 🔨 Created function deg3_fit.
├── 🔨 Created function gen_plain_data.
├── 🔨 Created function gl_tree_refit.
├── 🔨 Created function dl_fourier.
├── 🔨 Created function oracle.
├── 🔨 Created function deg2_fit.
├── 🔨 Created function fit_deg1.
├── 🔨 Created function fit_staged.
├── 🔨 Created function fit_staged_real.
├── 🔨 Created function search_csamp.
├── 🔨 Created function spectrum_deg1.
├── 🔨 Created function spectrum_deg2.
├── 🔨 Created function fit_sparse2.
├── 🔨 Created function fit_sparse3.
└── 🔨 Created function search_slots.
[deg3fit:lsh:w32] deg-1+160000 pairs base: top-1 0.2334 KL 3.4862 (residual 0.4447)
[deg3fit:lsh:w32] 5075198 distinct triples above 4.0x floor (202s); fitting top 900000
[deg3fit:lsh:w32] === deg-1+2 + 1000 triples: TEST top-1 0.2326 KL 3.4866 (captured 0.0004)
[deg3fit:lsh:w32] === deg-1+2 + 5000 triples: TEST top-1 0.2328 KL 3.4809 (captured 0.0015)
[deg3fit:lsh:w32] === deg-1+2 + 20000 triples: TEST top-1 0.2348 KL 3.4552 (captured 0.0067)
[deg3fit:lsh:w32] === deg-1+2 + 50000 triples: TEST top-1 0.2366 KL 3.4048 (captured 0.0175)
[deg3fit:lsh:w32] === deg-1+2 + 100000 triples: TEST top-1 0.2385 KL 3.3472 (captured 0.0330)
[deg3fit:lsh:w32] === deg-1+2 + 200000 triples: TEST top-1 0.2450 KL 3.2863 (captured 0.0586)
[deg3fit:lsh:w32] === deg-1+2 + 900000 triples: TEST top-1 0.2466 KL 3.2447 (captured 0.1794)
[deg3fit:lsh:w32] DIAG {"copy_share": 0.345, "acc_copy": 0.3834782608695652, "acc_nocopy": 0.17450381679389312, "top5": 0.463, "top20": 0.6261, "rare_copy_share_of_rare": 0.1717527386541471, "acc_rare_copy": 0.022779043280182234, "acc_rare_nocopy": 0.01983939537080775, "acc_conf_0.00": 0.1840531561461794, "share_conf_0.00": 0.301, "acc_conf_0.25": 0.23875432525951557, "share_conf_0.25": 0.3179, "acc_conf_0.50": 0.27627800114876505, "share_conf_0.50": 0.1741, "acc_conf_0.75": 0.32463768115942027, "share_conf_0.75": 0.207, "acc_freq_rare": 0.02034428794992175, "share_freq_rare": 0.2556, "acc_freq_mid": 0.16683518705763398, "share_freq_mid": 0.3956, "acc_freq_common": 0.5028669724770642, "share_freq_common": 0.3488}
wandb: [wandb.login()] Loaded credentials for https://api.wandb.ai from WANDB_API_KEY.
wandb: Currently logged in as: levstamb (umd-leans-well) to https://api.wandb.ai. Use `wandb login --relogin` to force relogin
wandb: WARNING Using a boolean value for 'reinit' is deprecated. Use 'return_previous' or 'finish_previous' instead.
wandb: Tracking run with wandb version 0.28.0
wandb: Run data is saved locally in /root/wandb/run-20260715_055040-sqc5vhzg
wandb: Run `wandb offline` to turn off syncing.
wandb: Syncing run deg3fit-lsh-w32-N1000000
wandb: ⭐️ View project at https://wandb.ai/umd-leans-well/fda-canonical-qary-lsh
wandb: 🚀 View run at https://wandb.ai/umd-leans-well/fda-canonical-qary-lsh/runs/sqc5vhzg
wandb: updating run metadata; uploading summary
wandb: uploading history steps 0-6, summary
wandb: 
wandb: Run history:
wandb:   TEST_kl ██▇▆▄▂▁
wandb: TEST_top1 ▁▁▂▃▄▇█
wandb:   triples ▁▁▁▁▂▃█
wandb: 
wandb: Run summary:
wandb:         TEST_kl 3.24471
wandb:       TEST_top1 0.2466
wandb:       base_top1 0.2334
wandb: n_triples_found 5075198
wandb:         triples 900000
wandb: 
wandb: 🚀 View run deg3fit-lsh-w32-N1000000 at: https://wandb.ai/umd-leans-well/fda-canonical-qary-lsh/runs/sqc5vhzg
wandb: ⭐️ View project at: https://wandb.ai/umd-leans-well/fda-canonical-qary-lsh
wandb: Synced 4 W&B file(s), 0 media file(s), 0 artifact file(s) and 0 other file(s)
wandb: Find logs at: ./wandb/run-20260715_055040-sqc5vhzg/logs
{"encoding": "lsh", "win": 32, "n_pairs": 160000, "base_top1": 0.2334, "base_kl": 3.4862337197176907, "n_triples_found": 5075198, "blocks": 4, "ladder": [{"k": 1000, "top1": 0.2326, "kl": 3.48664793346643, "cum_captured": 0.00040588637227238343}, {"k": 5000, "top1": 0.2328, "kl": 3.480878048594651, "cum_captured": 0.0014672538607464428}, {"k": 20000, "top1": 0.2348, "kl": 3.4552306554238776, "cum_captured": 0.0067126935395301806}, {"k": 50000, "top1": 0.2366, "kl": 3.4048068587085467, "cum_captured": 0.01747264152772668}, {"k": 100000, "top1": 0.2385, "kl": 3.347241282461927, "cum_captured": 0.03299773857307162}, {"k": 200000, "top1": 0.245, "kl": 3.2862708532530815, "cum_captured": 0.058571500740394904}, {"k": 900000, "top1": 0.2466, "kl": 3.244706617852708, "cum_captured": 0.17943484478348778}], "deg3_captured": 0.12904104590415955, "diag": {"copy_share": 0.345, "acc_copy": 0.3834782608695652, "acc_nocopy": 0.17450381679389312, "top5": 0.463, "top20": 0.6261, "rare_copy_share_of_rare": 0.1717527386541471, "acc_rare_copy": 0.022779043280182234, "acc_rare_nocopy": 0.01983939537080775, "acc_conf_0.00": 0.1840531561461794, "share_conf_0.00": 0.301, "acc_conf_0.25": 0.23875432525951557, "share_conf_0.25": 0.3179, "acc_conf_0.50": 0.27627800114876505, "share_conf_0.50": 0.1741, "acc_conf_0.75": 0.32463768115942027, "share_conf_0.75": 0.207, "acc_freq_rare": 0.02034428794992175, "share_freq_rare": 0.2556, "acc_freq_mid": 0.16683518705763398, "share_freq_mid": 0.3956, "acc_freq_common": 0.5028669724770642, "share_freq_common": 0.3488}}
{'encoding': 'lsh', 'win': 32, 'n_pairs': 160000, 'base_top1': 0.2334, 'base_kl': 3.4862337197176907, 'n_triples_found': 5075198, 'blocks': 4, 'ladder': [{'k': 1000, 'top1': 0.2326, 'kl': 3.48664793346643, 'cum_captured': 0.00040588637227238343}, {'k': 5000, 'top1': 0.2328, 'kl': 3.480878048594651, 'cum_captured': 0.0014672538607464428}, {'k': 20000, 'top1': 0.2348, 'kl': 3.4552306554238776, 'cum_captured': 0.0067126935395301806}, {'k': 50000, 'top1': 0.2366, 'kl': 3.4048068587085467, 'cum_captured': 0.01747264152772668}, {'k': 100000, 'top1': 0.2385, 'kl': 3.347241282461927, 'cum_captured': 0.03299773857307162}, {'k': 200000, 'top1': 0.245, 'kl': 3.2862708532530815, 'cum_captured': 0.058571500740394904}, {'k': 900000, 'top1': 0.2466, 'kl': 3.244706617852708, 'cum_captured': 0.17943484478348778}], 'deg3_captured': 0.12904104590415955, 'diag': {'copy_share': 0.345, 'acc_copy': 0.3834782608695652, 'acc_nocopy': 0.17450381679389312, 'top5': 0.463, 'top20': 0.6261, 'rare_copy_share_of_rare': 0.1717527386541471, 'acc_rare_copy': 0.022779043280182234, 'acc_rare_nocopy': 0.01983939537080775, 'acc_conf_0.00': 0.1840531561461794, 'share_conf_0.00': 0.301, 'acc_conf_0.25': 0.23875432525951557, 'share_conf_0.25': 0.3179, 'acc_conf_0.50': 0.27627800114876505, 'share_conf_0.50': 0.1741, 'acc_conf_0.75': 0.32463768115942027, 'share_conf_0.75': 0.207, 'acc_freq_rare': 0.02034428794992175, 'share_freq_rare': 0.2556, 'acc_freq_mid': 0.16683518705763398, 'share_freq_mid': 0.3956, 'acc_freq_common': 0.5028669724770642, 'share_freq_common': 0.3488}}
✓ App completed. View run at 
https://modal.com/apps/tear-labs-43657/main/ap-HIfn3knBfV6vb6iSWbFXuM
