Note that running a local entrypoint in detached mode only keeps the last triggered Modal function alive after the parent process has been killed or disconnected.
вң“ Initialized. View run at 
https://modal.com/apps/tear-labs-43657/main/ap-hiuDrW2aN1q1tdY0sh9CrY
вң“ Created objects.
в”ңв”Җв”Җ рҹ”Ё Created mount 
в”Ӯ   /home/lev/code/CompressIt/FourierDataAnalysis/experiments/canonical/qary_lsh
в”Ӯ   _dataset_gl.py
в”ңв”Җв”Җ рҹ”Ё Created function wandb_ping.
в”ңв”Җв”Җ рҹ”Ё Created function gen_data.
в”ңв”Җв”Җ рҹ”Ё Created function search.
в”ңв”Җв”Җ рҹ”Ё Created function make_data.
в”ңв”Җв”Җ рҹ”Ё Created function gl_tree.
в”ңв”Җв”Җ рҹ”Ё Created function make_oracle_data.
в”ңв”Җв”Җ рҹ”Ё Created function stream_top1.
в”ңв”Җв”Җ рҹ”Ё Created function sensitivity.
в”ңв”Җв”Җ рҹ”Ё Created function stream_fit.
в”ңв”Җв”Җ рҹ”Ё Created function refit_top1.
в”ңв”Җв”Җ рҹ”Ё Created function gl_tree_top1.
в”ңв”Җв”Җ рҹ”Ё Created function gl_tree_refit.
в”ңв”Җв”Җ рҹ”Ё Created function relabel_hidden.
в”ңв”Җв”Җ рҹ”Ё Created function dl_fourier.
в”ңв”Җв”Җ рҹ”Ё Created function fit_deg1.
в”ңв”Җв”Җ рҹ”Ё Created function oracle.
в”ңв”Җв”Җ рҹ”Ё Created function fit_staged.
в”ңв”Җв”Җ рҹ”Ё Created function search_csamp.
в”ңв”Җв”Җ рҹ”Ё Created function spectrum_deg1.
в”ңв”Җв”Җ рҹ”Ё Created function fit_sparse2.
в”ңв”Җв”Җ рҹ”Ё Created function spectrum_deg2.
в”ңв”Җв”Җ рҹ”Ё Created function fit_staged_real.
в”ңв”Җв”Җ рҹ”Ё Created function search_slots.
в””в”Җв”Җ рҹ”Ё Created function fit_sparse3.
WARNING: Logs may not be continuous
WARNING: Logs may not be continuous
WARNING: Logs may not be continuous
WARNING: Logs may not be continuous
WARNING: Logs may not be continuous
WARNING: Logs may not be continuous
WARNING: Logs may not be continuous
WARNING: Logs may not be continuous
WARNING: Logs may not be continuous
[dlfourier:lsh] e2e 0.1515 refit 0.1603 random 0.0962 mlp 0.1671 (sanity 0.9767, 1275 masks, 1 collapsed)
wandb: [wandb.login()] Loaded credentials for https://api.wandb.ai from WANDB_API_KEY.
wandb: Currently logged in as: levstamb (umd-leans-well) to https://api.wandb.ai. Use `wandb login --relogin` to force relogin
wandb: WARNING Using a boolean value for 'reinit' is deprecated. Use 'return_previous' or 'finish_previous' instead.
wandb: setting up run i9yzc8h8
wandb: Tracking run with wandb version 0.28.0
wandb: Run data is saved locally in /root/wandb/run-20260714_145749-i9yzc8h8
wandb: Run `wandb offline` to turn off syncing.
wandb: Syncing run dlfourier-lsh-M16000-K512+512+256
wandb: вӯҗпёҸ View project at https://wandb.ai/umd-leans-well/fda-canonical-qary-lsh
wandb: рҹҡҖ View run at https://wandb.ai/umd-leans-well/fda-canonical-qary-lsh/runs/i9yzc8h8
wandb: updating run metadata; uploading summary
wandb: uploading config.yaml; uploading wandb-metadata.json; uploading requirements.txt; uploading wandb-summary.json
wandb: uploading config.yaml
wandb: 
wandb: Run history:
wandb:    step в–Ғв–Ғв–Ғв–Ӯв–Ӯв–Ӯв–Ӯв–Ӯв–Ӯв–ғв–ғв–ғв–ғв–ғв–„в–„в–„в–„в–„в–…в–…в–…в–…в–…в–…в–…в–Ҷв–Ҷв–Ҷв–Ҷв–Ҷв–Ҷв–Үв–Үв–Үв–Үв–Ҳв–Ҳв–Ҳв–Ҳ
wandb: val_mse в–„в–Үв–„в–Ҳв–ғв–ғв–Ҳв–ғв–ғв–„в–ғв–„в–ғв–„в–ғв–ғв–ғв–ғв–ғв–ғв–ғв–ғв–ғв–ғв–ғв–ғв–Ӯв–Ӯв–Ӯв–Ӯв–Ӯв–Ӯв–Ӯв–Ғв–Ӯв–Ғв–Ғв–Ғв–Ғв–Ғ
wandb: 
wandb: Run summary:
wandb:    TEST_top1_e2e 0.15154
wandb:    TEST_top1_mlp 0.16708
wandb: TEST_top1_random 0.09617
wandb:  TEST_top1_refit 0.16029
wandb:      mlp_val_mse 0.86459
wandb:      n_collapsed 1
wandb:   n_unique_masks 1275
wandb:             step 3000
wandb:          val_mse 0.90013
wandb:   val_top1_refit 0.16548
wandb:               +1 ...
wandb: 
wandb: рҹҡҖ View run dlfourier-lsh-M16000-K512+512+256 at: https://wandb.ai/umd-leans-well/fda-canonical-qary-lsh/runs/i9yzc8h8
wandb: вӯҗпёҸ View project at: https://wandb.ai/umd-leans-well/fda-canonical-qary-lsh
wandb: Synced 4 W&B file(s), 0 media file(s), 0 artifact file(s) and 0 other file(s)
wandb: Find logs at: ./wandb/run-20260714_145749-i9yzc8h8/logs
WARNING: Logs may not be continuous
WARNING: Logs may not be continuous
WARNING: Logs may not be continuous
WARNING: Logs may not be continuous
[dlfourier:ctrl] e2e 0.1355 refit 0.1416 random 0.0749 mlp 0.1348 (sanity 0.9767, 1272 masks, 0 collapsed)
wandb: setting up run 8rw6cc1l
wandb: Tracking run with wandb version 0.28.0
wandb: Run data is saved locally in /root/wandb/run-20260714_160020-8rw6cc1l
wandb: Run `wandb offline` to turn off syncing.
wandb: Syncing run dlfourier-ctrl-M16000-K512+512+256
wandb: вӯҗпёҸ View project at https://wandb.ai/umd-leans-well/fda-canonical-qary-lsh
wandb: рҹҡҖ View run at https://wandb.ai/umd-leans-well/fda-canonical-qary-lsh/runs/8rw6cc1l
wandb: updating run metadata; uploading summary
wandb: uploading config.yaml; uploading wandb-metadata.json; uploading requirements.txt; uploading wandb-summary.json
wandb: uploading history steps 0-60, summary
wandb: 
wandb: Run history:
wandb:    step в–Ғв–Ғв–Ғв–Ғв–Ғв–Ӯв–Ӯв–Ӯв–Ӯв–Ӯв–ғв–ғв–ғв–ғв–ғв–ғв–ғв–ғв–„в–„в–„в–„в–„в–„в–…в–…в–…в–…в–…в–Ҷв–Ҷв–Ҷв–Ҷв–Үв–Үв–Үв–Үв–Үв–Ҳв–Ҳ
wandb: val_mse в–ғв–Ҳв–Ҳв–Ҳв–Үв–Үв–Үв–Ҷв–Ҷв–Ҷв–…в–…в–…в–…в–…в–„в–„в–„в–ғв–ғв–ғв–ғв–Ӯв–Ӯв–Ӯв–Ӯв–Ӯв–Ӯв–Ӯв–Ӯв–Ғв–Ғв–Ғв–Ғв–Ғв–Ғв–Ғв–Ғв–Ғв–Ғ
wandb: 
wandb: Run summary:
wandb:    TEST_top1_e2e 0.1355
wandb:    TEST_top1_mlp 0.13483
wandb: TEST_top1_random 0.07492
wandb:  TEST_top1_refit 0.14158
wandb:      mlp_val_mse 0.96212
wandb:      n_collapsed 0
wandb:   n_unique_masks 1272
wandb:             step 3000
wandb:          val_mse 0.92699
wandb:   val_top1_refit 0.14013
wandb:               +1 ...
wandb: 
wandb: рҹҡҖ View run dlfourier-ctrl-M16000-K512+512+256 at: https://wandb.ai/umd-leans-well/fda-canonical-qary-lsh/runs/8rw6cc1l
wandb: вӯҗпёҸ View project at: https://wandb.ai/umd-leans-well/fda-canonical-qary-lsh
wandb: Synced 4 W&B file(s), 0 media file(s), 0 artifact file(s) and 0 other file(s)
wandb: Find logs at: ./wandb/run-20260714_160020-8rw6cc1l/logs
{"m_train": 16000, "profile": [512, 512, 256], "lam": 0.1, "steps": 3000, "sanity_top1": 0.9766666666666667, "encodings": {"lsh": {"TEST_top1_e2e": 0.15154166666666666, "TEST_top1_refit": 0.16029166666666667, "TEST_top1_random": 0.09616666666666666, "TEST_top1_mlp": 0.16708333333333333, "val_top1_refit": 0.16548171045852653, "wd": 1.0, "val_mse": 0.9001284977138073, "mlp_val_mse": 0.8645882387863859, "n_unique_masks": 1275, "n_collapsed": 1, "deg_hist": {"0": 0, "1": 513, "2": 512, "3": 255}}, "ctrl": {"TEST_top1_e2e": 0.1355, "TEST_top1_refit": 0.14158333333333334, "TEST_top1_random": 0.07491666666666667, "TEST_top1_mlp": 0.13483333333333333, "val_top1_refit": 0.14013395157135497, "wd": 100.0, "val_mse": 0.9269931233095055, "mlp_val_mse": 0.9621192991088678, "n_unique_masks": 1272, "n_collapsed": 0, "deg_hist": {"0": 0, "1": 512, "2": 512, "3": 256}}}}
{'m_train': 16000, 'profile': [512, 512, 256], 'lam': 0.1, 'steps': 3000, 'sanity_top1': 0.9766666666666667, 'encodings': {'lsh': {'TEST_top1_e2e': 0.15154166666666666, 'TEST_top1_refit': 0.16029166666666667, 'TEST_top1_random': 0.09616666666666666, 'TEST_top1_mlp': 0.16708333333333333, 'val_top1_refit': 0.16548171045852653, 'wd': 1.0, 'val_mse': 0.9001284977138073, 'mlp_val_mse': 0.8645882387863859, 'n_unique_masks': 1275, 'n_collapsed': 1, 'deg_hist': {'0': 0, '1': 513, '2': 512, '3': 255}}, 'ctrl': {'TEST_top1_e2e': 0.1355, 'TEST_top1_refit': 0.14158333333333334, 'TEST_top1_random': 0.07491666666666667, 'TEST_top1_mlp': 0.13483333333333333, 'val_top1_refit': 0.14013395157135497, 'wd': 100.0, 'val_mse': 0.9269931233095055, 'mlp_val_mse': 0.9621192991088678, 'n_unique_masks': 1272, 'n_collapsed': 0, 'deg_hist': {'0': 0, '1': 512, '2': 512, '3': 256}}}}
вң“ App completed. View run at 
https://modal.com/apps/tear-labs-43657/main/ap-hiuDrW2aN1q1tdY0sh9CrY
