Note that running a local entrypoint in detached mode only keeps the last triggered Modal function alive after the parent process has been killed or disconnected.
✓ Initialized. View run at 
https://modal.com/apps/tear-labs-43657/main/ap-fd0X985lz3JcXB04rIzjtC
✓ Created objects.
├── 🔨 Created mount 
│   /home/lev/code/CompressIt/FourierDataAnalysis/experiments/canonical/qary_lsh
│   _dataset_gl.py
├── 🔨 Created function make_data.
├── 🔨 Created function wandb_ping.
├── 🔨 Created function gen_data.
├── 🔨 Created function relabel_hidden.
├── 🔨 Created function gl_tree.
├── 🔨 Created function search.
├── 🔨 Created function stream_fit.
├── 🔨 Created function make_oracle_data.
├── 🔨 Created function gl_tree_top1.
├── 🔨 Created function dl_fourier.
├── 🔨 Created function refit_top1.
├── 🔨 Created function stream_top1.
├── 🔨 Created function sensitivity.
├── 🔨 Created function gen_plain_data.
├── 🔨 Created function make_plain_data.
├── 🔨 Created function deg3_fit.
├── 🔨 Created function deg2_fit.
├── 🔨 Created function deg2_exact.
├── 🔨 Created function grad_sense.
├── 🔨 Created function gl_tree_refit.
├── 🔨 Created function oracle.
├── 🔨 Created function fit_deg1.
├── 🔨 Created function fourier_learn.
├── 🔨 Created function fit_sparse3.
├── 🔨 Created function spectrum_deg2.
├── 🔨 Created function fit_staged.
├── 🔨 Created function spectrum_deg1.
├── 🔨 Created function fit_staged_real.
├── 🔨 Created function search_csamp.
├── 🔨 Created function search_slots.
└── 🔨 Created function fit_sparse2.
wandb: [wandb.login()] Loaded credentials for https://api.wandb.ai from WANDB_API_KEY.
wandb: Currently logged in as: levstamb (umd-leans-well) to https://api.wandb.ai. Use `wandb login --relogin` to force relogin
wandb: WARNING Using a boolean value for 'reinit' is deprecated. Use 'return_previous' or 'finish_previous' instead.
wandb: Tracking run with wandb version 0.28.0
wandb: Run data is saved locally in /root/wandb/run-20260715_062437-sbdc4o3e
wandb: Run `wandb offline` to turn off syncing.
wandb: Syncing run fourierlearn-lsh-w32-K8192
wandb: ⭐️ View project at https://wandb.ai/umd-leans-well/fda-canonical-qary-lsh
wandb: 🚀 View run at https://wandb.ai/umd-leans-well/fda-canonical-qary-lsh/runs/sbdc4o3e
[flearn:lsh:w32] K=8192 warm=8192 residual 0.6093
/root/qary_lsh_dataset_gl.py:1385: UserWarning: Converting a tensor with requires_grad=True to a scalar may lead to unexpected behavior.
Consider using tensor.detach() first. (Triggered internally at /__w/pytorch/pytorch/torch/csrc/autograd/generated/python_variable_methods.cpp:822.)
  log_fn(t, {"train_mse": float(mse), "lr": float(sched.get_last_lr()[0])})
[flearn:lsh:w32] 4096 distinct hardened chars; deg hist [0, 0, 4096]; deg>4: 0; span>3 blocks: 0
[flearn:lsh:w32] === deg-1 + 4096 LEARNED chars: TEST top-1 0.1957 KL 4.1168 (captured 0.0555)
wandb: updating run metadata
wandb: uploading config.yaml; uploading output.log; uploading wandb-summary.json
wandb: uploading history steps 39-39, summary, console lines 4-5
wandb: 
wandb: Run history:
wandb:        lr ███████▇▇▇▇▇▇▆▆▆▆▅▅▅▄▄▄▄▃▃▃▃▂▂▂▂▂▂▁▁▁▁▁▁
wandb: train_mse ▁█▄▅▄▆▆▄▃▄▃▃▃▃▃▂▂▂▃▂▂▂▁▂▁▂▁▁▁▁▁▁▁▁▁▁▁▁▁▁
wandb: 
wandb: Run summary:
wandb:          K 8192
wandb:    TEST_kl 4.11676
wandb:  TEST_top1 0.1957
wandb:   captured 0.05549
wandb:   encoding lsh
wandb:         lr 7e-05
wandb:    n_chars 4096
wandb:  n_deg_gt4 0
wandb: n_span_gt3 0
wandb:  train_mse 0.00062
wandb:         +3 ...
wandb: 
wandb: 🚀 View run fourierlearn-lsh-w32-K8192 at: https://wandb.ai/umd-leans-well/fda-canonical-qary-lsh/runs/sbdc4o3e
wandb: ⭐️ View project at: https://wandb.ai/umd-leans-well/fda-canonical-qary-lsh
wandb: Synced 5 W&B file(s), 0 media file(s), 0 artifact file(s) and 0 other file(s)
wandb: Find logs at: ./wandb/run-20260715_062437-sbdc4o3e/logs
{'encoding': 'lsh', 'win': 32, 'K': 8192, 'n_chars': 4096, 'warm': 8192, 'TEST_top1': 0.1957, 'TEST_kl': 4.11675516288369, 'captured': 0.05549323558807373, 'val_mse': 0.0006276578351389617, 'deg_hist': {'0': 0, '1': 0, '2': 4096}, 'n_deg_gt4': 0, 'n_span_gt3': 0, 'sparsity': {'N_eff': 2825.331058210934, 'k50': 1070, 'k90': 3193, 'k99': 3981, 'total_energy': 0.09069240292137692}}
{"encoding": "lsh", "win": 32, "K": 8192, "n_chars": 4096, "warm": 8192, "TEST_top1": 0.1957, "TEST_kl": 4.11675516288369, "captured": 0.05549323558807373, "val_mse": 0.0006276578351389617, "deg_hist": {"0": 0, "1": 0, "2": 4096}, "n_deg_gt4": 0, "n_span_gt3": 0, "sparsity": {"N_eff": 2825.331058210934, "k50": 1070, "k90": 3193, "k99": 3981, "total_energy": 0.09069240292137692}}
✓ App completed. View run at 
https://modal.com/apps/tear-labs-43657/main/ap-fd0X985lz3JcXB04rIzjtC
