Note that running a local entrypoint in detached mode only keeps the last triggered Modal function alive after the parent process has been killed or disconnected.
✓ Initialized. View run at 
https://modal.com/apps/tear-labs-43657/main/ap-MhkK0bpyzM9eDGscAYyfzE
✓ Created objects.
├── 🔨 Created mount 
│   /home/lev/code/CompressIt/FourierDataAnalysis/experiments/canonical/qary_lsh
│   _dataset_gl.py
├── 🔨 Created function make_data.
├── 🔨 Created function wandb_ping.
├── 🔨 Created function gen_data.
├── 🔨 Created function make_oracle_data.
├── 🔨 Created function relabel_hidden.
├── 🔨 Created function gl_tree.
├── 🔨 Created function search.
├── 🔨 Created function stream_fit.
├── 🔨 Created function stream_top1.
├── 🔨 Created function sensitivity.
├── 🔨 Created function gl_tree_top1.
├── 🔨 Created function gen_plain_data.
├── 🔨 Created function dl_fourier.
├── 🔨 Created function refit_top1.
├── 🔨 Created function deg2_exact.
├── 🔨 Created function grad_sense.
├── 🔨 Created function fourier_learn.
├── 🔨 Created function deg2_fit.
├── 🔨 Created function make_plain_data.
├── 🔨 Created function deg3_fit.
├── 🔨 Created function gl_tree_refit.
├── 🔨 Created function search_csamp.
├── 🔨 Created function fit_staged.
├── 🔨 Created function oracle.
├── 🔨 Created function fit_deg1.
├── 🔨 Created function fit_staged_real.
├── 🔨 Created function spectrum_deg2.
├── 🔨 Created function fit_sparse2.
├── 🔨 Created function fit_sparse3.
├── 🔨 Created function search_slots.
└── 🔨 Created function spectrum_deg1.
wandb: [wandb.login()] Loaded credentials for https://api.wandb.ai from WANDB_API_KEY.
wandb: Currently logged in as: levstamb (umd-leans-well) to https://api.wandb.ai. Use `wandb login --relogin` to force relogin
wandb: WARNING Using a boolean value for 'reinit' is deprecated. Use 'return_previous' or 'finish_previous' instead.
wandb: Tracking run with wandb version 0.28.0
wandb: Run data is saved locally in /root/wandb/run-20260715_061951-cgb13st9
wandb: Run `wandb offline` to turn off syncing.
wandb: Syncing run fourierlearn-lsh-w32-K8192
wandb: ⭐️ View project at https://wandb.ai/umd-leans-well/fda-canonical-qary-lsh
wandb: 🚀 View run at https://wandb.ai/umd-leans-well/fda-canonical-qary-lsh/runs/cgb13st9
[flearn:lsh:w32] K=8192 warm=4096 residual 0.6093
/root/qary_lsh_dataset_gl.py:1385: UserWarning: Converting a tensor with requires_grad=True to a scalar may lead to unexpected behavior.
Consider using tensor.detach() first. (Triggered internally at /__w/pytorch/pytorch/torch/csrc/autograd/generated/python_variable_methods.cpp:822.)
  log_fn(t, {"train_mse": float(mse), "lr": float(sched.get_last_lr()[0])})
[flearn:lsh:w32] 4096 distinct hardened chars; deg hist [0, 0, 2048, 2048]; deg>4: 0; span>3 blocks: 0
[flearn:lsh:w32] === deg-1 + 4096 LEARNED chars: TEST top-1 0.1908 KL 4.1978 (captured 0.0480)
wandb: updating run metadata
wandb: uploading history steps 29-29, summary, console lines 4-5
wandb: 
wandb: Run history:
wandb:        lr ██████▇▇▇▇▆▆▆▅▅▄▄▄▃▃▃▂▂▂▂▁▁▁▁▁
wandb: train_mse ▁█▅▄▅▃▄▄▃▃▃▃▂▂▂▂▂▂▂▁▁▁▁▁▁▁▁▁▁▁
wandb: 
wandb: Run summary:
wandb:          K 8192
wandb:    TEST_kl 4.19777
wandb:  TEST_top1 0.1908
wandb:   captured 0.04796
wandb:   encoding lsh
wandb:         lr 0.00013
wandb:    n_chars 4096
wandb:  n_deg_gt4 0
wandb: n_span_gt3 0
wandb:  train_mse 0.00064
wandb:         +3 ...
wandb: 
wandb: 🚀 View run fourierlearn-lsh-w32-K8192 at: https://wandb.ai/umd-leans-well/fda-canonical-qary-lsh/runs/cgb13st9
wandb: ⭐️ View project at: https://wandb.ai/umd-leans-well/fda-canonical-qary-lsh
wandb: Synced 5 W&B file(s), 0 media file(s), 0 artifact file(s) and 0 other file(s)
wandb: Find logs at: ./wandb/run-20260715_061951-cgb13st9/logs
{"encoding": "lsh", "win": 32, "K": 8192, "n_chars": 4096, "warm": 4096, "TEST_top1": 0.1908, "TEST_kl": 4.197768188174115, "captured": 0.047959744930267334, "val_mse": 0.000650074944132939, "deg_hist": {"0": 0, "1": 0, "2": 2048, "3": 2048}, "n_deg_gt4": 0, "n_span_gt3": 0, "sparsity": {"N_eff": 2153.6452004726198, "k50": 828, "k90": 2372, "k99": 2941, "total_energy": 0.07543754067636321}}
{'encoding': 'lsh', 'win': 32, 'K': 8192, 'n_chars': 4096, 'warm': 4096, 'TEST_top1': 0.1908, 'TEST_kl': 4.197768188174115, 'captured': 0.047959744930267334, 'val_mse': 0.000650074944132939, 'deg_hist': {'0': 0, '1': 0, '2': 2048, '3': 2048}, 'n_deg_gt4': 0, 'n_span_gt3': 0, 'sparsity': {'N_eff': 2153.6452004726198, 'k50': 828, 'k90': 2372, 'k99': 2941, 'total_energy': 0.07543754067636321}}
✓ App completed. View run at 
https://modal.com/apps/tear-labs-43657/main/ap-MhkK0bpyzM9eDGscAYyfzE
