Note that running a local entrypoint in detached mode only keeps the last triggered Modal function alive after the parent process has been killed or disconnected.
✓ Initialized. View run at 
https://modal.com/apps/tear-labs-43657/main/ap-7eZ57FJ7TZEHcyGSSRkzdq
✓ Created objects.
├── 🔨 Created mount 
│   /home/lev/code/CompressIt/FourierDataAnalysis/experiments/canonical/qary_lsh
│   _dataset_gl.py
├── 🔨 Created function wandb_ping.
├── 🔨 Created function make_data.
├── 🔨 Created function gen_data.
├── 🔨 Created function make_oracle_data.
├── 🔨 Created function gl_tree.
├── 🔨 Created function relabel_hidden.
├── 🔨 Created function stream_top1.
├── 🔨 Created function search.
├── 🔨 Created function sensitivity.
├── 🔨 Created function gl_tree_top1.
├── 🔨 Created function make_plain_data.
├── 🔨 Created function refit_top1.
├── 🔨 Created function dl_fourier.
├── 🔨 Created function grad_sense.
├── 🔨 Created function gen_plain_data.
├── 🔨 Created function stream_fit.
├── 🔨 Created function deg3_fit.
├── 🔨 Created function deg2_fit.
├── 🔨 Created function oracle.
├── 🔨 Created function fit_staged_real.
├── 🔨 Created function search_csamp.
├── 🔨 Created function fit_staged.
├── 🔨 Created function fit_sparse3.
├── 🔨 Created function spectrum_deg1.
├── 🔨 Created function gl_tree_refit.
├── 🔨 Created function search_slots.
├── 🔨 Created function spectrum_deg2.
├── 🔨 Created function fourier_learn.
├── 🔨 Created function fit_sparse2.
├── 🔨 Created function deg2_exact.
└── 🔨 Created function fit_deg1.
wandb: [wandb.login()] Loaded credentials for https://api.wandb.ai from WANDB_API_KEY.
wandb: Currently logged in as: levstamb (umd-leans-well) to https://api.wandb.ai. Use `wandb login --relogin` to force relogin
wandb: WARNING Using a boolean value for 'reinit' is deprecated. Use 'return_previous' or 'finish_previous' instead.
wandb: Tracking run with wandb version 0.28.0
wandb: Run data is saved locally in /root/wandb/run-20260715_083943-fysi6xrg
wandb: Run `wandb offline` to turn off syncing.
wandb: Syncing run fourierlearn-lsh-w32-K16384
wandb: ⭐️ View project at https://wandb.ai/umd-leans-well/fda-canonical-qary-lsh
wandb: 🚀 View run at https://wandb.ai/umd-leans-well/fda-canonical-qary-lsh/runs/fysi6xrg
[flearn:lsh:w32] K=16384 warm=16384 residual 0.2923
/root/qary_lsh_dataset_gl.py:1401: UserWarning: Converting a tensor with requires_grad=True to a scalar may lead to unexpected behavior.
Consider using tensor.detach() first. (Triggered internally at /__w/pytorch/pytorch/torch/csrc/autograd/generated/python_variable_methods.cpp:822.)
  log_fn(t, {"train_mse": float(mse), "lr": lr,
Stopping app - user stopped from CLI.
[1;34mwandb[0m: 
[1;34mwandb[0m: 🚀 View run [33mfourierlearn-lsh-w32-K16384[0m at: [34mhttps://wandb.ai/umd-leans-well/fda-canonical-qary-lsh/runs/fysi6xrg[0m
[1;34mwandb[0m: Find logs at: [1;35mwandb/run-20260715_083943-fysi6xrg/logs[0m
Runner terminated.
╭───────────────────── Traceback (most recent call last) ──────────────────────╮
│ /home/lev/code/CompressIt/FourierDataAnalysis/experiments/canonical/qary_lsh │
│ _dataset_gl.py:5057 in main                                                  │
│                                                                              │
│   5056 │   if stage == "deg2-fit":                                           │
│ ❱ 5057 │   │   print(deg2_fit.remote(n_train, n_test, win, 64, target_chars, │
│   5058 │   │   │   │   │   │   │     encoding if encoding != "all" else "lsh │
│                                                                              │
│ /home/lev/code/CompressIt/FourierDataAnalysis/experiments/canonical/.venv/li │
│ b/python3.12/site-packages/modal/_object.py:45 in wrapped                    │
│                                                                              │
│    44 │   │   await self.hydrate()                                           │
│ ❱  45 │   │   return await method(self, *args, **kwargs)                     │
│    46                                                                        │
│                                                                              │
│ /home/lev/code/CompressIt/FourierDataAnalysis/experiments/canonical/.venv/li │
│ b/python3.12/site-packages/modal/_functions.py:1757 in remote                │
│                                                                              │
│   1756 │   │                                                                 │
│ ❱ 1757 │   │   return await self._call_function(args, kwargs)                │
│   1758                                                                       │
│                                                                              │
│ /home/lev/code/CompressIt/FourierDataAnalysis/experiments/canonical/.venv/li │
│ b/python3.12/site-packages/modal/_functions.py:1695 in _call_function        │
│                                                                              │
│   1694 │   │                                                                 │
│ ❱ 1695 │   │   return await invocation.run_function()                        │
│   1696                                                                       │
│                                                                              │
│ /home/lev/code/CompressIt/FourierDataAnalysis/experiments/canonical/.venv/li │
│ b/python3.12/site-packages/modal/_functions.py:476 in run_function           │
│                                                                              │
│    475 │   │   │   if await_response.output.result.status in TERMINAL_STATUS │
│ ❱  476 │   │   │   │   return await _process_result(                         │
│    477 │   │   │   │   │   await_response.output.result, await_response.outp │
│                                                                              │
│ /home/lev/code/CompressIt/FourierDataAnalysis/experiments/canonical/.venv/li │
│ b/python3.12/site-packages/modal/_utils/function_utils.py:550 in             │
│ _process_result                                                              │
│                                                                              │
│   549 │   │                                                                  │
│ ❱ 550 │   │   raise RemoteError(result.exception)                            │
│   551                                                                        │
╰──────────────────────────────────────────────────────────────────────────────╯
RemoteError
