Note that running a local entrypoint in detached mode only keeps the last triggered Modal function alive after the parent process has been killed or disconnected.
вң“ Initialized. View run at 
https://modal.com/apps/tear-labs-43657/main/ap-40fPvJmrNvfbT5HyafZK0I
вң“ Created objects.
в”ңв”Җв”Җ рҹ”Ё Created mount 
в”Ӯ   /home/lev/code/CompressIt/FourierDataAnalysis/experiments/canonical/qary_lsh
в”Ӯ   _dataset_gl.py
в”ңв”Җв”Җ рҹ”Ё Created function make_data.
в”ңв”Җв”Җ рҹ”Ё Created function wandb_ping.
в”ңв”Җв”Җ рҹ”Ё Created function search.
в”ңв”Җв”Җ рҹ”Ё Created function gl_tree.
в”ңв”Җв”Җ рҹ”Ё Created function make_oracle_data.
в”ңв”Җв”Җ рҹ”Ё Created function gen_data.
в”ңв”Җв”Җ рҹ”Ё Created function relabel_hidden.
в”ңв”Җв”Җ рҹ”Ё Created function stream_top1.
в”ңв”Җв”Җ рҹ”Ё Created function stream_fit.
в”ңв”Җв”Җ рҹ”Ё Created function dl_fourier.
в”ңв”Җв”Җ рҹ”Ё Created function make_plain_data.
в”ңв”Җв”Җ рҹ”Ё Created function gl_tree_top1.
в”ңв”Җв”Җ рҹ”Ё Created function refit_top1.
в”ңв”Җв”Җ рҹ”Ё Created function gen_plain_data.
в”ңв”Җв”Җ рҹ”Ё Created function sensitivity.
в”ңв”Җв”Җ рҹ”Ё Created function grad_sense.
в”ңв”Җв”Җ рҹ”Ё Created function gl_tree_refit.
в”ңв”Җв”Җ рҹ”Ё Created function oracle.
в”ңв”Җв”Җ рҹ”Ё Created function fit_deg1.
в”ңв”Җв”Җ рҹ”Ё Created function search_csamp.
в”ңв”Җв”Җ рҹ”Ё Created function fit_staged_real.
в”ңв”Җв”Җ рҹ”Ё Created function spectrum_deg1.
в”ңв”Җв”Җ рҹ”Ё Created function search_slots.
в”ңв”Җв”Җ рҹ”Ё Created function fit_staged.
в”ңв”Җв”Җ рҹ”Ё Created function spectrum_deg2.
в”ңв”Җв”Җ рҹ”Ё Created function fit_sparse3.
в””в”Җв”Җ рҹ”Ё Created function fit_sparse2.
[gradsense:lsh] sanity 0.9798 total mass 0.7269 n=8113 bits x 1000000 contexts
[gradsense:lsh] deg-1 exact fit (8113 chars) in 3s
[gradsense:lsh] mean-only KL 5.8181; deg-1 exact: top-1 0.1479 KL 4.6209
wandb: [wandb.login()] Loaded credentials for https://api.wandb.ai from WANDB_API_KEY.
wandb: Currently logged in as: levstamb (umd-leans-well) to https://api.wandb.ai. Use `wandb login --relogin` to force relogin
wandb: WARNING Using a boolean value for 'reinit' is deprecated. Use 'return_previous' or 'finish_previous' instead.
wandb: Tracking run with wandb version 0.28.0
wandb: Run data is saved locally in /root/wandb/run-20260715_021639-jfrtgb9k
wandb: Run `wandb offline` to turn off syncing.
wandb: Syncing run gradsense-lsh-N1000000-K1000
wandb: вӯҗпёҸ View project at https://wandb.ai/umd-leans-well/fda-canonical-qary-lsh
wandb: рҹҡҖ View run at https://wandb.ai/umd-leans-well/fda-canonical-qary-lsh/runs/jfrtgb9k
/root/qary_lsh_dataset_gl.py:1135: UserWarning: Converting a tensor with requires_grad=True to a scalar may lead to unexpected behavior.
Consider using tensor.detach() first. (Triggered internally at /__w/pytorch/pytorch/torch/csrc/autograd/generated/python_variable_methods.cpp:822.)
  log_fn(t, {"mean_log_psi": float(torch.log(psi + 1e-8).mean()),
[gradsense:lsh] round 1: dry (2035 raw, 2035 fresh, 0 kept; top psi [1.646718e-05 1.646718e-05 1.646718e-05 1.646718e-05 1.646718e-05
 1.646718e-05 1.646718e-05 1.646718e-05] vs gate 1.22e-04, floor 1.83e-05)
[gradsense:lsh] round 2: dry (2033 raw, 2011 fresh, 0 kept; top psi [1.646718e-05 1.646718e-05 1.646718e-05 1.646718e-05 1.646718e-05
 1.646718e-05 1.646718e-05 1.646718e-05] vs gate 1.22e-04, floor 1.83e-05)
[gradsense:lsh] round 3: dry (2033 raw, 1979 fresh, 0 kept; top psi [1.646718e-05 1.646718e-05 1.646718e-05 1.646718e-05 1.646718e-05
 1.646718e-05 1.646718e-05 1.646718e-05] vs gate 1.22e-04, floor 1.83e-05)
wandb: updating run metadata
wandb: uploading output.log; uploading wandb-summary.json; uploading config.yaml
wandb: uploading history steps 35-35, summary, console lines 7-8
wandb: 
wandb: Run history:
wandb:           lr в–Ҳв–Ҳв–Ҳв–Үв–Үв–Ҷв–…в–…в–„в–ғв–Ӯв–Ғв–Ҳв–Ҳв–Ҳв–Үв–Үв–Ҷв–…в–…в–„в–ғв–Ӯв–Ғв–Ҳв–Ҳв–Ҳв–Үв–Үв–Ҷв–…в–…в–„в–ғв–Ӯв–Ғ
wandb: mean_log_psi в–Ғв–Ӯв–ғв–ғв–…в–Ҷв–Ҷв–Үв–Үв–Ҳв–Ҳв–Ҳв–Ғв–Ӯв–ғв–ғв–…в–Ҷв–Ҷв–Үв–Үв–Ҳв–Ҳв–Ҳв–Ғв–Ӯв–ғв–ғв–…в–Ҷв–Ҷв–Үв–Үв–Үв–Ҳв–Ҳ
wandb:     mean_psi в–Ғв–Ғв–Ғв–Ғв–Ғв–Ғв–Ӯв–Ӯв–ғв–…в–Үв–Үв–Ғв–Ғв–Ғв–Ғв–Ғв–Ғв–Ӯв–Ӯв–ғв–…в–Үв–Ҳв–Ғв–Ғв–Ғв–Ғв–Ғв–Ғв–Ӯв–Ӯв–ғв–…в–Үв–Ҳ
wandb:   pair_corr2 в–Ғв–Ғв–Ғв–Ғв–Ғв–Ғв–Ғв–Ғв–Ӯв–ғв–…в–Ҳв–Ғв–Ғв–Ғв–Ғв–Ғв–Ғв–Ғв–Ғв–Ӯв–ғв–…в–Ҳв–Ғв–Ғв–Ғв–Ғв–Ғв–Ғв–Ғв–Ғв–Ӯв–ғв–…в–Ҳ
wandb:         temp в–Ҳв–Үв–Үв–Ҷв–…в–…в–„в–„в–ғв–Ӯв–Ӯв–Ғв–Ҳв–Үв–Үв–Ҷв–…в–…в–„в–„в–ғв–Ӯв–Ӯв–Ғв–Ҳв–Үв–Үв–Ҷв–…в–…в–„в–„в–ғв–Ӯв–Ӯв–Ғ
wandb: 
wandb: Run summary:
wandb:        TEST_kl 4.62087
wandb:      TEST_top1 0.1479
wandb: TRAIN_sub_top1 0.1509
wandb:  captured_mass 0.12808
wandb:          chars 0
wandb:        deg1_kl 4.62087
wandb:      deg1_top1 0.1479
wandb:       encoding lsh
wandb:   kl_mean_only 5.81812
wandb:             lr 0.00721
wandb:            +11 ...
wandb: 
wandb: рҹҡҖ View run gradsense-lsh-N1000000-K1000 at: https://wandb.ai/umd-leans-well/fda-canonical-qary-lsh/runs/jfrtgb9k
wandb: вӯҗпёҸ View project at: https://wandb.ai/umd-leans-well/fda-canonical-qary-lsh
wandb: Synced 5 W&B file(s), 0 media file(s), 0 artifact file(s) and 0 other file(s)
wandb: Find logs at: ./wandb/run-20260715_021639-jfrtgb9k/logs
{'encoding': 'lsh', 'n_train': 1000000, 'win': 61, 'target_chars': 1000, 'chars': 0, 'sanity_top1': 0.9798, 'TEST_top1': 0.1479, 'TRAIN_sub_top1': 0.1509, 'TEST_kl': 4.620866213888675, 'kl_mean_only': 5.818117029798031, 's_bar': 130.26748657226562, 'deg1_top1': 0.1479, 'deg1_kl': 4.620866213888675, 'residual_mass': 0.598815381526947, 'captured_mass': 0.12808310985565186, 'total_mass': 0.7268984913825989, 'ladder': [{'k': 0, 'top1': 0.1479, 'kl': 4.620866213888675}], 'control_ladder': [], 'mlp_top1': None, 'deg_hist': {'2': 0, '3': 0}}
{"encoding": "lsh", "n_train": 1000000, "win": 61, "target_chars": 1000, "chars": 0, "sanity_top1": 0.9798, "TEST_top1": 0.1479, "TRAIN_sub_top1": 0.1509, "TEST_kl": 4.620866213888675, "kl_mean_only": 5.818117029798031, "s_bar": 130.26748657226562, "deg1_top1": 0.1479, "deg1_kl": 4.620866213888675, "residual_mass": 0.598815381526947, "captured_mass": 0.12808310985565186, "total_mass": 0.7268984913825989, "ladder": [{"k": 0, "top1": 0.1479, "kl": 4.620866213888675}], "control_ladder": [], "mlp_top1": null, "deg_hist": {"2": 0, "3": 0}}
вң“ App completed. View run at 
https://modal.com/apps/tear-labs-43657/main/ap-40fPvJmrNvfbT5HyafZK0I
