Note that running a local entrypoint in detached mode only keeps the last triggered Modal function alive after the parent process has been killed or disconnected.
✓ Initialized. View run at 
https://modal.com/apps/tear-labs-43657/main/ap-AJwwbjEsnoBgh3xd55Bw7N
✓ Created objects.
├── 🔨 Created mount 
│   /home/lev/code/CompressIt/FourierDataAnalysis/experiments/canonical/qary_lsh
│   _dataset_gl.py
├── 🔨 Created function make_data.
├── 🔨 Created function gen_data.
├── 🔨 Created function make_oracle_data.
├── 🔨 Created function search.
├── 🔨 Created function gl_tree.
├── 🔨 Created function wandb_ping.
├── 🔨 Created function stream_fit.
├── 🔨 Created function stream_top1.
├── 🔨 Created function relabel_hidden.
├── 🔨 Created function sensitivity.
├── 🔨 Created function gl_tree_top1.
├── 🔨 Created function refit_top1.
├── 🔨 Created function dl_fourier.
├── 🔨 Created function make_plain_data.
├── 🔨 Created function gen_plain_data.
├── 🔨 Created function grad_sense.
├── 🔨 Created function gl_tree_refit.
├── 🔨 Created function oracle.
├── 🔨 Created function search_csamp.
├── 🔨 Created function fit_staged.
├── 🔨 Created function fit_staged_real.
├── 🔨 Created function spectrum_deg2.
├── 🔨 Created function fit_deg1.
├── 🔨 Created function spectrum_deg1.
├── 🔨 Created function fit_sparse2.
├── 🔨 Created function fit_sparse3.
└── 🔨 Created function search_slots.
[gradsense:lsh] sanity 0.9798 total mass 0.7269 n=17024 bits x 1000000 contexts
[gradsense:lsh] deg-1 exact fit (17024 chars) in 12s
[gradsense:lsh] mean-only KL 5.8181; deg-1 exact: top-1 0.1465 KL 4.5753
wandb: [wandb.login()] Loaded credentials for https://api.wandb.ai from WANDB_API_KEY.
wandb: Currently logged in as: levstamb (umd-leans-well) to https://api.wandb.ai. Use `wandb login --relogin` to force relogin
wandb: WARNING Using a boolean value for 'reinit' is deprecated. Use 'return_previous' or 'finish_previous' instead.
wandb: Tracking run with wandb version 0.28.0
wandb: Run data is saved locally in /root/wandb/run-20260715_022909-l0apk7yy
wandb: Run `wandb offline` to turn off syncing.
wandb: Syncing run gradsense-lsh-N1000000-K1000
wandb: ⭐️ View project at https://wandb.ai/umd-leans-well/fda-canonical-qary-lsh
wandb: 🚀 View run at https://wandb.ai/umd-leans-well/fda-canonical-qary-lsh/runs/l0apk7yy
/root/qary_lsh_dataset_gl.py:1135: UserWarning: Converting a tensor with requires_grad=True to a scalar may lead to unexpected behavior.
Consider using tensor.detach() first. (Triggered internally at /__w/pytorch/pytorch/torch/csrc/autograd/generated/python_variable_methods.cpp:822.)
  log_fn(t, {"mean_log_psi": float(torch.log(psi + 1e-8).mean()),
Stopping app - user stopped from CLI.
[1;34mwandb[0m: 
[1;34mwandb[0m: 🚀 View run [33mgradsense-lsh-N1000000-K1000[0m at: [34mhttps://wandb.ai/umd-leans-well/fda-canonical-qary-lsh/runs/l0apk7yy[0m
[1;34mwandb[0m: Find logs at: [1;35mwandb/run-20260715_022909-l0apk7yy/logs[0m
Runner terminated.
╭───────────────────── Traceback (most recent call last) ──────────────────────╮
│ /home/lev/code/CompressIt/FourierDataAnalysis/experiments/canonical/qary_lsh │
│ _dataset_gl.py:4206 in main                                                  │
│                                                                              │
│   4205 │   if stage == "grad-sense":                                         │
│ ❱ 4206 │   │   print(grad_sense.remote(n_train, n_test, win, target_chars, c │
│   4207 │   │   │   │   │   │   │   │   64, patience, lam, batch, 0.02, kappa │
│                                                                              │
│ /home/lev/code/CompressIt/FourierDataAnalysis/experiments/canonical/.venv/li │
│ b/python3.12/site-packages/modal/_object.py:45 in wrapped                    │
│                                                                              │
│    44 │   │   await self.hydrate()                                           │
│ ❱  45 │   │   return await method(self, *args, **kwargs)                     │
│    46                                                                        │
│                                                                              │
│ /home/lev/code/CompressIt/FourierDataAnalysis/experiments/canonical/.venv/li │
│ b/python3.12/site-packages/modal/_functions.py:1757 in remote                │
│                                                                              │
│   1756 │   │                                                                 │
│ ❱ 1757 │   │   return await self._call_function(args, kwargs)                │
│   1758                                                                       │
│                                                                              │
│ /home/lev/code/CompressIt/FourierDataAnalysis/experiments/canonical/.venv/li │
│ b/python3.12/site-packages/modal/_functions.py:1695 in _call_function        │
│                                                                              │
│   1694 │   │                                                                 │
│ ❱ 1695 │   │   return await invocation.run_function()                        │
│   1696                                                                       │
│                                                                              │
│ /home/lev/code/CompressIt/FourierDataAnalysis/experiments/canonical/.venv/li │
│ b/python3.12/site-packages/modal/_functions.py:476 in run_function           │
│                                                                              │
│    475 │   │   │   if await_response.output.result.status in TERMINAL_STATUS │
│ ❱  476 │   │   │   │   return await _process_result(                         │
│    477 │   │   │   │   │   await_response.output.result, await_response.outp │
│                                                                              │
│ /home/lev/code/CompressIt/FourierDataAnalysis/experiments/canonical/.venv/li │
│ b/python3.12/site-packages/modal/_utils/function_utils.py:550 in             │
│ _process_result                                                              │
│                                                                              │
│   549 │   │                                                                  │
│ ❱ 550 │   │   raise RemoteError(result.exception)                            │
│   551                                                                        │
╰──────────────────────────────────────────────────────────────────────────────╯
RemoteError
