Note that running a local entrypoint in detached mode only keeps the last triggered Modal function alive after the parent process has been killed or disconnected.
✓ Initialized. View run at 
https://modal.com/apps/tear-labs-43657/main/ap-FOdxyteV7YqqRBokaY8F79
✓ Created objects.
├── 🔨 Created mount 
│   /home/lev/code/CompressIt/FourierDataAnalysis/experiments/canonical/qary_lsh
│   _dataset_gl.py
├── 🔨 Created function make_data.
├── 🔨 Created function gen_data.
├── 🔨 Created function wandb_ping.
├── 🔨 Created function search.
├── 🔨 Created function make_oracle_data.
├── 🔨 Created function stream_fit.
├── 🔨 Created function sensitivity.
├── 🔨 Created function relabel_hidden.
├── 🔨 Created function refit_top1.
├── 🔨 Created function gl_tree_top1.
├── 🔨 Created function stream_top1.
├── 🔨 Created function gl_tree.
├── 🔨 Created function dl_fourier.
├── 🔨 Created function search_csamp.
├── 🔨 Created function gl_tree_refit.
├── 🔨 Created function fit_staged.
├── 🔨 Created function gen_plain_data.
├── 🔨 Created function make_plain_data.
├── 🔨 Created function spectrum_deg1.
├── 🔨 Created function fit_deg1.
├── 🔨 Created function oracle.
├── 🔨 Created function grad_sense.
├── 🔨 Created function fit_staged_real.
├── 🔨 Created function fit_sparse2.
├── 🔨 Created function search_slots.
├── 🔨 Created function fit_sparse3.
└── 🔨 Created function spectrum_deg2.
/cache/canonical/qary_lsh_gl/plain_ctx128_N10000_s0_plain_test.npz
[gen-plain] 8 workers x ~125000 spans
Warning: You are sending unauthenticated requests to the HF Hub. Please set a HF_TOKEN to enable higher rate limits and faster downloads.
[transformers] The fast path is not available because one of the required library is not installed. Falling back to torch implementation. To install follow https://github.com/fla-org/flash-linear-attention#installation and https://github.com/Dao-AILab/causal-conv1d

[1ALoading weights:   0%|          | 0/473 [00:00<?, ?it/s]
[1ALoading weights:   0%|          | 1/473 [00:00<00:55,  8.47it/s]
[1ALoading weights:   8%|▊         | 39/473 [00:00<00:02, 210.86it/s]
[1ALoading weights:  21%|██        | 98/473 [00:00<00:01, 374.63it/s]
[1ALoading weights:  34%|███▍      | 163/473 [00:00<00:00, 480.05it/s]
[1ALoading weights:  48%|████▊     | 225/473 [00:00<00:00, 522.11it/s]
[1ALoading weights:  66%|██████▌   | 310/473 [00:00<00:00, 626.65it/s]
[1ALoading weights:  91%|█████████▏| 432/473 [00:00<00:00, 805.31it/s]
[1ALoading weights: 100%|██████████| 473/473 [00:00<00:00, 627.62it/s]
Warning: You are sending unauthenticated requests to the HF Hub. Please set a HF_TOKEN to enable higher rate limits and faster downloads.
Warning: You are sending unauthenticated requests to the HF Hub. Please set a HF_TOKEN to enable higher rate limits and faster downloads.
Warning: You are sending unauthenticated requests to the HF Hub. Please set a HF_TOKEN to enable higher rate limits and faster downloads.
Warning: You are sending unauthenticated requests to the HF Hub. Please set a HF_TOKEN to enable higher rate limits and faster downloads.
[transformers] The fast path is not available because one of the required library is not installed. Falling back to torch implementation. To install follow https://github.com/fla-org/flash-linear-attention#installation and https://github.com/Dao-AILab/causal-conv1d
[transformers] The fast path is not available because one of the required library is not installed. Falling back to torch implementation. To install follow https://github.com/fla-org/flash-linear-attention#installation and https://github.com/Dao-AILab/causal-conv1d

[1ALoading weights:   0%|          | 0/473 [00:00<?, ?it/s][transformers] The fast path is not available because one of the required library is not installed. Falling back to torch implementation. To install follow https://github.com/fla-org/flash-linear-attention#installation and https://github.com/Dao-AILab/causal-conv1d

[1ALoading weights:   8%|▊         | 40/473 [00:00<00:01, 377.23it/s]
[1ALoading weights:   0%|          | 0/473 [00:00<?, ?it/s]
[1ALoading weights:  10%|█         | 48/473 [00:00<00:00, 479.80it/s]
[1ALoading weights:  22%|██▏       | 104/473 [00:00<00:00, 527.17it/s]
[1ALoading weights:  25%|██▍       | 118/473 [00:00<00:00, 609.26it/s]
[1ALoading weights:  36%|███▋      | 172/473 [00:00<00:00, 573.67it/s]
[1ALoading weights:  52%|█████▏    | 248/473 [00:00<00:00, 630.57it/s]
[1ALoading weights:  76%|███████▌  | 358/473 [00:00<00:00, 792.67it/s]
[1ALoading weights: 100%|██████████| 473/473 [00:00<00:00, 777.98it/s]

[1ALoading weights:   0%|          | 0/473 [00:00<?, ?it/s]
[1ALoading weights:   0%|          | 1/473 [00:00<02:13,  3.54it/s][transformers] The fast path is not available because one of the required library is not installed. Falling back to torch implementation. To install follow https://github.com/fla-org/flash-linear-attention#installation and https://github.com/Dao-AILab/causal-conv1d

[1ALoading weights:   7%|▋         | 35/473 [00:00<00:03, 114.35it/s]
[1ALoading weights:  14%|█▍        | 68/473 [00:00<00:02, 182.23it/s]
[1ALoading weights:  39%|███▉      | 184/473 [00:00<00:00, 620.62it/s]
[1ALoading weights:  25%|██▍       | 117/473 [00:00<00:01, 270.52it/s]
[1ALoading weights:  34%|███▎      | 159/473 [00:00<00:00, 314.47it/s]
[1ALoading weights:  58%|█████▊    | 273/473 [00:00<00:00, 703.54it/s]
[1ALoading weights:  82%|████████▏ | 386/473 [00:00<00:00, 840.75it/s]
[1ALoading weights: 100%|██████████| 473/473 [00:00<00:00, 841.21it/s]

[1ALoading weights:  44%|████▍     | 209/473 [00:00<00:00, 363.62it/s]
[1ALoading weights:  61%|██████    | 288/473 [00:00<00:00, 475.07it/s]
[1ALoading weights:  77%|███████▋  | 363/473 [00:01<00:00, 554.71it/s]
[1ALoading weights:  98%|█████████▊| 464/473 [00:01<00:00, 677.71it/s]
[1ALoading weights:   0%|          | 0/473 [00:00<?, ?it/s]
[1ALoading weights: 100%|██████████| 473/473 [00:01<00:00, 418.70it/s]

[1ALoading weights:   5%|▌         | 26/473 [00:00<00:01, 258.57it/s]
[1ALoading weights:  18%|█▊        | 85/473 [00:00<00:00, 452.06it/s]
[1ALoading weights:  33%|███▎      | 158/473 [00:00<00:00, 578.49it/s]Warning: You are sending unauthenticated requests to the HF Hub. Please set a HF_TOKEN to enable higher rate limits and faster downloads.

[1ALoading weights:  48%|████▊     | 225/473 [00:00<00:00, 612.87it/s]
[1ALoading weights:  68%|██████▊   | 324/473 [00:00<00:00, 748.45it/s]
[1ALoading weights: 100%|██████████| 473/473 [00:00<00:00, 786.22it/s]
[transformers] The fast path is not available because one of the required library is not installed. Falling back to torch implementation. To install follow https://github.com/fla-org/flash-linear-attention#installation and https://github.com/Dao-AILab/causal-conv1d

[1ALoading weights:   0%|          | 0/473 [00:00<?, ?it/s]
[1ALoading weights:   0%|          | 1/473 [00:00<01:28,  5.34it/s]
[1ALoading weights:   9%|▉         | 44/473 [00:00<00:02, 182.51it/s]
[1ALoading weights:  23%|██▎       | 111/473 [00:00<00:01, 350.32it/s]
[1ALoading weights:  36%|███▋      | 172/473 [00:00<00:00, 434.30it/s]
[1ALoading weights:  50%|████▉     | 235/473 [00:00<00:00, 496.57it/s]
[1ALoading weights:  66%|██████▌   | 310/473 [00:00<00:00, 575.86it/s]
[1ALoading weights:  96%|█████████▌| 454/473 [00:00<00:00, 844.28it/s]
[1ALoading weights: 100%|██████████| 473/473 [00:00<00:00, 571.90it/s]
Warning: You are sending unauthenticated requests to the HF Hub. Please set a HF_TOKEN to enable higher rate limits and faster downloads.
[transformers] The fast path is not available because one of the required library is not installed. Falling back to torch implementation. To install follow https://github.com/fla-org/flash-linear-attention#installation and https://github.com/Dao-AILab/causal-conv1d

[1ALoading weights:   0%|          | 0/473 [00:00<?, ?it/s]
[1ALoading weights:   0%|          | 1/473 [00:00<01:39,  4.76it/s]
[1ALoading weights:   7%|▋         | 31/473 [00:00<00:03, 124.13it/s]
[1ALoading weights:  10%|█         | 49/473 [00:00<00:03, 129.32it/s]
[1ALoading weights:  20%|█▉        | 94/473 [00:00<00:01, 231.17it/s]
[1ALoading weights:  26%|██▋       | 125/473 [00:00<00:01, 232.11it/s]
[1ALoading weights:  38%|███▊      | 181/473 [00:00<00:00, 324.95it/s]
[1ALoading weights:  46%|████▌     | 217/473 [00:00<00:00, 330.46it/s]
[1ALoading weights:  55%|█████▍    | 259/473 [00:00<00:00, 355.02it/s]
[1ALoading weights:  64%|██████▍   | 305/473 [00:01<00:00, 385.26it/s]
[1ALoading weights:  79%|███████▉  | 376/473 [00:01<00:00, 471.12it/s]
[1ALoading weights: 100%|██████████| 473/473 [00:01<00:00, 367.42it/s]
Warning: You are sending unauthenticated requests to the HF Hub. Please set a HF_TOKEN to enable higher rate limits and faster downloads.
[transformers] The fast path is not available because one of the required library is not installed. Falling back to torch implementation. To install follow https://github.com/fla-org/flash-linear-attention#installation and https://github.com/Dao-AILab/causal-conv1d

[1ALoading weights:   0%|          | 0/473 [00:00<?, ?it/s]
[1ALoading weights:   0%|          | 1/473 [00:00<01:29,  5.28it/s]
[1ALoading weights:  10%|▉         | 47/473 [00:00<00:02, 194.32it/s]
[1ALoading weights:  28%|██▊       | 132/473 [00:00<00:00, 430.01it/s]
[1ALoading weights:  43%|████▎     | 204/473 [00:00<00:00, 526.28it/s]
[1ALoading weights:  62%|██████▏   | 291/473 [00:00<00:00, 625.07it/s]
[1ALoading weights:  92%|█████████▏| 435/473 [00:00<00:00, 880.60it/s]
[1ALoading weights: 100%|██████████| 473/473 [00:00<00:00, 645.11it/s]
[plain] 25000/1000000 spans (worker 0:125000)
[plain] 50000/1000000 spans (worker 0:125000)
[plain] 150000/1000000 spans (worker 125000:250000)
[plain] 275000/1000000 spans (worker 250000:375000)
[plain] 75000/1000000 spans (worker 0:125000)
[plain] 175000/1000000 spans (worker 125000:250000)
[plain] 300000/1000000 spans (worker 250000:375000)
[plain] 100000/1000000 spans (worker 0:125000)
[plain] 400000/1000000 spans (worker 375000:500000)
[plain] 200000/1000000 spans (worker 125000:250000)
[plain] 325000/1000000 spans (worker 250000:375000)
[plain] 125000/1000000 spans (worker 0:125000)
plain shards 0:125000 of N1000000 done
[plain] 525000/1000000 spans (worker 500000:625000)
[plain] 425000/1000000 spans (worker 375000:500000)
[plain] 225000/1000000 spans (worker 125000:250000)
[plain] 350000/1000000 spans (worker 250000:375000)
[plain] 550000/1000000 spans (worker 500000:625000)
[plain] 450000/1000000 spans (worker 375000:500000)
[plain] 250000/1000000 spans (worker 125000:250000)
plain shards 125000:250000 of N1000000 done
[plain] 375000/1000000 spans (worker 250000:375000)
plain shards 250000:375000 of N1000000 done
[plain] 575000/1000000 spans (worker 500000:625000)
[plain] 475000/1000000 spans (worker 375000:500000)
[plain] 775000/1000000 spans (worker 750000:875000)
[plain] 600000/1000000 spans (worker 500000:625000)
[plain] 500000/1000000 spans (worker 375000:500000)
plain shards 375000:500000 of N1000000 done
[plain] 800000/1000000 spans (worker 750000:875000)
[plain] 900000/1000000 spans (worker 875000:1000000)
[plain] 650000/1000000 spans (worker 625000:750000)
[plain] 625000/1000000 spans (worker 500000:625000)
plain shards 500000:625000 of N1000000 done
[plain] 825000/1000000 spans (worker 750000:875000)
[plain] 925000/1000000 spans (worker 875000:1000000)
[plain] 675000/1000000 spans (worker 625000:750000)
[plain] 850000/1000000 spans (worker 750000:875000)
[plain] 950000/1000000 spans (worker 875000:1000000)
[plain] 700000/1000000 spans (worker 625000:750000)
[plain] 875000/1000000 spans (worker 750000:875000)
[plain] 975000/1000000 spans (worker 875000:1000000)
[plain] 725000/1000000 spans (worker 625000:750000)
[plain] 1000000/1000000 spans (worker 875000:1000000)
[plain] 750000/1000000 spans (worker 625000:750000)plain shards 625000:750000 of N1000000 done

plain shards 750000:875000 of N1000000 done
plain shards 875000:1000000 of N1000000 done
Warning: You are sending unauthenticated requests to the HF Hub. Please set a HF_TOKEN to enable higher rate limits and faster downloads.
[transformers] The fast path is not available because one of the required library is not installed. Falling back to torch implementation. To install follow https://github.com/fla-org/flash-linear-attention#installation and https://github.com/Dao-AILab/causal-conv1d

[1ALoading weights:   0%|          | 0/473 [00:00<?, ?it/s]
[1ALoading weights:   0%|          | 1/473 [00:00<01:27,  5.38it/s]
[1ALoading weights:   8%|▊         | 40/473 [00:00<00:02, 167.87it/s]
[1ALoading weights:  19%|█▉        | 90/473 [00:00<00:01, 283.65it/s]
[1ALoading weights:  31%|███▏      | 148/473 [00:00<00:00, 374.32it/s]
[1ALoading weights:  45%|████▍     | 212/473 [00:00<00:00, 448.60it/s]
[1ALoading weights:  58%|█████▊    | 275/473 [00:00<00:00, 496.00it/s]
[1ALoading weights:  81%|████████  | 383/473 [00:00<00:00, 654.21it/s]
[1ALoading weights: 100%|██████████| 473/473 [00:00<00:00, 530.48it/s]
saved /cache/canonical/qary_lsh_gl/plain_ctx128_N1000000_s30000_plain_tr.npz
/cache/canonical/qary_lsh_gl/plain_ctx128_N1000000_s30000_plain_tr.npz
✓ App completed. View run at 
https://modal.com/apps/tear-labs-43657/main/ap-FOdxyteV7YqqRBokaY8F79
