Note that running a local entrypoint in detached mode only keeps the last triggered Modal function alive after the parent process has been killed or disconnected.
✓ Initialized. View run at 
https://modal.com/apps/tear-labs-43657/main/ap-NYW2QDov8w2J8CPFyZai4S
✓ Created objects.
├── 🔨 Created mount 
│   /home/lev/code/CompressIt/FourierDataAnalysis/experiments/canonical/qary_lsh
│   _dataset_gl.py
├── 🔨 Created function wandb_ping.
├── 🔨 Created function gen_data.
├── 🔨 Created function search.
├── 🔨 Created function gl_tree.
├── 🔨 Created function make_data.
├── 🔨 Created function make_oracle_data.
├── 🔨 Created function sensitivity.
├── 🔨 Created function stream_top1.
├── 🔨 Created function relabel_hidden.
├── 🔨 Created function refit_top1.
├── 🔨 Created function stream_fit.
├── 🔨 Created function gl_tree_top1.
├── 🔨 Created function dl_fourier.
├── 🔨 Created function make_plain_data.
├── 🔨 Created function grad_sense.
├── 🔨 Created function deg2_fit.
├── 🔨 Created function gen_plain_data.
├── 🔨 Created function deg2_exact.
├── 🔨 Created function fit_staged.
├── 🔨 Created function oracle.
├── 🔨 Created function gl_tree_refit.
├── 🔨 Created function search_csamp.
├── 🔨 Created function spectrum_deg2.
├── 🔨 Created function fit_deg1.
├── 🔨 Created function fit_staged_real.
├── 🔨 Created function search_slots.
├── 🔨 Created function spectrum_deg1.
├── 🔨 Created function deg3_fit.
├── 🔨 Created function fit_sparse2.
└── 🔨 Created function fit_sparse3.
/cache/canonical/qary_lsh_gl/plain_ctx128_N10000_s0_plain_test.npz
[gen-plain] 8 workers x ~500000 spans
Warning: You are sending unauthenticated requests to the HF Hub. Please set a HF_TOKEN to enable higher rate limits and faster downloads.
[transformers] The fast path is not available because one of the required library is not installed. Falling back to torch implementation. To install follow https://github.com/fla-org/flash-linear-attention#installation and https://github.com/Dao-AILab/causal-conv1d

[1ALoading weights:   0%|          | 0/473 [00:00<?, ?it/s]
[1ALoading weights:   0%|          | 1/473 [00:00<01:23,  5.67it/s]
[1ALoading weights:   8%|▊         | 40/473 [00:00<00:02, 177.51it/s]
[1ALoading weights:  20%|██        | 95/473 [00:00<00:01, 322.31it/s]
[1ALoading weights:  32%|███▏      | 152/473 [00:00<00:00, 409.52it/s]
[1ALoading weights:  46%|████▌     | 216/473 [00:00<00:00, 486.70it/s]
[1ALoading weights:  62%|██████▏   | 292/473 [00:00<00:00, 564.90it/s]
[1ALoading weights:  88%|████████▊ | 418/473 [00:00<00:00, 781.49it/s]
[1ALoading weights: 100%|██████████| 473/473 [00:00<00:00, 576.43it/s]
Warning: You are sending unauthenticated requests to the HF Hub. Please set a HF_TOKEN to enable higher rate limits and faster downloads.
Warning: You are sending unauthenticated requests to the HF Hub. Please set a HF_TOKEN to enable higher rate limits and faster downloads.
[transformers] The fast path is not available because one of the required library is not installed. Falling back to torch implementation. To install follow https://github.com/fla-org/flash-linear-attention#installation and https://github.com/Dao-AILab/causal-conv1d

[1ALoading weights:   0%|          | 0/473 [00:00<?, ?it/s]Warning: You are sending unauthenticated requests to the HF Hub. Please set a HF_TOKEN to enable higher rate limits and faster downloads.
[transformers] The fast path is not available because one of the required library is not installed. Falling back to torch implementation. To install follow https://github.com/fla-org/flash-linear-attention#installation and https://github.com/Dao-AILab/causal-conv1d

[1ALoading weights:   0%|          | 1/473 [00:00<03:34,  2.20it/s]
[1ALoading weights:  10%|▉         | 45/473 [00:00<00:04, 106.53it/s]
[1ALoading weights:  25%|██▌       | 120/473 [00:00<00:01, 266.05it/s]
[1ALoading weights:  42%|████▏     | 197/473 [00:00<00:00, 397.78it/s]
[1ALoading weights:   0%|          | 0/473 [00:00<?, ?it/s]
[1ALoading weights:  60%|██████    | 286/473 [00:00<00:00, 529.96it/s]
[1ALoading weights:  87%|████████▋ | 411/473 [00:00<00:00, 730.01it/s]
[1ALoading weights: 100%|██████████| 473/473 [00:00<00:00, 473.58it/s]

[1ALoading weights:   0%|          | 1/473 [00:00<01:15,  6.23it/s]
[1ALoading weights:   9%|▉         | 44/473 [00:00<00:02, 189.24it/s]
[1ALoading weights:  23%|██▎       | 107/473 [00:00<00:01, 355.93it/s]
[1ALoading weights:  36%|███▋      | 172/473 [00:00<00:00, 451.17it/s]
[1ALoading weights:  50%|█████     | 238/473 [00:00<00:00, 511.73it/s]
[1ALoading weights:  69%|██████▉   | 328/473 [00:00<00:00, 628.07it/s]
[1ALoading weights: 100%|█████████▉| 472/473 [00:00<00:00, 876.69it/s]
[1ALoading weights: 100%|██████████| 473/473 [00:00<00:00, 594.72it/s]
[transformers] The fast path is not available because one of the required library is not installed. Falling back to torch implementation. To install follow https://github.com/fla-org/flash-linear-attention#installation and https://github.com/Dao-AILab/causal-conv1d

[1ALoading weights:   0%|          | 0/473 [00:00<?, ?it/s]
[1ALoading weights:   0%|          | 1/473 [00:00<01:14,  6.30it/s]
[1ALoading weights:  10%|▉         | 46/473 [00:00<00:01, 213.67it/s]
[1ALoading weights:  22%|██▏       | 104/473 [00:00<00:01, 359.58it/s]
[1ALoading weights:  36%|███▋      | 172/473 [00:00<00:00, 473.00it/s]
[1ALoading weights:  51%|█████     | 240/473 [00:00<00:00, 541.68it/s]
[1ALoading weights:  68%|██████▊   | 323/473 [00:00<00:00, 625.42it/s]
[1ALoading weights:  99%|█████████▉| 468/473 [00:00<00:00, 880.86it/s]
[1ALoading weights: 100%|██████████| 473/473 [00:00<00:00, 611.98it/s]
Warning: You are sending unauthenticated requests to the HF Hub. Please set a HF_TOKEN to enable higher rate limits and faster downloads.
Warning: You are sending unauthenticated requests to the HF Hub. Please set a HF_TOKEN to enable higher rate limits and faster downloads.
[transformers] The fast path is not available because one of the required library is not installed. Falling back to torch implementation. To install follow https://github.com/fla-org/flash-linear-attention#installation and https://github.com/Dao-AILab/causal-conv1d

[1ALoading weights:   0%|          | 0/473 [00:00<?, ?it/s]
[1ALoading weights:   0%|          | 1/473 [00:00<02:10,  3.61it/s]
[1ALoading weights:   9%|▉         | 44/473 [00:00<00:03, 139.21it/s]
[1ALoading weights:  25%|██▍       | 118/473 [00:00<00:01, 320.44it/s]
[1ALoading weights:  39%|███▉      | 184/473 [00:00<00:00, 420.38it/s]
[1ALoading weights:  56%|█████▌    | 263/473 [00:00<00:00, 531.15it/s]Warning: You are sending unauthenticated requests to the HF Hub. Please set a HF_TOKEN to enable higher rate limits and faster downloads.

[1ALoading weights:  75%|███████▍  | 354/473 [00:00<00:00, 632.53it/s]
[1ALoading weights: 100%|██████████| 473/473 [00:00<00:00, 526.32it/s]
Warning: You are sending unauthenticated requests to the HF Hub. Please set a HF_TOKEN to enable higher rate limits and faster downloads.
[transformers] The fast path is not available because one of the required library is not installed. Falling back to torch implementation. To install follow https://github.com/fla-org/flash-linear-attention#installation and https://github.com/Dao-AILab/causal-conv1d
[transformers] The fast path is not available because one of the required library is not installed. Falling back to torch implementation. To install follow https://github.com/fla-org/flash-linear-attention#installation and https://github.com/Dao-AILab/causal-conv1d
[transformers] The fast path is not available because one of the required library is not installed. Falling back to torch implementation. To install follow https://github.com/fla-org/flash-linear-attention#installation and https://github.com/Dao-AILab/causal-conv1d

[1ALoading weights:   0%|          | 0/473 [00:00<?, ?it/s]
[1ALoading weights:   8%|▊         | 40/473 [00:00<00:01, 375.92it/s]
[1ALoading weights:   0%|          | 0/473 [00:00<?, ?it/s]
[1ALoading weights:   0%|          | 1/473 [00:00<00:51,  9.19it/s]
[1ALoading weights:  19%|█▉        | 92/473 [00:00<00:01, 325.50it/s]
[1ALoading weights:   0%|          | 0/473 [00:00<?, ?it/s]
[1ALoading weights:   9%|▉         | 44/473 [00:00<00:01, 244.45it/s]
[1ALoading weights:  33%|███▎      | 158/473 [00:00<00:00, 439.83it/s]
[1ALoading weights:   3%|▎         | 12/473 [00:00<00:04, 110.28it/s]
[1ALoading weights:  21%|██        | 99/473 [00:00<00:00, 378.07it/s]
[1ALoading weights:  49%|████▉     | 234/473 [00:00<00:00, 545.40it/s]
[1ALoading weights:  11%|█▏        | 54/473 [00:00<00:01, 285.97it/s]
[1ALoading weights:  35%|███▍      | 164/473 [00:00<00:00, 482.70it/s]
[1ALoading weights:  68%|██████▊   | 323/473 [00:00<00:00, 644.44it/s]
[1ALoading weights:  24%|██▎       | 112/473 [00:00<00:00, 413.01it/s]
[1ALoading weights:  48%|████▊     | 225/473 [00:00<00:00, 527.77it/s]
[1ALoading weights: 100%|██████████| 473/473 [00:00<00:00, 685.58it/s]

[1ALoading weights:  65%|██████▍   | 307/473 [00:00<00:00, 623.61it/s]
[1ALoading weights:  36%|███▌      | 171/473 [00:00<00:00, 479.81it/s]
[1ALoading weights:  92%|█████████▏| 437/473 [00:00<00:00, 842.32it/s]
[1ALoading weights:  50%|█████     | 238/473 [00:00<00:00, 545.70it/s]
[1ALoading weights: 100%|██████████| 473/473 [00:00<00:00, 638.61it/s]

[1ALoading weights:  71%|███████   | 335/473 [00:00<00:00, 683.77it/s]
[1ALoading weights: 100%|██████████| 473/473 [00:00<00:00, 668.68it/s]
'The read operation timed out' thrown while requesting GET https://huggingface.co/datasets/HuggingFaceFW/fineweb-edu/resolve/87f09149ef4734204d70ed1d046ddc9ca3f2b8f9/data/CC-MAIN-2024-10/000_00000.parquet
Retrying in 1s [Retry 1/5].
'The read operation timed out' thrown while requesting GET https://huggingface.co/datasets/HuggingFaceFW/fineweb-edu/resolve/87f09149ef4734204d70ed1d046ddc9ca3f2b8f9/data/CC-MAIN-2024-10/000_00000.parquet
Retrying in 1s [Retry 1/5].
[plain] 25000/4000000 spans (worker 0:500000)
[plain] 50000/4000000 spans (worker 0:500000)
[plain] 75000/4000000 spans (worker 0:500000)
[plain] 100000/4000000 spans (worker 0:500000)
[plain] 525000/4000000 spans (worker 500000:1000000)
[plain] 125000/4000000 spans (worker 0:500000)
[plain] 550000/4000000 spans (worker 500000:1000000)
[plain] 150000/4000000 spans (worker 0:500000)
[plain] 575000/4000000 spans (worker 500000:1000000)
[plain] 175000/4000000 spans (worker 0:500000)
[plain] 600000/4000000 spans (worker 500000:1000000)
[plain] 200000/4000000 spans (worker 0:500000)
[plain] 625000/4000000 spans (worker 500000:1000000)
[plain] 225000/4000000 spans (worker 0:500000)
[plain] 1025000/4000000 spans (worker 1000000:1500000)
[plain] 650000/4000000 spans (worker 500000:1000000)
[plain] 250000/4000000 spans (worker 0:500000)
[plain] 1050000/4000000 spans (worker 1000000:1500000)
[plain] 675000/4000000 spans (worker 500000:1000000)
[plain] 275000/4000000 spans (worker 0:500000)
[plain] 1075000/4000000 spans (worker 1000000:1500000)
[plain] 700000/4000000 spans (worker 500000:1000000)
[plain] 300000/4000000 spans (worker 0:500000)
[plain] 1100000/4000000 spans (worker 1000000:1500000)
[plain] 725000/4000000 spans (worker 500000:1000000)
[plain] 325000/4000000 spans (worker 0:500000)
[plain] 1125000/4000000 spans (worker 1000000:1500000)
[plain] 750000/4000000 spans (worker 500000:1000000)
[plain] 350000/4000000 spans (worker 0:500000)
[plain] 1525000/4000000 spans (worker 1500000:2000000)
[plain] 1150000/4000000 spans (worker 1000000:1500000)
[plain] 775000/4000000 spans (worker 500000:1000000)
[plain] 375000/4000000 spans (worker 0:500000)
[plain] 1550000/4000000 spans (worker 1500000:2000000)
[plain] 1175000/4000000 spans (worker 1000000:1500000)
[plain] 800000/4000000 spans (worker 500000:1000000)
[plain] 400000/4000000 spans (worker 0:500000)
[plain] 1575000/4000000 spans (worker 1500000:2000000)
[plain] 1200000/4000000 spans (worker 1000000:1500000)
[plain] 825000/4000000 spans (worker 500000:1000000)
[plain] 425000/4000000 spans (worker 0:500000)
[plain] 1600000/4000000 spans (worker 1500000:2000000)
[plain] 1225000/4000000 spans (worker 1000000:1500000)
[plain] 850000/4000000 spans (worker 500000:1000000)
[plain] 450000/4000000 spans (worker 0:500000)
[plain] 1625000/4000000 spans (worker 1500000:2000000)
[plain] 1250000/4000000 spans (worker 1000000:1500000)
[plain] 875000/4000000 spans (worker 500000:1000000)
[plain] 2025000/4000000 spans (worker 2000000:2500000)
[plain] 475000/4000000 spans (worker 0:500000)
[plain] 1650000/4000000 spans (worker 1500000:2000000)
[plain] 900000/4000000 spans (worker 500000:1000000)
[plain] 1275000/4000000 spans (worker 1000000:1500000)
[plain] 2050000/4000000 spans (worker 2000000:2500000)
[plain] 500000/4000000 spans (worker 0:500000)
plain shards 0:500000 of N4000000 done
[plain] 1675000/4000000 spans (worker 1500000:2000000)
[plain] 925000/4000000 spans (worker 500000:1000000)
[plain] 1300000/4000000 spans (worker 1000000:1500000)
[plain] 2075000/4000000 spans (worker 2000000:2500000)
[plain] 1700000/4000000 spans (worker 1500000:2000000)
[plain] 950000/4000000 spans (worker 500000:1000000)
[plain] 1325000/4000000 spans (worker 1000000:1500000)
[plain] 2100000/4000000 spans (worker 2000000:2500000)
[plain] 1725000/4000000 spans (worker 1500000:2000000)
[plain] 975000/4000000 spans (worker 500000:1000000)
[plain] 1350000/4000000 spans (worker 1000000:1500000)
[plain] 2125000/4000000 spans (worker 2000000:2500000)
[plain] 1750000/4000000 spans (worker 1500000:2000000)
[plain] 2525000/4000000 spans (worker 2500000:3000000)
[plain] 1000000/4000000 spans (worker 500000:1000000)
plain shards 500000:1000000 of N4000000 done
[plain] 1375000/4000000 spans (worker 1000000:1500000)
[plain] 2150000/4000000 spans (worker 2000000:2500000)
[plain] 1775000/4000000 spans (worker 1500000:2000000)
[plain] 2550000/4000000 spans (worker 2500000:3000000)
[plain] 1400000/4000000 spans (worker 1000000:1500000)
[plain] 2175000/4000000 spans (worker 2000000:2500000)
[plain] 1800000/4000000 spans (worker 1500000:2000000)
[plain] 2575000/4000000 spans (worker 2500000:3000000)
[plain] 1425000/4000000 spans (worker 1000000:1500000)
[plain] 2200000/4000000 spans (worker 2000000:2500000)
[plain] 1825000/4000000 spans (worker 1500000:2000000)
[plain] 2600000/4000000 spans (worker 2500000:3000000)
[plain] 1450000/4000000 spans (worker 1000000:1500000)
[plain] 2225000/4000000 spans (worker 2000000:2500000)
[plain] 1850000/4000000 spans (worker 1500000:2000000)
[plain] 3025000/4000000 spans (worker 3000000:3500000)
[plain] 2625000/4000000 spans (worker 2500000:3000000)
[plain] 1475000/4000000 spans (worker 1000000:1500000)
[plain] 2250000/4000000 spans (worker 2000000:2500000)
[plain] 1875000/4000000 spans (worker 1500000:2000000)
[plain] 3050000/4000000 spans (worker 3000000:3500000)
[plain] 2650000/4000000 spans (worker 2500000:3000000)
[plain] 1500000/4000000 spans (worker 1000000:1500000)
plain shards 1000000:1500000 of N4000000 done
[plain] 2275000/4000000 spans (worker 2000000:2500000)
[plain] 1900000/4000000 spans (worker 1500000:2000000)
[plain] 3075000/4000000 spans (worker 3000000:3500000)
[plain] 2675000/4000000 spans (worker 2500000:3000000)
[plain] 2300000/4000000 spans (worker 2000000:2500000)
[plain] 1925000/4000000 spans (worker 1500000:2000000)
[plain] 3100000/4000000 spans (worker 3000000:3500000)
[plain] 2700000/4000000 spans (worker 2500000:3000000)
[plain] 2325000/4000000 spans (worker 2000000:2500000)
[plain] 1950000/4000000 spans (worker 1500000:2000000)
[plain] 3125000/4000000 spans (worker 3000000:3500000)
[plain] 2725000/4000000 spans (worker 2500000:3000000)
[plain] 2350000/4000000 spans (worker 2000000:2500000)
[plain] 1975000/4000000 spans (worker 1500000:2000000)
[plain] 3525000/4000000 spans (worker 3500000:4000000)
[plain] 3150000/4000000 spans (worker 3000000:3500000)
[plain] 2750000/4000000 spans (worker 2500000:3000000)
[plain] 2375000/4000000 spans (worker 2000000:2500000)
[plain] 2000000/4000000 spans (worker 1500000:2000000)
plain shards 1500000:2000000 of N4000000 done
[plain] 3550000/4000000 spans (worker 3500000:4000000)
[plain] 3175000/4000000 spans (worker 3000000:3500000)
[plain] 2775000/4000000 spans (worker 2500000:3000000)
[plain] 2400000/4000000 spans (worker 2000000:2500000)
[plain] 3575000/4000000 spans (worker 3500000:4000000)
[plain] 3200000/4000000 spans (worker 3000000:3500000)
[plain] 2800000/4000000 spans (worker 2500000:3000000)
[plain] 2425000/4000000 spans (worker 2000000:2500000)
[plain] 3600000/4000000 spans (worker 3500000:4000000)
[plain] 3225000/4000000 spans (worker 3000000:3500000)
[plain] 2825000/4000000 spans (worker 2500000:3000000)
[plain] 2450000/4000000 spans (worker 2000000:2500000)
[plain] 3625000/4000000 spans (worker 3500000:4000000)
[plain] 3250000/4000000 spans (worker 3000000:3500000)
[plain] 2850000/4000000 spans (worker 2500000:3000000)
[plain] 2475000/4000000 spans (worker 2000000:2500000)
[plain] 3650000/4000000 spans (worker 3500000:4000000)
[plain] 3275000/4000000 spans (worker 3000000:3500000)
[plain] 2875000/4000000 spans (worker 2500000:3000000)
[plain] 2500000/4000000 spans (worker 2000000:2500000)
plain shards 2000000:2500000 of N4000000 done
[plain] 3675000/4000000 spans (worker 3500000:4000000)
[plain] 3300000/4000000 spans (worker 3000000:3500000)
[plain] 2900000/4000000 spans (worker 2500000:3000000)
[plain] 3700000/4000000 spans (worker 3500000:4000000)
[plain] 3325000/4000000 spans (worker 3000000:3500000)
[plain] 2925000/4000000 spans (worker 2500000:3000000)
[plain] 3725000/4000000 spans (worker 3500000:4000000)
[plain] 3350000/4000000 spans (worker 3000000:3500000)
[plain] 2950000/4000000 spans (worker 2500000:3000000)
[plain] 3750000/4000000 spans (worker 3500000:4000000)
[plain] 3375000/4000000 spans (worker 3000000:3500000)
[plain] 2975000/4000000 spans (worker 2500000:3000000)
[plain] 3775000/4000000 spans (worker 3500000:4000000)
[plain] 3400000/4000000 spans (worker 3000000:3500000)
[plain] 3000000/4000000 spans (worker 2500000:3000000)
plain shards 2500000:3000000 of N4000000 done
[plain] 3425000/4000000 spans (worker 3000000:3500000)
[plain] 3800000/4000000 spans (worker 3500000:4000000)
[plain] 3450000/4000000 spans (worker 3000000:3500000)
[plain] 3825000/4000000 spans (worker 3500000:4000000)
[plain] 3475000/4000000 spans (worker 3000000:3500000)
[plain] 3850000/4000000 spans (worker 3500000:4000000)
[plain] 3500000/4000000 spans (worker 3000000:3500000)
plain shards 3000000:3500000 of N4000000 done
[plain] 3875000/4000000 spans (worker 3500000:4000000)
[plain] 3900000/4000000 spans (worker 3500000:4000000)
[plain] 3925000/4000000 spans (worker 3500000:4000000)
[plain] 3950000/4000000 spans (worker 3500000:4000000)
[plain] 3975000/4000000 spans (worker 3500000:4000000)
[plain] 4000000/4000000 spans (worker 3500000:4000000)
plain shards 3500000:4000000 of N4000000 done
Warning: You are sending unauthenticated requests to the HF Hub. Please set a HF_TOKEN to enable higher rate limits and faster downloads.
[transformers] The fast path is not available because one of the required library is not installed. Falling back to torch implementation. To install follow https://github.com/fla-org/flash-linear-attention#installation and https://github.com/Dao-AILab/causal-conv1d

[1ALoading weights:   0%|          | 0/473 [00:00<?, ?it/s]
[1ALoading weights:  10%|▉         | 46/473 [00:00<00:01, 423.18it/s]
[1ALoading weights:  25%|██▌       | 120/473 [00:00<00:00, 588.97it/s]
[1ALoading weights:  41%|████      | 192/473 [00:00<00:00, 646.75it/s]
[1ALoading weights:  55%|█████▍    | 258/473 [00:00<00:00, 644.28it/s]
[1ALoading weights:  77%|███████▋  | 365/473 [00:00<00:00, 790.96it/s]
[1ALoading weights: 100%|██████████| 473/473 [00:00<00:00, 789.13it/s]
saved /cache/canonical/qary_lsh_gl/plain_ctx128_N4000000_s30000_plain_tr.npz
/cache/canonical/qary_lsh_gl/plain_ctx128_N4000000_s30000_plain_tr.npz
Runner terminated.
✓ App completed. View run at 
https://modal.com/apps/tear-labs-43657/main/ap-NYW2QDov8w2J8CPFyZai4S
